

Microchip Technology PIC18 LITE Macro Assembler V1.35 build -356382666 
                                                                                               Sat Nov 26 14:52:46 2016

Microchip Technology Omniscient Code Generator v1.35 (Free mode) build 201507080246
     1                           	processor	18F46K20
     2                           	fnconf	rparam,??,?,0
     3                           	opt	pw 120
     4                           	opt	lm
     5                           	psect	idataCOMRAM,global,class=CODE,delta=1
     6                           	psect	cinit,global,reloc=2,class=CODE,delta=1
     7                           	psect	bssCOMRAM,global,class=COMRAM,space=1,delta=1
     8                           	psect	dataCOMRAM,global,class=COMRAM,space=1,delta=1
     9                           	psect	cstackCOMRAM,global,class=COMRAM,space=1,delta=1
    10                           	psect	text0,global,reloc=2,class=CODE,delta=1
    11                           	psect	text1,global,reloc=2,class=CODE,delta=1
    12                           	psect	text2,global,reloc=2,class=CODE,delta=1
    13                           	psect	text3,global,reloc=2,class=CODE,delta=1
    14                           	psect	text4,global,reloc=2,class=CODE,delta=1
    15                           	psect	text5,global,reloc=2,class=CODE,delta=1
    16                           	psect	text6,global,reloc=2,class=CODE,delta=1
    17                           	psect	text7,global,reloc=2,class=CODE,delta=1
    18                           	psect	text8,global,reloc=2,class=CODE,delta=1
    19                           	psect	text9,global,reloc=2,class=CODE,delta=1
    20                           	psect	text10,global,reloc=2,class=CODE,delta=1
    21                           	psect	text11,global,reloc=2,class=CODE,delta=1
    22                           	psect	intsave_regs,global,class=BIGRAM,space=1,delta=1
    23                           	psect	rparam,global,class=COMRAM,space=1,delta=1
    24  0000                     
    25 ;; Function _dato_8 is unused but had its address taken
    26  0000                     
    27                           	psect	idataCOMRAM
    28  00FBC7                     __pidataCOMRAM:
    29                           	opt stack 0
    30                           
    31                           ;initializer for _a
    32  00FBC7  FF                 	db	255
    33  0000                     _ANSEL	set	3966
    34  0000                     _ANSELbits	set	3966
    35  0000                     _LATB	set	3978
    36  0000                     _LATD	set	3980
    37  0000                     _PORTB	set	3969
    38  0000                     _PORTD	set	3971
    39  0000                     _TRISA	set	3986
    40  0000                     _TRISAbits	set	3986
    41  0000                     _TRISB	set	3987
    42  0000                     _TRISD	set	3989
    43  0000                     _ADCON0bits	set	4034
    44  0000                     _ADCON1	set	4033
    45  0000                     _ADCON2bits	set	4032
    46  0000                     _ADRESH	set	4036
    47  0000                     _ADRESL	set	4035
    48  0000                     _PIR1bits	set	3998
    49  0000                     _T0CONbits	set	4053
    50  0000                     _TMR0H	set	4055
    51  0000                     _TMR0L	set	4054
    52  0000                     _INTCONbits	set	4082
    53                           
    54                           ; #config settings
    55  0000                     
    56                           	psect	cinit
    57  00FC3C                     __pcinit:
    58                           	opt stack 0
    59  00FC3C                     start_initialization:
    60                           	opt stack 0
    61  00FC3C                     __initialization:
    62                           	opt stack 0
    63                           
    64                           ; Clear objects allocated to COMRAM (3 bytes)
    65  00FC3C  6A0D               	clrf	(__pbssCOMRAM+2)& (0+255),c
    66  00FC3E  6A0C               	clrf	(__pbssCOMRAM+1)& (0+255),c
    67  00FC40  6A0B               	clrf	__pbssCOMRAM& (0+255),c
    68                           
    69                           ; Initialize objects allocated to COMRAM (1 bytes)
    70                           ; load TBLPTR registers with __pidataCOMRAM
    71  00FC42  0EC7               	movlw	low __pidataCOMRAM
    72  00FC44  6EF6               	movwf	tblptrl,c
    73  00FC46  0EFB               	movlw	high __pidataCOMRAM
    74  00FC48  6EF7               	movwf	tblptrh,c
    75  00FC4A  0E00               	movlw	low (__pidataCOMRAM shr (0+16))
    76  00FC4C  6EF8               	movwf	tblptru,c
    77  00FC4E  0009               	tblrd		*+	;fetch initializer
    78  00FC50  CFF5 F00E          	movff	tablat,__pdataCOMRAM
    79  00FC54                     end_of_initialization:
    80                           	opt stack 0
    81  00FC54                     __end_of__initialization:
    82                           	opt stack 0
    83  00FC54  0100               	movlb	0
    84  00FC56  EF64  F07E         	goto	_main	;jump to C main() function
    85                           tblptru	equ	0xFF8
    86                           tblptrh	equ	0xFF7
    87                           tblptrl	equ	0xFF6
    88                           tablat	equ	0xFF5
    89                           
    90                           	psect	bssCOMRAM
    91  00000B                     __pbssCOMRAM:
    92                           	opt stack 0
    93  00000B                     _d:
    94                           	opt stack 0
    95  00000B                     	ds	1
    96  00000C                     _m:
    97                           	opt stack 0
    98  00000C                     	ds	1
    99  00000D                     _ope:
   100                           	opt stack 0
   101  00000D                     	ds	1
   102                           tblptru	equ	0xFF8
   103                           tblptrh	equ	0xFF7
   104                           tblptrl	equ	0xFF6
   105                           tablat	equ	0xFF5
   106                           
   107                           	psect	dataCOMRAM
   108  00000E                     __pdataCOMRAM:
   109                           	opt stack 0
   110  00000E                     _a:
   111                           	opt stack 0
   112  00000E                     	ds	1
   113                           tblptru	equ	0xFF8
   114                           tblptrh	equ	0xFF7
   115                           tblptrl	equ	0xFF6
   116                           tablat	equ	0xFF5
   117                           
   118                           	psect	cstackCOMRAM
   119  000001                     __pcstackCOMRAM:
   120                           	opt stack 0
   121  000001                     timer_0_set@high:
   122                           	opt stack 0
   123  000001                     port@c:
   124                           	opt stack 0
   125  000001                     set_adc@x:
   126                           	opt stack 0
   127                           
   128                           ; 1 bytes @ 0x0
   129  000001                     	ds	1
   130  000002                     timer_0_set@low:
   131                           	opt stack 0
   132                           
   133                           ; 1 bytes @ 0x1
   134  000002                     	ds	1
   135  000003                     ?_flag_timer_0:
   136                           	opt stack 0
   137                           
   138                           ; 2 bytes @ 0x2
   139  000003                     	ds	2
   140  000005                     
   141                           ; 2 bytes @ 0x4
   142  000005                     	ds	2
   143  000007                     
   144                           ; 3 bytes @ 0x6
   145  000007                     	ds	3
   146  00000A                     main@contador:
   147                           	opt stack 0
   148                           
   149                           ; 1 bytes @ 0x9
   150  00000A                     	ds	1
   151                           tblptru	equ	0xFF8
   152                           tblptrh	equ	0xFF7
   153                           tblptrl	equ	0xFF6
   154                           tablat	equ	0xFF5
   155                           
   156 ;;
   157 ;;Main: autosize = 0, tempsize = 0, incstack = 0, save=0
   158 ;;
   159 ;; *************** function _main *****************
   160 ;; Defined at:
   161 ;;		line 35 in file "main.c"
   162 ;; Parameters:    Size  Location     Type
   163 ;;  argc            2    4[COMRAM] int 
   164 ;;  argv            3    6[COMRAM] PTR PTR unsigned char 
   165 ;; Auto vars:     Size  Location     Type
   166 ;;  contador        1    9[COMRAM] unsigned char 
   167 ;; Return value:  Size  Location     Type
   168 ;;                  2    4[COMRAM] int 
   169 ;; Registers used:
   170 ;;		wreg, status,2, status,0, cstack
   171 ;; Tracked objects:
   172 ;;		On entry : 0/0
   173 ;;		On exit  : 0/0
   174 ;;		Unchanged: 0/0
   175 ;; Data sizes:     COMRAM   BANK0   BANK1   BANK2   BANK3   BANK4   BANK5   BANK6   BANK7   BANK8   BANK9  BANK10  BANK1
      +1  BANK12  BANK13  BANK14  BANK15
   176 ;;      Params:         5       0       0       0       0       0       0       0       0       0       0       0       
      +0       0       0       0       0
   177 ;;      Locals:         1       0       0       0       0       0       0       0       0       0       0       0       
      +0       0       0       0       0
   178 ;;      Temps:          0       0       0       0       0       0       0       0       0       0       0       0       
      +0       0       0       0       0
   179 ;;      Totals:         6       0       0       0       0       0       0       0       0       0       0       0       
      +0       0       0       0       0
   180 ;;Total ram usage:        6 bytes
   181 ;; Hardware stack levels required when called:    2
   182 ;; This function calls:
   183 ;;		_final_convercion
   184 ;;		_flag_timer_0
   185 ;;		_port
   186 ;;		_set_ph
   187 ;;		_star_convercion
   188 ;; This function is called by:
   189 ;;		Startup code after reset
   190 ;; This function uses a non-reentrant model
   191 ;;
   192                           
   193                           	psect	text0
   194  00FCC8                     __ptext0:
   195                           	opt stack 0
   196  00FCC8                     _main:
   197                           	opt stack 29
   198                           
   199                           ;main.c: 36: set_ph();
   200                           
   201                           ;incstack = 0
   202  00FCC8  EC2D  F07E         	call	_set_ph	;wreg free
   203                           
   204                           ;main.c: 37: unsigned char contador=0;
   205  00FCCC  0E00               	movlw	0
   206  00FCCE  6E0A               	movwf	main@contador,c
   207  00FCD0                     l866:
   208                           
   209                           ;main.c: 40: if (flag_timer_0()){
   210  00FCD0  EC50  F07E         	call	_flag_timer_0	;wreg free
   211  00FCD4  5003               	movf	?_flag_timer_0,w,c
   212  00FCD6  1004               	iorwf	?_flag_timer_0+1,w,c
   213  00FCD8  B4D8               	btfsc	status,2,c
   214  00FCDA  D009               	goto	l37
   215                           
   216                           ;main.c: 41: contador++;
   217  00FCDC  2A0A               	incf	main@contador,f,c
   218                           
   219                           ;main.c: 42: if(contador==25){
   220  00FCDE  0E19               	movlw	25
   221  00FCE0  180A               	xorwf	main@contador,w,c
   222  00FCE2  A4D8               	btfss	status,2,c
   223  00FCE4  D004               	goto	l37
   224                           
   225                           ;main.c: 43: contador=0;
   226  00FCE6  0E00               	movlw	0
   227  00FCE8  6E0A               	movwf	main@contador,c
   228                           
   229                           ;main.c: 44: star_convercion();
   230  00FCEA  ECE6  F07D         	call	_star_convercion	;wreg free
   231  00FCEE                     l37:
   232                           
   233                           ;main.c: 45: }
   234                           ;main.c: 46: }
   235                           ;main.c: 47: if(final_convercion())
   236  00FCEE  ECEE  F07D         	call	_final_convercion	;wreg free
   237  00FCF2  0900               	iorlw	0
   238  00FCF4  B4D8               	btfsc	status,2,c
   239  00FCF6  D7EC               	goto	l866
   240                           
   241                           ;main.c: 48: port(dato_8);
   242  00FCF8  0E00               	movlw	0
   243  00FCFA  EC04  F07E         	call	_port
   244  00FCFE  D7E8               	goto	l866
   245  00FD00                     __end_of_main:
   246                           	opt stack 0
   247                           tblptru	equ	0xFF8
   248                           tblptrh	equ	0xFF7
   249                           tblptrl	equ	0xFF6
   250                           tablat	equ	0xFF5
   251                           status	equ	0xFD8
   252                           
   253 ;; *************** function _star_convercion *****************
   254 ;; Defined at:
   255 ;;		line 27 in file "adc.c"
   256 ;; Parameters:    Size  Location     Type
   257 ;;		None
   258 ;; Auto vars:     Size  Location     Type
   259 ;;		None
   260 ;; Return value:  Size  Location     Type
   261 ;;		None               void
   262 ;; Registers used:
   263 ;;		None
   264 ;; Tracked objects:
   265 ;;		On entry : 0/0
   266 ;;		On exit  : 0/0
   267 ;;		Unchanged: 0/0
   268 ;; Data sizes:     COMRAM   BANK0   BANK1   BANK2   BANK3   BANK4   BANK5   BANK6   BANK7   BANK8   BANK9  BANK10  BANK1
      +1  BANK12  BANK13  BANK14  BANK15
   269 ;;      Params:         0       0       0       0       0       0       0       0       0       0       0       0       
      +0       0       0       0       0
   270 ;;      Locals:         0       0       0       0       0       0       0       0       0       0       0       0       
      +0       0       0       0       0
   271 ;;      Temps:          0       0       0       0       0       0       0       0       0       0       0       0       
      +0       0       0       0       0
   272 ;;      Totals:         0       0       0       0       0       0       0       0       0       0       0       0       
      +0       0       0       0       0
   273 ;;Total ram usage:        0 bytes
   274 ;; Hardware stack levels used:    1
   275 ;; This function calls:
   276 ;;		Nothing
   277 ;; This function is called by:
   278 ;;		_main
   279 ;; This function uses a non-reentrant model
   280 ;;
   281                           
   282                           	psect	text1
   283  00FBCC                     __ptext1:
   284                           	opt stack 0
   285  00FBCC                     _star_convercion:
   286                           	opt stack 30
   287                           
   288                           ;adc.c: 28: ADCON0bits.GO=1;
   289                           
   290                           ;incstack = 0
   291  00FBCC  82C2               	bsf	4034,1,c	;volatile
   292  00FBCE  0012               	return		;funcret
   293  00FBD0                     __end_of_star_convercion:
   294                           	opt stack 0
   295                           tblptru	equ	0xFF8
   296                           tblptrh	equ	0xFF7
   297                           tblptrl	equ	0xFF6
   298                           tablat	equ	0xFF5
   299                           status	equ	0xFD8
   300                           
   301 ;; *************** function _set_ph *****************
   302 ;; Defined at:
   303 ;;		line 24 in file "main.c"
   304 ;; Parameters:    Size  Location     Type
   305 ;;		None
   306 ;; Auto vars:     Size  Location     Type
   307 ;;		None
   308 ;; Return value:  Size  Location     Type
   309 ;;		None               void
   310 ;; Registers used:
   311 ;;		wreg, status,2, cstack
   312 ;; Tracked objects:
   313 ;;		On entry : 0/0
   314 ;;		On exit  : 0/0
   315 ;;		Unchanged: 0/0
   316 ;; Data sizes:     COMRAM   BANK0   BANK1   BANK2   BANK3   BANK4   BANK5   BANK6   BANK7   BANK8   BANK9  BANK10  BANK1
      +1  BANK12  BANK13  BANK14  BANK15
   317 ;;      Params:         0       0       0       0       0       0       0       0       0       0       0       0       
      +0       0       0       0       0
   318 ;;      Locals:         0       0       0       0       0       0       0       0       0       0       0       0       
      +0       0       0       0       0
   319 ;;      Temps:          0       0       0       0       0       0       0       0       0       0       0       0       
      +0       0       0       0       0
   320 ;;      Totals:         0       0       0       0       0       0       0       0       0       0       0       0       
      +0       0       0       0       0
   321 ;;Total ram usage:        0 bytes
   322 ;; Hardware stack levels used:    1
   323 ;; Hardware stack levels required when called:    1
   324 ;; This function calls:
   325 ;;		_conf_adc
   326 ;;		_set_adc
   327 ;;		_set_leds
   328 ;;		_timer_0_conf
   329 ;;		_timer_0_set
   330 ;;		_timer_0_star
   331 ;; This function is called by:
   332 ;;		_main
   333 ;; This function uses a non-reentrant model
   334 ;;
   335                           
   336                           	psect	text2
   337  00FC5A                     __ptext2:
   338                           	opt stack 0
   339  00FC5A                     _set_ph:
   340                           	opt stack 29
   341                           
   342                           ;main.c: 26: set_leds();
   343                           
   344                           ;incstack = 0
   345  00FC5A  EC10  F07E         	call	_set_leds	;wreg free
   346                           
   347                           ;main.c: 27: timer_0_conf();
   348  00FC5E  ECFC  F07D         	call	_timer_0_conf	;wreg free
   349                           
   350                           ;main.c: 28: timer_0_set(0x19,0xD3);
   351  00FC62  0ED3               	movlw	211
   352  00FC64  6E01               	movwf	timer_0_set@high,c
   353  00FC66  0E19               	movlw	25
   354  00FC68  ECE8  F07D         	call	_timer_0_set
   355                           
   356                           ;main.c: 29: timer_0_star();
   357  00FC6C  ECE4  F07D         	call	_timer_0_star	;wreg free
   358                           
   359                           ;main.c: 30: conf_adc();
   360  00FC70  EC3E  F07E         	call	_conf_adc	;wreg free
   361                           
   362                           ;main.c: 31: set_adc(1);
   363  00FC74  0E01               	movlw	1
   364  00FC76  ECF5  F07D         	call	_set_adc
   365  00FC7A  0012               	return		;funcret
   366  00FC7C                     __end_of_set_ph:
   367                           	opt stack 0
   368                           tblptru	equ	0xFF8
   369                           tblptrh	equ	0xFF7
   370                           tblptrl	equ	0xFF6
   371                           tablat	equ	0xFF5
   372                           status	equ	0xFD8
   373                           
   374 ;; *************** function _timer_0_conf *****************
   375 ;; Defined at:
   376 ;;		line 5 in file "timer.c"
   377 ;; Parameters:    Size  Location     Type
   378 ;;		None
   379 ;; Auto vars:     Size  Location     Type
   380 ;;		None
   381 ;; Return value:  Size  Location     Type
   382 ;;		None               void
   383 ;; Registers used:
   384 ;;		wreg, status,2
   385 ;; Tracked objects:
   386 ;;		On entry : 0/0
   387 ;;		On exit  : 0/0
   388 ;;		Unchanged: 0/0
   389 ;; Data sizes:     COMRAM   BANK0   BANK1   BANK2   BANK3   BANK4   BANK5   BANK6   BANK7   BANK8   BANK9  BANK10  BANK1
      +1  BANK12  BANK13  BANK14  BANK15
   390 ;;      Params:         0       0       0       0       0       0       0       0       0       0       0       0       
      +0       0       0       0       0
   391 ;;      Locals:         0       0       0       0       0       0       0       0       0       0       0       0       
      +0       0       0       0       0
   392 ;;      Temps:          0       0       0       0       0       0       0       0       0       0       0       0       
      +0       0       0       0       0
   393 ;;      Totals:         0       0       0       0       0       0       0       0       0       0       0       0       
      +0       0       0       0       0
   394 ;;Total ram usage:        0 bytes
   395 ;; Hardware stack levels used:    1
   396 ;; This function calls:
   397 ;;		Nothing
   398 ;; This function is called by:
   399 ;;		_set_ph
   400 ;; This function uses a non-reentrant model
   401 ;;
   402                           
   403                           	psect	text3
   404  00FBF8                     __ptext3:
   405                           	opt stack 0
   406  00FBF8                     _timer_0_conf:
   407                           	opt stack 29
   408                           
   409                           ;timer.c: 6: T0CONbits.T0PS=101;
   410                           
   411                           ;incstack = 0
   412  00FBF8  50D5               	movf	4053,w,c	;volatile
   413  00FBFA  0BF8               	andlw	-8
   414  00FBFC  0905               	iorlw	5
   415  00FBFE  6ED5               	movwf	4053,c	;volatile
   416                           
   417                           ;timer.c: 7: T0CONbits.T08BIT=0;
   418  00FC00  9CD5               	bcf	4053,6,c	;volatile
   419                           
   420                           ;timer.c: 8: T0CONbits.PSA=0;
   421  00FC02  96D5               	bcf	4053,3,c	;volatile
   422                           
   423                           ;timer.c: 9: T0CONbits.T0CS=0;
   424  00FC04  9AD5               	bcf	4053,5,c	;volatile
   425  00FC06  0012               	return		;funcret
   426  00FC08                     __end_of_timer_0_conf:
   427                           	opt stack 0
   428                           tblptru	equ	0xFF8
   429                           tblptrh	equ	0xFF7
   430                           tblptrl	equ	0xFF6
   431                           tablat	equ	0xFF5
   432                           status	equ	0xFD8
   433                           
   434 ;; *************** function _set_leds *****************
   435 ;; Defined at:
   436 ;;		line 4 in file "hw.c"
   437 ;; Parameters:    Size  Location     Type
   438 ;;		None
   439 ;; Auto vars:     Size  Location     Type
   440 ;;		None
   441 ;; Return value:  Size  Location     Type
   442 ;;		None               void
   443 ;; Registers used:
   444 ;;		wreg, status,2
   445 ;; Tracked objects:
   446 ;;		On entry : 0/0
   447 ;;		On exit  : 0/0
   448 ;;		Unchanged: 0/0
   449 ;; Data sizes:     COMRAM   BANK0   BANK1   BANK2   BANK3   BANK4   BANK5   BANK6   BANK7   BANK8   BANK9  BANK10  BANK1
      +1  BANK12  BANK13  BANK14  BANK15
   450 ;;      Params:         0       0       0       0       0       0       0       0       0       0       0       0       
      +0       0       0       0       0
   451 ;;      Locals:         0       0       0       0       0       0       0       0       0       0       0       0       
      +0       0       0       0       0
   452 ;;      Temps:          0       0       0       0       0       0       0       0       0       0       0       0       
      +0       0       0       0       0
   453 ;;      Totals:         0       0       0       0       0       0       0       0       0       0       0       0       
      +0       0       0       0       0
   454 ;;Total ram usage:        0 bytes
   455 ;; Hardware stack levels used:    1
   456 ;; This function calls:
   457 ;;		Nothing
   458 ;; This function is called by:
   459 ;;		_set_ph
   460 ;; This function uses a non-reentrant model
   461 ;;
   462                           
   463                           	psect	text4
   464  00FC20                     __ptext4:
   465                           	opt stack 0
   466  00FC20                     _set_leds:
   467                           	opt stack 29
   468                           
   469                           ;hw.c: 5: PORTD=0;
   470                           
   471                           ;incstack = 0
   472  00FC20  0E00               	movlw	0
   473  00FC22  6E83               	movwf	3971,c	;volatile
   474                           
   475                           ;hw.c: 6: LATD=0;
   476  00FC24  0E00               	movlw	0
   477  00FC26  6E8C               	movwf	3980,c	;volatile
   478                           
   479                           ;hw.c: 7: PORTB=0;
   480  00FC28  0E00               	movlw	0
   481  00FC2A  6E81               	movwf	3969,c	;volatile
   482                           
   483                           ;hw.c: 8: TRISB=0;
   484  00FC2C  0E00               	movlw	0
   485  00FC2E  6E93               	movwf	3987,c	;volatile
   486                           
   487                           ;hw.c: 9: TRISD=0xF0;
   488  00FC30  0EF0               	movlw	240
   489  00FC32  6E95               	movwf	3989,c	;volatile
   490                           
   491                           ;hw.c: 10: ANSEL=0XE0;
   492  00FC34  0EE0               	movlw	224
   493  00FC36  6E7E               	movwf	3966,c	;volatile
   494                           
   495                           ;hw.c: 11: TRISA=0XFF;
   496  00FC38  6892               	setf	3986,c	;volatile
   497  00FC3A  0012               	return		;funcret
   498  00FC3C                     __end_of_set_leds:
   499                           	opt stack 0
   500                           tblptru	equ	0xFF8
   501                           tblptrh	equ	0xFF7
   502                           tblptrl	equ	0xFF6
   503                           tablat	equ	0xFF5
   504                           status	equ	0xFD8
   505                           
   506 ;; *************** function _set_adc *****************
   507 ;; Defined at:
   508 ;;		line 23 in file "adc.c"
   509 ;; Parameters:    Size  Location     Type
   510 ;;  x               1    wreg     unsigned char 
   511 ;; Auto vars:     Size  Location     Type
   512 ;;  x               1    0[COMRAM] unsigned char 
   513 ;; Return value:  Size  Location     Type
   514 ;;		None               void
   515 ;; Registers used:
   516 ;;		wreg
   517 ;; Tracked objects:
   518 ;;		On entry : 0/0
   519 ;;		On exit  : 0/0
   520 ;;		Unchanged: 0/0
   521 ;; Data sizes:     COMRAM   BANK0   BANK1   BANK2   BANK3   BANK4   BANK5   BANK6   BANK7   BANK8   BANK9  BANK10  BANK1
      +1  BANK12  BANK13  BANK14  BANK15
   522 ;;      Params:         0       0       0       0       0       0       0       0       0       0       0       0       
      +0       0       0       0       0
   523 ;;      Locals:         1       0       0       0       0       0       0       0       0       0       0       0       
      +0       0       0       0       0
   524 ;;      Temps:          0       0       0       0       0       0       0       0       0       0       0       0       
      +0       0       0       0       0
   525 ;;      Totals:         1       0       0       0       0       0       0       0       0       0       0       0       
      +0       0       0       0       0
   526 ;;Total ram usage:        1 bytes
   527 ;; Hardware stack levels used:    1
   528 ;; This function calls:
   529 ;;		Nothing
   530 ;; This function is called by:
   531 ;;		_set_ph
   532 ;; This function uses a non-reentrant model
   533 ;;
   534                           
   535                           	psect	text5
   536  00FBEA                     __ptext5:
   537                           	opt stack 0
   538  00FBEA                     _set_adc:
   539                           	opt stack 29
   540                           
   541                           ;incstack = 0
   542                           ;set_adc@x stored from wreg
   543  00FBEA  6E01               	movwf	set_adc@x,c
   544                           
   545                           ;adc.c: 24: ADCON0bits.ADON=x;
   546  00FBEC  B001               	btfsc	set_adc@x,0,c
   547  00FBEE  D002               	bra	u15
   548  00FBF0  90C2               	bcf	4034,0,c	;volatile
   549  00FBF2  D001               	bra	u16
   550  00FBF4                     u15:
   551  00FBF4  80C2               	bsf	4034,0,c	;volatile
   552  00FBF6                     u16:
   553  00FBF6  0012               	return		;funcret
   554  00FBF8                     __end_of_set_adc:
   555                           	opt stack 0
   556                           tblptru	equ	0xFF8
   557                           tblptrh	equ	0xFF7
   558                           tblptrl	equ	0xFF6
   559                           tablat	equ	0xFF5
   560                           status	equ	0xFD8
   561                           
   562 ;; *************** function _conf_adc *****************
   563 ;; Defined at:
   564 ;;		line 12 in file "adc.c"
   565 ;; Parameters:    Size  Location     Type
   566 ;;		None
   567 ;; Auto vars:     Size  Location     Type
   568 ;;		None
   569 ;; Return value:  Size  Location     Type
   570 ;;		None               void
   571 ;; Registers used:
   572 ;;		wreg, status,2
   573 ;; Tracked objects:
   574 ;;		On entry : 0/0
   575 ;;		On exit  : 0/0
   576 ;;		Unchanged: 0/0
   577 ;; Data sizes:     COMRAM   BANK0   BANK1   BANK2   BANK3   BANK4   BANK5   BANK6   BANK7   BANK8   BANK9  BANK10  BANK1
      +1  BANK12  BANK13  BANK14  BANK15
   578 ;;      Params:         0       0       0       0       0       0       0       0       0       0       0       0       
      +0       0       0       0       0
   579 ;;      Locals:         0       0       0       0       0       0       0       0       0       0       0       0       
      +0       0       0       0       0
   580 ;;      Temps:          0       0       0       0       0       0       0       0       0       0       0       0       
      +0       0       0       0       0
   581 ;;      Totals:         0       0       0       0       0       0       0       0       0       0       0       0       
      +0       0       0       0       0
   582 ;;Total ram usage:        0 bytes
   583 ;; Hardware stack levels used:    1
   584 ;; This function calls:
   585 ;;		Nothing
   586 ;; This function is called by:
   587 ;;		_set_ph
   588 ;; This function uses a non-reentrant model
   589 ;;
   590                           
   591                           	psect	text6
   592  00FC7C                     __ptext6:
   593                           	opt stack 0
   594  00FC7C                     _conf_adc:
   595                           	opt stack 29
   596                           
   597                           ;adc.c: 13: TRISAbits.RA0=1;
   598                           
   599                           ;incstack = 0
   600  00FC7C  8092               	bsf	3986,0,c	;volatile
   601                           
   602                           ;adc.c: 14: ANSELbits.ANS0=1;
   603  00FC7E  807E               	bsf	3966,0,c	;volatile
   604                           
   605                           ;adc.c: 15: ADCON2bits.ADCS=2;
   606  00FC80  50C0               	movf	4032,w,c	;volatile
   607  00FC82  0BF8               	andlw	-8
   608  00FC84  0902               	iorlw	2
   609  00FC86  6EC0               	movwf	4032,c	;volatile
   610                           
   611                           ;adc.c: 16: ADCON2bits.ACQT=2;
   612  00FC88  50C0               	movf	4032,w,c	;volatile
   613  00FC8A  0BC7               	andlw	-57
   614  00FC8C  0910               	iorlw	16
   615  00FC8E  6EC0               	movwf	4032,c	;volatile
   616                           
   617                           ;adc.c: 17: ADCON1=0;
   618  00FC90  0E00               	movlw	0
   619  00FC92  6EC1               	movwf	4033,c	;volatile
   620                           
   621                           ;adc.c: 18: ADCON0bits.CHS=0;
   622  00FC94  94C2               	bcf	4034,2,c	;volatile
   623  00FC96  96C2               	bcf	4034,3,c	;volatile
   624  00FC98  98C2               	bcf	4034,4,c	;volatile
   625  00FC9A  9AC2               	bcf	4034,5,c	;volatile
   626                           
   627                           ;adc.c: 19: ADCON2bits.ADFM=0;;
   628  00FC9C  9EC0               	bcf	4032,7,c	;volatile
   629  00FC9E  0012               	return		;funcret
   630  00FCA0                     __end_of_conf_adc:
   631                           	opt stack 0
   632                           tblptru	equ	0xFF8
   633                           tblptrh	equ	0xFF7
   634                           tblptrl	equ	0xFF6
   635                           tablat	equ	0xFF5
   636                           status	equ	0xFD8
   637                           
   638 ;; *************** function _port *****************
   639 ;; Defined at:
   640 ;;		line 14 in file "hw.c"
   641 ;; Parameters:    Size  Location     Type
   642 ;;  c               1    wreg     unsigned char 
   643 ;; Auto vars:     Size  Location     Type
   644 ;;  c               1    0[COMRAM] unsigned char 
   645 ;; Return value:  Size  Location     Type
   646 ;;		None               void
   647 ;; Registers used:
   648 ;;		wreg, status,2, status,0
   649 ;; Tracked objects:
   650 ;;		On entry : 0/0
   651 ;;		On exit  : 0/0
   652 ;;		Unchanged: 0/0
   653 ;; Data sizes:     COMRAM   BANK0   BANK1   BANK2   BANK3   BANK4   BANK5   BANK6   BANK7   BANK8   BANK9  BANK10  BANK1
      +1  BANK12  BANK13  BANK14  BANK15
   654 ;;      Params:         0       0       0       0       0       0       0       0       0       0       0       0       
      +0       0       0       0       0
   655 ;;      Locals:         1       0       0       0       0       0       0       0       0       0       0       0       
      +0       0       0       0       0
   656 ;;      Temps:          0       0       0       0       0       0       0       0       0       0       0       0       
      +0       0       0       0       0
   657 ;;      Totals:         1       0       0       0       0       0       0       0       0       0       0       0       
      +0       0       0       0       0
   658 ;;Total ram usage:        1 bytes
   659 ;; Hardware stack levels used:    1
   660 ;; This function calls:
   661 ;;		Nothing
   662 ;; This function is called by:
   663 ;;		_main
   664 ;; This function uses a non-reentrant model
   665 ;;
   666                           
   667                           	psect	text7
   668  00FC08                     __ptext7:
   669                           	opt stack 0
   670  00FC08                     _port:
   671                           	opt stack 30
   672                           
   673                           ;incstack = 0
   674                           ;port@c stored from wreg
   675  00FC08  6E01               	movwf	port@c,c
   676                           
   677                           ;hw.c: 15: LATD &=0XF0;
   678  00FC0A  0EF0               	movlw	240
   679  00FC0C  168C               	andwf	3980,f,c	;volatile
   680                           
   681                           ;hw.c: 16: LATB &= 0XF0;
   682  00FC0E  0EF0               	movlw	240
   683  00FC10  168A               	andwf	3978,f,c	;volatile
   684                           
   685                           ;hw.c: 17: LATD |=(c & 0x0F);
   686  00FC12  5001               	movf	port@c,w,c
   687  00FC14  0B0F               	andlw	15
   688  00FC16  128C               	iorwf	3980,f,c	;volatile
   689                           
   690                           ;hw.c: 18: LATB |=(c>>4);
   691  00FC18  3801               	swapf	port@c,w,c
   692  00FC1A  0B0F               	andlw	15
   693  00FC1C  128A               	iorwf	3978,f,c	;volatile
   694  00FC1E  0012               	return		;funcret
   695  00FC20                     __end_of_port:
   696                           	opt stack 0
   697                           tblptru	equ	0xFF8
   698                           tblptrh	equ	0xFF7
   699                           tblptrl	equ	0xFF6
   700                           tablat	equ	0xFF5
   701                           status	equ	0xFD8
   702                           
   703 ;; *************** function _flag_timer_0 *****************
   704 ;; Defined at:
   705 ;;		line 21 in file "timer.c"
   706 ;; Parameters:    Size  Location     Type
   707 ;;		None
   708 ;; Auto vars:     Size  Location     Type
   709 ;;		None
   710 ;; Return value:  Size  Location     Type
   711 ;;                  2    2[COMRAM] int 
   712 ;; Registers used:
   713 ;;		wreg, status,2, cstack
   714 ;; Tracked objects:
   715 ;;		On entry : 0/0
   716 ;;		On exit  : 0/0
   717 ;;		Unchanged: 0/0
   718 ;; Data sizes:     COMRAM   BANK0   BANK1   BANK2   BANK3   BANK4   BANK5   BANK6   BANK7   BANK8   BANK9  BANK10  BANK1
      +1  BANK12  BANK13  BANK14  BANK15
   719 ;;      Params:         2       0       0       0       0       0       0       0       0       0       0       0       
      +0       0       0       0       0
   720 ;;      Locals:         0       0       0       0       0       0       0       0       0       0       0       0       
      +0       0       0       0       0
   721 ;;      Temps:          0       0       0       0       0       0       0       0       0       0       0       0       
      +0       0       0       0       0
   722 ;;      Totals:         2       0       0       0       0       0       0       0       0       0       0       0       
      +0       0       0       0       0
   723 ;;Total ram usage:        2 bytes
   724 ;; Hardware stack levels used:    1
   725 ;; Hardware stack levels required when called:    1
   726 ;; This function calls:
   727 ;;		_timer_0_set
   728 ;;		_timer_0_star
   729 ;; This function is called by:
   730 ;;		_main
   731 ;; This function uses a non-reentrant model
   732 ;;
   733                           
   734                           	psect	text8
   735  00FCA0                     __ptext8:
   736                           	opt stack 0
   737  00FCA0                     _flag_timer_0:
   738                           	opt stack 29
   739                           
   740                           ;timer.c: 22: if(INTCONbits.T0IF){
   741                           
   742                           ;incstack = 0
   743  00FCA0  A4F2               	btfss	intcon,2,c	;volatile
   744  00FCA2  D00D               	goto	l858
   745                           
   746                           ;timer.c: 23: INTCONbits.T0IF=0;
   747  00FCA4  94F2               	bcf	intcon,2,c	;volatile
   748                           
   749                           ;timer.c: 24: timer_0_set(0x19,0xD3);
   750  00FCA6  0ED3               	movlw	211
   751  00FCA8  6E01               	movwf	timer_0_set@high,c
   752  00FCAA  0E19               	movlw	25
   753  00FCAC  ECE8  F07D         	call	_timer_0_set
   754                           
   755                           ;timer.c: 25: timer_0_star();
   756  00FCB0  ECE4  F07D         	call	_timer_0_star	;wreg free
   757                           
   758                           ;timer.c: 26: return 1;
   759  00FCB4  0E00               	movlw	0
   760  00FCB6  6E04               	movwf	?_flag_timer_0+1,c
   761  00FCB8  0E01               	movlw	1
   762  00FCBA  6E03               	movwf	?_flag_timer_0,c
   763                           
   764                           ;timer.c: 27: }
   765  00FCBC  0012               	return	
   766  00FCBE                     l858:
   767                           
   768                           ;timer.c: 28: else
   769                           ;timer.c: 29: return 0;
   770  00FCBE  0E00               	movlw	0
   771  00FCC0  6E04               	movwf	?_flag_timer_0+1,c
   772  00FCC2  0E00               	movlw	0
   773  00FCC4  6E03               	movwf	?_flag_timer_0,c
   774  00FCC6  0012               	return	
   775  00FCC8                     __end_of_flag_timer_0:
   776                           	opt stack 0
   777                           tblptru	equ	0xFF8
   778                           tblptrh	equ	0xFF7
   779                           tblptrl	equ	0xFF6
   780                           tablat	equ	0xFF5
   781                           intcon	equ	0xFF2
   782                           status	equ	0xFD8
   783                           
   784 ;; *************** function _timer_0_star *****************
   785 ;; Defined at:
   786 ;;		line 17 in file "timer.c"
   787 ;; Parameters:    Size  Location     Type
   788 ;;		None
   789 ;; Auto vars:     Size  Location     Type
   790 ;;		None
   791 ;; Return value:  Size  Location     Type
   792 ;;		None               void
   793 ;; Registers used:
   794 ;;		None
   795 ;; Tracked objects:
   796 ;;		On entry : 0/0
   797 ;;		On exit  : 0/0
   798 ;;		Unchanged: 0/0
   799 ;; Data sizes:     COMRAM   BANK0   BANK1   BANK2   BANK3   BANK4   BANK5   BANK6   BANK7   BANK8   BANK9  BANK10  BANK1
      +1  BANK12  BANK13  BANK14  BANK15
   800 ;;      Params:         0       0       0       0       0       0       0       0       0       0       0       0       
      +0       0       0       0       0
   801 ;;      Locals:         0       0       0       0       0       0       0       0       0       0       0       0       
      +0       0       0       0       0
   802 ;;      Temps:          0       0       0       0       0       0       0       0       0       0       0       0       
      +0       0       0       0       0
   803 ;;      Totals:         0       0       0       0       0       0       0       0       0       0       0       0       
      +0       0       0       0       0
   804 ;;Total ram usage:        0 bytes
   805 ;; Hardware stack levels used:    1
   806 ;; This function calls:
   807 ;;		Nothing
   808 ;; This function is called by:
   809 ;;		_set_ph
   810 ;;		_flag_timer_0
   811 ;; This function uses a non-reentrant model
   812 ;;
   813                           
   814                           	psect	text9
   815  00FBC8                     __ptext9:
   816                           	opt stack 0
   817  00FBC8                     _timer_0_star:
   818                           	opt stack 29
   819                           
   820                           ;timer.c: 18: T0CONbits.TMR0ON=1;
   821                           
   822                           ;incstack = 0
   823  00FBC8  8ED5               	bsf	4053,7,c	;volatile
   824  00FBCA  0012               	return		;funcret
   825  00FBCC                     __end_of_timer_0_star:
   826                           	opt stack 0
   827                           tblptru	equ	0xFF8
   828                           tblptrh	equ	0xFF7
   829                           tblptrl	equ	0xFF6
   830                           tablat	equ	0xFF5
   831                           intcon	equ	0xFF2
   832                           status	equ	0xFD8
   833                           
   834 ;; *************** function _timer_0_set *****************
   835 ;; Defined at:
   836 ;;		line 12 in file "timer.c"
   837 ;; Parameters:    Size  Location     Type
   838 ;;  low             1    wreg     unsigned char 
   839 ;;  high            1    0[COMRAM] unsigned char 
   840 ;; Auto vars:     Size  Location     Type
   841 ;;  low             1    1[COMRAM] unsigned char 
   842 ;; Return value:  Size  Location     Type
   843 ;;		None               void
   844 ;; Registers used:
   845 ;;		wreg
   846 ;; Tracked objects:
   847 ;;		On entry : 0/0
   848 ;;		On exit  : 0/0
   849 ;;		Unchanged: 0/0
   850 ;; Data sizes:     COMRAM   BANK0   BANK1   BANK2   BANK3   BANK4   BANK5   BANK6   BANK7   BANK8   BANK9  BANK10  BANK1
      +1  BANK12  BANK13  BANK14  BANK15
   851 ;;      Params:         1       0       0       0       0       0       0       0       0       0       0       0       
      +0       0       0       0       0
   852 ;;      Locals:         1       0       0       0       0       0       0       0       0       0       0       0       
      +0       0       0       0       0
   853 ;;      Temps:          0       0       0       0       0       0       0       0       0       0       0       0       
      +0       0       0       0       0
   854 ;;      Totals:         2       0       0       0       0       0       0       0       0       0       0       0       
      +0       0       0       0       0
   855 ;;Total ram usage:        2 bytes
   856 ;; Hardware stack levels used:    1
   857 ;; This function calls:
   858 ;;		Nothing
   859 ;; This function is called by:
   860 ;;		_set_ph
   861 ;;		_flag_timer_0
   862 ;; This function uses a non-reentrant model
   863 ;;
   864                           
   865                           	psect	text10
   866  00FBD0                     __ptext10:
   867                           	opt stack 0
   868  00FBD0                     _timer_0_set:
   869                           	opt stack 29
   870                           
   871                           ;incstack = 0
   872                           ;timer_0_set@low stored from wreg
   873  00FBD0  6E02               	movwf	timer_0_set@low,c
   874                           
   875                           ;timer.c: 13: TMR0H=high;
   876  00FBD2  C001  FFD7         	movff	timer_0_set@high,4055	;volatile
   877                           
   878                           ;timer.c: 14: TMR0L=low;
   879  00FBD6  C002  FFD6         	movff	timer_0_set@low,4054	;volatile
   880  00FBDA  0012               	return		;funcret
   881  00FBDC                     __end_of_timer_0_set:
   882                           	opt stack 0
   883                           tblptru	equ	0xFF8
   884                           tblptrh	equ	0xFF7
   885                           tblptrl	equ	0xFF6
   886                           tablat	equ	0xFF5
   887                           intcon	equ	0xFF2
   888                           status	equ	0xFD8
   889                           
   890 ;; *************** function _final_convercion *****************
   891 ;; Defined at:
   892 ;;		line 31 in file "adc.c"
   893 ;; Parameters:    Size  Location     Type
   894 ;;		None
   895 ;; Auto vars:     Size  Location     Type
   896 ;;		None
   897 ;; Return value:  Size  Location     Type
   898 ;;                  1    wreg      unsigned char 
   899 ;; Registers used:
   900 ;;		wreg
   901 ;; Tracked objects:
   902 ;;		On entry : 0/0
   903 ;;		On exit  : 0/0
   904 ;;		Unchanged: 0/0
   905 ;; Data sizes:     COMRAM   BANK0   BANK1   BANK2   BANK3   BANK4   BANK5   BANK6   BANK7   BANK8   BANK9  BANK10  BANK1
      +1  BANK12  BANK13  BANK14  BANK15
   906 ;;      Params:         0       0       0       0       0       0       0       0       0       0       0       0       
      +0       0       0       0       0
   907 ;;      Locals:         0       0       0       0       0       0       0       0       0       0       0       0       
      +0       0       0       0       0
   908 ;;      Temps:          0       0       0       0       0       0       0       0       0       0       0       0       
      +0       0       0       0       0
   909 ;;      Totals:         0       0       0       0       0       0       0       0       0       0       0       0       
      +0       0       0       0       0
   910 ;;Total ram usage:        0 bytes
   911 ;; Hardware stack levels used:    1
   912 ;; This function calls:
   913 ;;		Nothing
   914 ;; This function is called by:
   915 ;;		_main
   916 ;; This function uses a non-reentrant model
   917 ;;
   918                           
   919                           	psect	text11
   920  00FBDC                     __ptext11:
   921                           	opt stack 0
   922  00FBDC                     _final_convercion:
   923                           	opt stack 30
   924                           
   925                           ;adc.c: 32: if (PIR1bits.ADIF){
   926                           
   927                           ;incstack = 0
   928  00FBDC  AC9E               	btfss	3998,6,c	;volatile
   929  00FBDE  D003               	goto	l800
   930                           
   931                           ;adc.c: 33: PIR1bits.ADIF=0;
   932  00FBE0  9C9E               	bcf	3998,6,c	;volatile
   933                           
   934                           ;adc.c: 34: return 1;
   935  00FBE2  0E01               	movlw	1
   936                           
   937                           ;adc.c: 35: }
   938  00FBE4  0012               	return	
   939  00FBE6                     l800:
   940                           
   941                           ;adc.c: 36: else
   942                           ;adc.c: 37: return 0;
   943  00FBE6  0E00               	movlw	0
   944  00FBE8  0012               	return	
   945  00FBEA                     __end_of_final_convercion:
   946                           	opt stack 0
   947  0000                     tblptru	equ	0xFF8
   948                           tblptrh	equ	0xFF7
   949                           tblptrl	equ	0xFF6
   950                           tablat	equ	0xFF5
   951                           intcon	equ	0xFF2
   952                           status	equ	0xFD8
   953                           tblptru	equ	0xFF8
   954                           tblptrh	equ	0xFF7
   955                           tblptrl	equ	0xFF6
   956                           tablat	equ	0xFF5
   957                           intcon	equ	0xFF2
   958                           status	equ	0xFD8
   959                           
   960                           	psect	rparam
   961  0000                     tblptru	equ	0xFF8
   962                           tblptrh	equ	0xFF7
   963                           tblptrl	equ	0xFF6
   964                           tablat	equ	0xFF5
   965                           intcon	equ	0xFF2
   966                           status	equ	0xFD8


Data Sizes:
    Strings     0
    Constant    0
    Data        1
    BSS         3
    Persistent  0
    Stack       0

Auto Spaces:
    Space          Size  Autos    Used
    COMRAM           95     10      14
    BANK0           160      0       0
    BANK1           256      0       0
    BANK2           256      0       0
    BANK3           256      0       0
    BANK4           256      0       0
    BANK5           256      0       0
    BANK6           256      0       0
    BANK7           256      0       0
    BANK8           256      0       0
    BANK9           256      0       0
    BANK10          256      0       0
    BANK11          256      0       0
    BANK12          256      0       0
    BANK13          256      0       0
    BANK14          239      0       0
    BANK15           96      0       0

Pointer List with Targets:

    None.

Critical Paths under _main in COMRAM

    _main->_flag_timer_0
    _set_ph->_timer_0_set
    _flag_timer_0->_timer_0_set

Critical Paths under _main in BANK0

    None.

Critical Paths under _main in BANK1

    None.

Critical Paths under _main in BANK2

    None.

Critical Paths under _main in BANK3

    None.

Critical Paths under _main in BANK4

    None.

Critical Paths under _main in BANK5

    None.

Critical Paths under _main in BANK6

    None.

Critical Paths under _main in BANK7

    None.

Critical Paths under _main in BANK8

    None.

Critical Paths under _main in BANK9

    None.

Critical Paths under _main in BANK10

    None.

Critical Paths under _main in BANK11

    None.

Critical Paths under _main in BANK12

    None.

Critical Paths under _main in BANK13

    None.

Critical Paths under _main in BANK14

    None.

Critical Paths under _main in BANK15

    None.

Call Graph Tables:

 ---------------------------------------------------------------------------------
 (Depth) Function   	        Calls       Base Space   Used Autos Params    Refs
 ---------------------------------------------------------------------------------
 (0) _main                                                 6     1      5     414
                                              4 COMRAM     6     1      5
                   _final_convercion
                       _flag_timer_0
                               _port
                             _set_ph
                    _star_convercion
 ---------------------------------------------------------------------------------
 (1) _star_convercion                                      0     0      0       0
 ---------------------------------------------------------------------------------
 (1) _set_ph                                               0     0      0     187
                           _conf_adc
                            _set_adc
                           _set_leds
                       _timer_0_conf
                        _timer_0_set
                       _timer_0_star
 ---------------------------------------------------------------------------------
 (2) _timer_0_conf                                         0     0      0       0
 ---------------------------------------------------------------------------------
 (2) _set_leds                                             0     0      0       0
 ---------------------------------------------------------------------------------
 (2) _set_adc                                              1     1      0      15
                                              0 COMRAM     1     1      0
 ---------------------------------------------------------------------------------
 (2) _conf_adc                                             0     0      0       0
 ---------------------------------------------------------------------------------
 (1) _port                                                 1     1      0      30
                                              0 COMRAM     1     1      0
 ---------------------------------------------------------------------------------
 (1) _flag_timer_0                                         2     0      2     172
                                              2 COMRAM     2     0      2
                        _timer_0_set
                       _timer_0_star
 ---------------------------------------------------------------------------------
 (2) _timer_0_star                                         0     0      0       0
 ---------------------------------------------------------------------------------
 (2) _timer_0_set                                          2     1      1     172
                                              0 COMRAM     2     1      1
 ---------------------------------------------------------------------------------
 (1) _final_convercion                                     0     0      0       0
 ---------------------------------------------------------------------------------
 Estimated maximum stack depth 2
 ---------------------------------------------------------------------------------

 Call Graph Graphs:

 _main (ROOT)
   _final_convercion
   _flag_timer_0
     _timer_0_set
     _timer_0_star
   _port
   _set_ph
     _conf_adc
     _set_adc
     _set_leds
     _timer_0_conf
     _timer_0_set
     _timer_0_star
   _star_convercion

 Address spaces:
Name               Size   Autos  Total    Cost      Usage
BIGRAM             EEE      0       0      38        0.0%
EEDATA             400      0       0       0        0.0%
BITBANK13          100      0       0      31        0.0%
BANK13             100      0       0      32        0.0%
BITBANK12          100      0       0      29        0.0%
BANK12             100      0       0      30        0.0%
BITBANK11          100      0       0      27        0.0%
BANK11             100      0       0      28        0.0%
BITBANK10          100      0       0      25        0.0%
BANK10             100      0       0      26        0.0%
BITBANK9           100      0       0      23        0.0%
BANK9              100      0       0      24        0.0%
BITBANK8           100      0       0      21        0.0%
BANK8              100      0       0      22        0.0%
BITBANK7           100      0       0      19        0.0%
BANK7              100      0       0      20        0.0%
BITBANK6           100      0       0      17        0.0%
BANK6              100      0       0      18        0.0%
BITBANK5           100      0       0      15        0.0%
BANK5              100      0       0      16        0.0%
BITBANK4           100      0       0      13        0.0%
BANK4              100      0       0      14        0.0%
BITBANK3           100      0       0      11        0.0%
BANK3              100      0       0      12        0.0%
BITBANK2           100      0       0       9        0.0%
BANK2              100      0       0      10        0.0%
BITBANK1           100      0       0       7        0.0%
BANK1              100      0       0       8        0.0%
BITBANK14           EF      0       0      33        0.0%
BANK14              EF      0       0      34        0.0%
BITBANK0            A0      0       0       4        0.0%
BANK0               A0      0       0       5        0.0%
BITBANK15           60      0       0      35        0.0%
BANK15              60      0       0      36        0.0%
BIGRAM_1            60      0       0      37        0.0%
BITCOMRAM           5F      0       0       0        0.0%
COMRAM              5F      A       E       1       14.7%
BITSFR_5             0      0       0      40        0.0%
SFR_5                0      0       0      40        0.0%
BITSFR_4             0      0       0      40        0.0%
SFR_4                0      0       0      40        0.0%
BITSFR_3             0      0       0      40        0.0%
SFR_3                0      0       0      40        0.0%
BITSFR_2             0      0       0      40        0.0%
SFR_2                0      0       0      40        0.0%
BITSFR_1             0      0       0      40        0.0%
SFR_1                0      0       0      40        0.0%
BITSFR               0      0       0      40        0.0%
SFR                  0      0       0      40        0.0%
STACK                0      0       0       2        0.0%
NULL                 0      0       0       0        0.0%
ABS                  0      0       E       6        0.0%
DATA                 0      0       E       3        0.0%
CODE                 0      0       0       0        0.0%


Microchip Technology PIC18 Macro Assembler V1.35 build -356382666 
Symbol Table                                                                                   Sat Nov 26 14:52:46 2016

                        _a 000E                          _d 000B                          _m 000C  
                       l37 FCEE                         u15 FBF4                         u16 FBF6  
             __CFG_CP0$OFF 000000               __CFG_CP1$OFF 000000               __CFG_CP2$OFF 000000  
             __CFG_CP3$OFF 000000                        l800 FBE6                        l858 FCBE  
                      l866 FCD0               __CFG_CPB$OFF 000000               __CFG_CPD$OFF 000000  
                      _ope 000D               __CFG_BORV$18 000000               __CFG_LVP$OFF 000000  
                     _LATB 000F8A                       _LATD 000F8C               __CFG_PWRT$ON 000000  
                     _main FCC8                       _port FC08                       start 0002  
            __CFG_IESO$OFF 000000              __CFG_MCLRE$ON 000000               ___param_bank 000010  
             main@contador 000A                      ?_main 0005                      ?_port 0001  
                    _ANSEL 000F7E                      _TMR0H 000FD7                      _TMR0L 000FD6  
                    _PORTB 000F81                      _PORTD 000F83                      _TRISA 000F92  
                    _TRISB 000F93                      _TRISD 000F95              __CFG_WRT0$OFF 000000  
            __CFG_WRT1$OFF 000000              __CFG_WRT2$OFF 000000              __CFG_WRT3$OFF 000000  
           __CFG_EBTR0$OFF 000000             __CFG_FCMEN$OFF 000000             __CFG_EBTR1$OFF 000000  
           __CFG_EBTR2$OFF 000000             __CFG_EBTR3$OFF 000000              __CFG_WRTB$OFF 000000  
            __CFG_WRTC$OFF 000000              __CFG_WRTD$OFF 000000             __CFG_EBTRB$OFF 000000  
          __end_of_set_adc FBF8             __CFG_BOREN$OFF 000000                      tablat 000FF5  
         _final_convercion FBDC                      port@c 0001                      status 000FD8  
          _star_convercion FBCC            __initialization FC3C               __end_of_main FD00  
             __end_of_port FC20                     ??_main 000A                     ??_port 0001  
            __activetblptr 000000       __end_of_flag_timer_0 FCC8                     _ADCON1 000FC1  
                   _ADRESH 000FC4                     _ADRESL 000FC3             __CFG_WDTEN$OFF 000000  
           __CFG_XINST$OFF 000000           __end_of_conf_adc FCA0                     _dato_8 000000  
                   _set_ph FC5A               ?_timer_0_set 0001               __pdataCOMRAM 000E  
         __end_of_set_leds FC3C                  ??_set_adc 0001                     tblptrh 000FF7  
                   tblptrl 000FF6                     tblptru 000FF8            __CFG_HFOFST$OFF 000000  
  __end_of_star_convercion FBD0            __CFG_FOSC$HSPLL 000000                 __accesstop 0060  
  __end_of__initialization FC54            __CFG_PBADEN$OFF 000000              ___rparam_used 000001  
           __pcstackCOMRAM 0001   __end_of_final_convercion FBEA                    ?_set_ph 0001  
    __size_of_flag_timer_0 0028                  ?_conf_adc 0001           ?_star_convercion 0001  
                  __Hparam 0000                    __Lparam 0000                  ?_set_leds 0001  
             _flag_timer_0 FCA0            __CFG_STVREN$OFF 000000                    __pcinit FC3C  
                _ANSELbits 000F7E                    __ramtop 1000                    __ptext0 FCC8  
                  __ptext1 FBCC                    __ptext2 FC5A                    __ptext3 FBF8  
                  __ptext4 FC20                    __ptext5 FBEA            __size_of_set_ph 0022  
                  __ptext6 FC7C                    __ptext7 FC08                    __ptext8 FCA0  
                  __ptext9 FBC8                  _T0CONbits 000FD5       __size_of_timer_0_set 000C  
                  _set_adc FBEA              ?_timer_0_conf 0001                 ??_conf_adc 0001  
            ?_timer_0_star 0001       end_of_initialization FC54                 ??_set_leds 0001  
                _TRISAbits 000F92             ??_timer_0_conf 0001             ??_timer_0_star 0001  
            __pidataCOMRAM FBC7             __end_of_set_ph FC7C        start_initialization FC3C  
          timer_0_set@high 0001           __CFG_LPT1OSC$OFF 000000                   ??_set_ph 0003  
        ?_final_convercion 0001         ??_final_convercion 0001                __pbssCOMRAM 000B  
        __size_of_conf_adc 0024          __CFG_CCP2MX$PORTC 000000       __end_of_timer_0_conf FC08  
     __end_of_timer_0_star FBCC          __size_of_set_leds 001C                   ?_set_adc 0001  
 __size_of_star_convercion 0004                   _PIR1bits 000F9E           __CFG_WDTPS$32768 000000  
            ??_timer_0_set 0002                 _ADCON0bits 000FC2                 _ADCON2bits 000FC0  
                 __Hrparam 0000                   __Lrparam 0000             timer_0_set@low 0002  
      __end_of_timer_0_set FBDC           __size_of_set_adc 000E                   __ptext10 FBD0  
                 __ptext11 FBDC                   _conf_adc FC7C              __size_of_main 0038  
            __size_of_port 0018      __size_of_timer_0_conf 0010      __size_of_timer_0_star 0004  
                 _set_leds FC20                   main@argc 0005                   main@argv 0007  
        ??_star_convercion 0001                 _INTCONbits 000FF2               _timer_0_conf FBF8  
             _timer_0_star FBC8  __size_of_final_convercion 000E                   set_adc@x 0001  
            ?_flag_timer_0 0003                _timer_0_set FBD0             ??_flag_timer_0 0005  
