

Microchip Technology PIC18 LITE Macro Assembler V1.35 build -356382666 
                                                                                               Sat Nov 26 14:45:01 2016

Microchip Technology Omniscient Code Generator v1.35 (Free mode) build 201507080246
     1                           	processor	18F46K20
     2                           	fnconf	rparam,??,?,0
     3                           	opt	pw 120
     4                           	opt	lm
     5                           	psect	idataCOMRAM,global,class=CODE,delta=1
     6                           	psect	cinit,global,reloc=2,class=CODE,delta=1
     7                           	psect	bssCOMRAM,global,class=COMRAM,space=1,delta=1
     8                           	psect	dataCOMRAM,global,class=COMRAM,space=1,delta=1
     9                           	psect	cstackCOMRAM,global,class=COMRAM,space=1,delta=1
    10                           	psect	text0,global,reloc=2,class=CODE,delta=1
    11                           	psect	text1,global,reloc=2,class=CODE,delta=1
    12                           	psect	text2,global,reloc=2,class=CODE,delta=1
    13                           	psect	text3,global,reloc=2,class=CODE,delta=1
    14                           	psect	text4,global,reloc=2,class=CODE,delta=1
    15                           	psect	text5,global,reloc=2,class=CODE,delta=1
    16                           	psect	text6,global,reloc=2,class=CODE,delta=1
    17                           	psect	text7,global,reloc=2,class=CODE,delta=1
    18                           	psect	text8,global,reloc=2,class=CODE,delta=1
    19                           	psect	text9,global,reloc=2,class=CODE,delta=1
    20                           	psect	text10,global,reloc=2,class=CODE,delta=1
    21                           	psect	text11,global,reloc=2,class=CODE,delta=1
    22                           	psect	text12,global,reloc=2,class=CODE,delta=1
    23                           	psect	text13,global,reloc=2,class=CODE,delta=1
    24                           	psect	text14,global,reloc=2,class=CODE,delta=1
    25                           	psect	intsave_regs,global,class=BIGRAM,space=1,delta=1
    26                           	psect	rparam,global,class=COMRAM,space=1,delta=1
    27  0000                     
    28                           	psect	idataCOMRAM
    29  00FB80                     __pidataCOMRAM:
    30                           	opt stack 0
    31                           
    32                           ;initializer for _msm
    33  00FB80  62                 	db	98
    34  00FB81  75                 	db	117
    35  00FB82  65                 	db	101
    36  00FB83  6E                 	db	110
    37  00FB84  20                 	db	32
    38  00FB85  64                 	db	100
    39  00FB86  69                 	db	105
    40  00FB87  61                 	db	97
    41  00FB88  20                 	db	32
    42  00FB89  2F                 	db	47
    43  00FB8A  72                 	db	114
    44  00FB8B  00                 	db	0
    45                           
    46                           ;initializer for _B
    47  00FB8C  41                 	db	65
    48                           
    49                           ;initializer for _b
    50  00FB8D  61                 	db	97
    51  0000                     _ANSEL	set	3966
    52  0000                     _LATB	set	3978
    53  0000                     _LATD	set	3980
    54  0000                     _PORTB	set	3969
    55  0000                     _PORTD	set	3971
    56  0000                     _TRISA	set	3986
    57  0000                     _TRISB	set	3987
    58  0000                     _TRISCbits	set	3988
    59  0000                     _TRISD	set	3989
    60  0000                     _BAUDCONbits	set	4024
    61  0000                     _OSCCONbits	set	4051
    62  0000                     _PIR1bits	set	3998
    63  0000                     _RCREG	set	4014
    64  0000                     _RCSTAbits	set	4011
    65  0000                     _SPBRG	set	4015
    66  0000                     _SPBRGH	set	4016
    67  0000                     _T1CONbits	set	4045
    68  0000                     _TMR1H	set	4047
    69  0000                     _TMR1L	set	4046
    70  0000                     _TXREG	set	4013
    71  0000                     _TXSTAbits	set	4012
    72  0000                     _T0CONbits	set	4053
    73  0000                     _TMR0H	set	4055
    74  0000                     _TMR0L	set	4054
    75  0000                     _INTCONbits	set	4082
    76                           
    77                           ; #config settings
    78  0000                     
    79                           	psect	cinit
    80  00FC44                     __pcinit:
    81                           	opt stack 0
    82  00FC44                     start_initialization:
    83                           	opt stack 0
    84  00FC44                     __initialization:
    85                           	opt stack 0
    86                           
    87                           ; Clear objects allocated to COMRAM (2 bytes)
    88  00FC44  6A1A               	clrf	(__pbssCOMRAM+1)& (0+255),c
    89  00FC46  6A19               	clrf	__pbssCOMRAM& (0+255),c
    90                           
    91                           ; Initialize objects allocated to COMRAM (14 bytes)
    92                           ; load TBLPTR registers with __pidataCOMRAM
    93  00FC48  0E80               	movlw	low __pidataCOMRAM
    94  00FC4A  6EF6               	movwf	tblptrl,c
    95  00FC4C  0EFB               	movlw	high __pidataCOMRAM
    96  00FC4E  6EF7               	movwf	tblptrh,c
    97  00FC50  0E00               	movlw	low (__pidataCOMRAM shr (0+16))
    98  00FC52  6EF8               	movwf	tblptru,c
    99  00FC54  EE00  F001         	lfsr	0,__pdataCOMRAM
   100  00FC58  EE10 F00E          	lfsr	1,14
   101  00FC5C                     copy_data0:
   102  00FC5C  0009               	tblrd		*+
   103  00FC5E  CFF5 FFEE          	movff	tablat,postinc0
   104  00FC62  50E5               	movf	postdec1,w,c
   105  00FC64  50E1               	movf	fsr1l,w,c
   106  00FC66  E1FA               	bnz	copy_data0
   107  00FC68                     end_of_initialization:
   108                           	opt stack 0
   109  00FC68                     __end_of__initialization:
   110                           	opt stack 0
   111  00FC68  0E00               	movlw	low (__Lmediumconst shr (0+16))
   112  00FC6A  6EF8               	movwf	tblptru,c
   113  00FC6C  0100               	movlb	0
   114  00FC6E  EF39  F07E         	goto	_main	;jump to C main() function
   115                           tblptru	equ	0xFF8
   116                           tblptrh	equ	0xFF7
   117                           tblptrl	equ	0xFF6
   118                           tablat	equ	0xFF5
   119                           postinc0	equ	0xFEE
   120                           postdec1	equ	0xFE5
   121                           fsr1l	equ	0xFE1
   122                           
   123                           	psect	bssCOMRAM
   124  000019                     __pbssCOMRAM:
   125                           	opt stack 0
   126  000019                     _a:
   127                           	opt stack 0
   128  000019                     	ds	1
   129  00001A                     _d:
   130                           	opt stack 0
   131  00001A                     	ds	1
   132                           tblptru	equ	0xFF8
   133                           tblptrh	equ	0xFF7
   134                           tblptrl	equ	0xFF6
   135                           tablat	equ	0xFF5
   136                           postinc0	equ	0xFEE
   137                           postdec1	equ	0xFE5
   138                           fsr1l	equ	0xFE1
   139                           
   140                           	psect	dataCOMRAM
   141  000001                     __pdataCOMRAM:
   142                           	opt stack 0
   143  000001                     _msm:
   144                           	opt stack 0
   145  000001                     	ds	12
   146  00000D                     _B:
   147                           	opt stack 0
   148  00000D                     	ds	1
   149  00000E                     _b:
   150                           	opt stack 0
   151  00000E                     	ds	1
   152                           tblptru	equ	0xFF8
   153                           tblptrh	equ	0xFF7
   154                           tblptrl	equ	0xFF6
   155                           tablat	equ	0xFF5
   156                           postinc0	equ	0xFEE
   157                           postdec1	equ	0xFE5
   158                           fsr1l	equ	0xFE1
   159                           
   160                           	psect	cstackCOMRAM
   161  00000F                     __pcstackCOMRAM:
   162                           	opt stack 0
   163  00000F                     ?_read_d:
   164                           	opt stack 0
   165  00000F                     timer_1_set@high:
   166                           	opt stack 0
   167  00000F                     port@c:
   168                           	opt stack 0
   169  00000F                     activacion_tx@x:
   170                           	opt stack 0
   171  00000F                     activacion_rx@x:
   172                           	opt stack 0
   173  00000F                     trans_dato@x:
   174                           	opt stack 0
   175                           
   176                           ; 1 bytes @ 0x0
   177  00000F                     	ds	1
   178  000010                     send_leter@a:
   179                           	opt stack 0
   180  000010                     timer_1_set@low:
   181                           	opt stack 0
   182                           
   183                           ; 1 bytes @ 0x1
   184  000010                     	ds	1
   185  000011                     ?_flag_timer_1:
   186                           	opt stack 0
   187                           
   188                           ; 2 bytes @ 0x2
   189  000011                     	ds	2
   190  000013                     
   191                           ; 2 bytes @ 0x4
   192  000013                     	ds	2
   193  000015                     
   194                           ; 3 bytes @ 0x6
   195  000015                     	ds	3
   196  000018                     main@m:
   197                           	opt stack 0
   198                           
   199                           ; 1 bytes @ 0x9
   200  000018                     	ds	1
   201                           tblptru	equ	0xFF8
   202                           tblptrh	equ	0xFF7
   203                           tblptrl	equ	0xFF6
   204                           tablat	equ	0xFF5
   205                           postinc0	equ	0xFEE
   206                           postdec1	equ	0xFE5
   207                           fsr1l	equ	0xFE1
   208                           
   209 ;;
   210 ;;Main: autosize = 0, tempsize = 0, incstack = 0, save=0
   211 ;;
   212 ;; *************** function _main *****************
   213 ;; Defined at:
   214 ;;		line 54 in file "main.c"
   215 ;; Parameters:    Size  Location     Type
   216 ;;  argc            2    4[COMRAM] int 
   217 ;;  argv            3    6[COMRAM] PTR PTR unsigned char 
   218 ;; Auto vars:     Size  Location     Type
   219 ;;  m               1    9[COMRAM] unsigned char 
   220 ;; Return value:  Size  Location     Type
   221 ;;                  2    4[COMRAM] int 
   222 ;; Registers used:
   223 ;;		wreg, status,2, status,0, cstack
   224 ;; Tracked objects:
   225 ;;		On entry : 0/0
   226 ;;		On exit  : 0/0
   227 ;;		Unchanged: 0/0
   228 ;; Data sizes:     COMRAM   BANK0   BANK1   BANK2   BANK3   BANK4   BANK5   BANK6   BANK7   BANK8   BANK9  BANK10  BANK1
      +1  BANK12  BANK13  BANK14  BANK15
   229 ;;      Params:         5       0       0       0       0       0       0       0       0       0       0       0       
      +0       0       0       0       0
   230 ;;      Locals:         1       0       0       0       0       0       0       0       0       0       0       0       
      +0       0       0       0       0
   231 ;;      Temps:          0       0       0       0       0       0       0       0       0       0       0       0       
      +0       0       0       0       0
   232 ;;      Totals:         6       0       0       0       0       0       0       0       0       0       0       0       
      +0       0       0       0       0
   233 ;;Total ram usage:        6 bytes
   234 ;; Hardware stack levels required when called:    2
   235 ;; This function calls:
   236 ;;		_configg
   237 ;;		_flag_timer_1
   238 ;;		_port
   239 ;;		_read_d
   240 ;;		_send_leter
   241 ;; This function is called by:
   242 ;;		Startup code after reset
   243 ;; This function uses a non-reentrant model
   244 ;;
   245                           
   246                           	psect	text0
   247  00FC72                     __ptext0:
   248                           	opt stack 0
   249  00FC72                     _main:
   250                           	opt stack 29
   251                           
   252                           ;main.c: 55: unsigned char m=0;
   253                           
   254                           ;incstack = 0
   255  00FC72  0E00               	movlw	0
   256  00FC74  6E18               	movwf	main@m,c
   257                           
   258                           ;main.c: 56: configg();
   259  00FC76  EC0C  F07E         	call	_configg	;wreg free
   260  00FC7A                     l999:
   261                           
   262                           ;main.c: 58: m=read_d();
   263  00FC7A  ECC7  F07D         	call	_read_d	;wreg free
   264  00FC7E  500F               	movf	?_read_d,w,c
   265  00FC80  6E18               	movwf	main@m,c
   266                           
   267                           ;main.c: 59: if (m!=0){
   268  00FC82  5018               	movf	main@m,w,c
   269  00FC84  B4D8               	btfsc	status,2,c
   270  00FC86  D00E               	goto	l1013
   271                           
   272                           ;main.c: 60: if (m>=48 & m<=57){
   273  00FC88  0E2F               	movlw	47
   274  00FC8A  6418               	cpfsgt	main@m,c
   275  00FC8C  D008               	goto	l1011
   276  00FC8E  0E3A               	movlw	58
   277  00FC90  6018               	cpfslt	main@m,c
   278  00FC92  D005               	goto	l1011
   279                           
   280                           ;main.c: 61: a=~a;
   281  00FC94  1E19               	comf	_a,f,c
   282                           
   283                           ;main.c: 62: B=65;
   284  00FC96  0E41               	movlw	65
   285  00FC98  6E0D               	movwf	_B,c
   286                           
   287                           ;main.c: 63: b=97;
   288  00FC9A  0E61               	movlw	97
   289  00FC9C  6E0E               	movwf	_b,c
   290  00FC9E                     l1011:
   291                           
   292                           ;main.c: 64: }
   293                           ;main.c: 65: port(m);
   294  00FC9E  5018               	movf	main@m,w,c
   295  00FCA0  ECDE  F07D         	call	_port
   296  00FCA4                     l1013:
   297                           
   298                           ;main.c: 66: }
   299                           ;main.c: 67: if (flag_timer_1()){
   300  00FCA4  ECF8  F07D         	call	_flag_timer_1	;wreg free
   301  00FCA8  5011               	movf	?_flag_timer_1,w,c
   302  00FCAA  1012               	iorwf	?_flag_timer_1+1,w,c
   303  00FCAC  B4D8               	btfsc	status,2,c
   304  00FCAE  D7E5               	goto	l999
   305                           
   306                           ;main.c: 68: send_leter(a);
   307  00FCB0  5019               	movf	_a,w,c
   308  00FCB2  EC5C  F07E         	call	_send_leter
   309  00FCB6  D7E1               	goto	l999
   310  00FCB8                     __end_of_main:
   311                           	opt stack 0
   312                           tblptru	equ	0xFF8
   313                           tblptrh	equ	0xFF7
   314                           tblptrl	equ	0xFF6
   315                           tablat	equ	0xFF5
   316                           postinc0	equ	0xFEE
   317                           postdec1	equ	0xFE5
   318                           fsr1l	equ	0xFE1
   319                           status	equ	0xFD8
   320                           
   321 ;; *************** function _send_leter *****************
   322 ;; Defined at:
   323 ;;		line 33 in file "main.c"
   324 ;; Parameters:    Size  Location     Type
   325 ;;  a               1    wreg     unsigned char 
   326 ;; Auto vars:     Size  Location     Type
   327 ;;  a               1    1[COMRAM] unsigned char 
   328 ;; Return value:  Size  Location     Type
   329 ;;		None               void
   330 ;; Registers used:
   331 ;;		wreg, status,2, status,0, cstack
   332 ;; Tracked objects:
   333 ;;		On entry : 0/0
   334 ;;		On exit  : 0/0
   335 ;;		Unchanged: 0/0
   336 ;; Data sizes:     COMRAM   BANK0   BANK1   BANK2   BANK3   BANK4   BANK5   BANK6   BANK7   BANK8   BANK9  BANK10  BANK1
      +1  BANK12  BANK13  BANK14  BANK15
   337 ;;      Params:         0       0       0       0       0       0       0       0       0       0       0       0       
      +0       0       0       0       0
   338 ;;      Locals:         1       0       0       0       0       0       0       0       0       0       0       0       
      +0       0       0       0       0
   339 ;;      Temps:          0       0       0       0       0       0       0       0       0       0       0       0       
      +0       0       0       0       0
   340 ;;      Totals:         1       0       0       0       0       0       0       0       0       0       0       0       
      +0       0       0       0       0
   341 ;;Total ram usage:        1 bytes
   342 ;; Hardware stack levels used:    1
   343 ;; Hardware stack levels required when called:    1
   344 ;; This function calls:
   345 ;;		_trans_dato
   346 ;; This function is called by:
   347 ;;		_main
   348 ;; This function uses a non-reentrant model
   349 ;;
   350                           
   351                           	psect	text1
   352  00FCB8                     __ptext1:
   353                           	opt stack 0
   354  00FCB8                     _send_leter:
   355                           	opt stack 29
   356                           
   357                           ;incstack = 0
   358                           ;send_leter@a stored from wreg
   359  00FCB8  6E10               	movwf	send_leter@a,c
   360                           
   361                           ;main.c: 34: switch (a){
   362  00FCBA  D01A               	goto	l859
   363  00FCBC                     l841:
   364                           
   365                           ;main.c: 36: trans_dato(B);
   366  00FCBC  500D               	movf	_B,w,c
   367  00FCBE  ECA5  F07D         	call	_trans_dato
   368                           
   369                           ;main.c: 37: if (B==90)
   370  00FCC2  0E5A               	movlw	90
   371  00FCC4  180D               	xorwf	_B,w,c
   372  00FCC6  A4D8               	btfss	status,2,c
   373  00FCC8  D003               	goto	l847
   374                           
   375                           ;main.c: 38: B=65;
   376  00FCCA  0E41               	movlw	65
   377  00FCCC  6E0D               	movwf	_B,c
   378  00FCCE  0012               	return	
   379  00FCD0                     l847:
   380                           
   381                           ;main.c: 39: else
   382                           ;main.c: 40: B=B+1;
   383  00FCD0  280D               	incf	_B,w,c
   384  00FCD2  6E0D               	movwf	_B,c
   385                           
   386                           ;main.c: 41: break;
   387  00FCD4  0012               	return	
   388  00FCD6                     l849:
   389                           
   390                           ;main.c: 43: trans_dato(b);
   391  00FCD6  500E               	movf	_b,w,c
   392  00FCD8  ECA5  F07D         	call	_trans_dato
   393                           
   394                           ;main.c: 44: if (b==122)
   395  00FCDC  0E7A               	movlw	122
   396  00FCDE  180E               	xorwf	_b,w,c
   397  00FCE0  A4D8               	btfss	status,2,c
   398  00FCE2  D003               	goto	l855
   399                           
   400                           ;main.c: 45: b=97;
   401  00FCE4  0E61               	movlw	97
   402  00FCE6  6E0E               	movwf	_b,c
   403  00FCE8  0012               	return	
   404  00FCEA                     l855:
   405                           
   406                           ;main.c: 46: else
   407                           ;main.c: 47: b=b+1;
   408  00FCEA  280E               	incf	_b,w,c
   409  00FCEC  6E0E               	movwf	_b,c
   410                           
   411                           ;main.c: 51: }
   412                           
   413                           ;main.c: 50: break;
   414                           
   415                           ;main.c: 49: default:
   416                           
   417                           ;main.c: 48: break;
   418  00FCEE  0012               	return	
   419  00FCF0                     l859:
   420  00FCF0  5010               	movf	send_leter@a,w,c
   421                           
   422                           ; Switch size 1, requested type "space"
   423                           ; Number of cases is 2, Range of values is 0 to 255
   424                           ; switch strategies available:
   425                           ; Name         Instructions Cycles
   426                           ; simple_byte            7     4 (average)
   427                           ;	Chosen strategy is simple_byte
   428  00FCF2  0A00               	xorlw	0	; case 0
   429  00FCF4  B4D8               	btfsc	status,2,c
   430  00FCF6  D7E2               	goto	l841
   431  00FCF8  0AFF               	xorlw	255	; case 255
   432  00FCFA  A4D8               	btfss	status,2,c
   433  00FCFC  0012               	return	
   434  00FCFE  D7EB               	goto	l849
   435  00FD00                     __end_of_send_leter:
   436                           	opt stack 0
   437                           tblptru	equ	0xFF8
   438                           tblptrh	equ	0xFF7
   439                           tblptrl	equ	0xFF6
   440                           tablat	equ	0xFF5
   441                           postinc0	equ	0xFEE
   442                           postdec1	equ	0xFE5
   443                           fsr1l	equ	0xFE1
   444                           status	equ	0xFD8
   445                           
   446 ;; *************** function _trans_dato *****************
   447 ;; Defined at:
   448 ;;		line 33 in file "m_uart.c"
   449 ;; Parameters:    Size  Location     Type
   450 ;;  x               1    wreg     unsigned char 
   451 ;; Auto vars:     Size  Location     Type
   452 ;;  x               1    0[COMRAM] unsigned char 
   453 ;; Return value:  Size  Location     Type
   454 ;;		None               void
   455 ;; Registers used:
   456 ;;		wreg
   457 ;; Tracked objects:
   458 ;;		On entry : 0/0
   459 ;;		On exit  : 0/0
   460 ;;		Unchanged: 0/0
   461 ;; Data sizes:     COMRAM   BANK0   BANK1   BANK2   BANK3   BANK4   BANK5   BANK6   BANK7   BANK8   BANK9  BANK10  BANK1
      +1  BANK12  BANK13  BANK14  BANK15
   462 ;;      Params:         0       0       0       0       0       0       0       0       0       0       0       0       
      +0       0       0       0       0
   463 ;;      Locals:         1       0       0       0       0       0       0       0       0       0       0       0       
      +0       0       0       0       0
   464 ;;      Temps:          0       0       0       0       0       0       0       0       0       0       0       0       
      +0       0       0       0       0
   465 ;;      Totals:         1       0       0       0       0       0       0       0       0       0       0       0       
      +0       0       0       0       0
   466 ;;Total ram usage:        1 bytes
   467 ;; Hardware stack levels used:    1
   468 ;; This function calls:
   469 ;;		Nothing
   470 ;; This function is called by:
   471 ;;		_send_leter
   472 ;;		_send_msm
   473 ;; This function uses a non-reentrant model
   474 ;;
   475                           
   476                           	psect	text2
   477  00FB4A                     __ptext2:
   478                           	opt stack 0
   479  00FB4A                     _trans_dato:
   480                           	opt stack 29
   481                           
   482                           ;incstack = 0
   483                           ;trans_dato@x stored from wreg
   484  00FB4A  6E0F               	movwf	trans_dato@x,c
   485  00FB4C                     l164:
   486  00FB4C  A2AC               	btfss	4012,1,c	;volatile
   487  00FB4E  D7FE               	goto	l164
   488                           
   489                           ;m_uart.c: 35: TXREG=x;
   490  00FB50  C00F  FFAD         	movff	trans_dato@x,4013	;volatile
   491  00FB54  0012               	return		;funcret
   492  00FB56                     __end_of_trans_dato:
   493                           	opt stack 0
   494                           tblptru	equ	0xFF8
   495                           tblptrh	equ	0xFF7
   496                           tblptrl	equ	0xFF6
   497                           tablat	equ	0xFF5
   498                           postinc0	equ	0xFEE
   499                           postdec1	equ	0xFE5
   500                           fsr1l	equ	0xFE1
   501                           status	equ	0xFD8
   502                           
   503 ;; *************** function _read_d *****************
   504 ;; Defined at:
   505 ;;		line 43 in file "m_uart.c"
   506 ;; Parameters:    Size  Location     Type
   507 ;;		None
   508 ;; Auto vars:     Size  Location     Type
   509 ;;		None
   510 ;; Return value:  Size  Location     Type
   511 ;;                  2    0[COMRAM] int 
   512 ;; Registers used:
   513 ;;		wreg, status,2
   514 ;; Tracked objects:
   515 ;;		On entry : 0/0
   516 ;;		On exit  : 0/0
   517 ;;		Unchanged: 0/0
   518 ;; Data sizes:     COMRAM   BANK0   BANK1   BANK2   BANK3   BANK4   BANK5   BANK6   BANK7   BANK8   BANK9  BANK10  BANK1
      +1  BANK12  BANK13  BANK14  BANK15
   519 ;;      Params:         2       0       0       0       0       0       0       0       0       0       0       0       
      +0       0       0       0       0
   520 ;;      Locals:         0       0       0       0       0       0       0       0       0       0       0       0       
      +0       0       0       0       0
   521 ;;      Temps:          0       0       0       0       0       0       0       0       0       0       0       0       
      +0       0       0       0       0
   522 ;;      Totals:         2       0       0       0       0       0       0       0       0       0       0       0       
      +0       0       0       0       0
   523 ;;Total ram usage:        2 bytes
   524 ;; Hardware stack levels used:    1
   525 ;; This function calls:
   526 ;;		Nothing
   527 ;; This function is called by:
   528 ;;		_main
   529 ;; This function uses a non-reentrant model
   530 ;;
   531                           
   532                           	psect	text3
   533  00FB8E                     __ptext3:
   534                           	opt stack 0
   535  00FB8E                     _read_d:
   536                           	opt stack 30
   537                           
   538                           ;m_uart.c: 44: if (PIR1bits.RCIF==1)
   539                           
   540                           ;incstack = 0
   541  00FB8E  AA9E               	btfss	3998,5,c	;volatile
   542  00FB90  D004               	goto	l975
   543                           
   544                           ;m_uart.c: 45: return RCREG;
   545  00FB92  CFAE F00F          	movff	4014,?_read_d	;volatile
   546  00FB96  6A10               	clrf	?_read_d+1,c
   547  00FB98  0012               	return	
   548  00FB9A                     l975:
   549                           
   550                           ;m_uart.c: 46: else
   551                           ;m_uart.c: 47: return 0;
   552  00FB9A  0E00               	movlw	0
   553  00FB9C  6E10               	movwf	?_read_d+1,c
   554  00FB9E  0E00               	movlw	0
   555  00FBA0  6E0F               	movwf	?_read_d,c
   556  00FBA2  0012               	return	
   557  00FBA4                     __end_of_read_d:
   558                           	opt stack 0
   559                           tblptru	equ	0xFF8
   560                           tblptrh	equ	0xFF7
   561                           tblptrl	equ	0xFF6
   562                           tablat	equ	0xFF5
   563                           postinc0	equ	0xFEE
   564                           postdec1	equ	0xFE5
   565                           fsr1l	equ	0xFE1
   566                           status	equ	0xFD8
   567                           
   568 ;; *************** function _port *****************
   569 ;; Defined at:
   570 ;;		line 19 in file "hw.c"
   571 ;; Parameters:    Size  Location     Type
   572 ;;  c               1    wreg     unsigned char 
   573 ;; Auto vars:     Size  Location     Type
   574 ;;  c               1    0[COMRAM] unsigned char 
   575 ;; Return value:  Size  Location     Type
   576 ;;		None               void
   577 ;; Registers used:
   578 ;;		wreg, status,2, status,0
   579 ;; Tracked objects:
   580 ;;		On entry : 0/0
   581 ;;		On exit  : 0/0
   582 ;;		Unchanged: 0/0
   583 ;; Data sizes:     COMRAM   BANK0   BANK1   BANK2   BANK3   BANK4   BANK5   BANK6   BANK7   BANK8   BANK9  BANK10  BANK1
      +1  BANK12  BANK13  BANK14  BANK15
   584 ;;      Params:         0       0       0       0       0       0       0       0       0       0       0       0       
      +0       0       0       0       0
   585 ;;      Locals:         1       0       0       0       0       0       0       0       0       0       0       0       
      +0       0       0       0       0
   586 ;;      Temps:          0       0       0       0       0       0       0       0       0       0       0       0       
      +0       0       0       0       0
   587 ;;      Totals:         1       0       0       0       0       0       0       0       0       0       0       0       
      +0       0       0       0       0
   588 ;;Total ram usage:        1 bytes
   589 ;; Hardware stack levels used:    1
   590 ;; This function calls:
   591 ;;		Nothing
   592 ;; This function is called by:
   593 ;;		_main
   594 ;; This function uses a non-reentrant model
   595 ;;
   596                           
   597                           	psect	text4
   598  00FBBC                     __ptext4:
   599                           	opt stack 0
   600  00FBBC                     _port:
   601                           	opt stack 30
   602                           
   603                           ;incstack = 0
   604                           ;port@c stored from wreg
   605  00FBBC  6E0F               	movwf	port@c,c
   606                           
   607                           ;hw.c: 20: LATD &=0XF0;
   608  00FBBE  0EF0               	movlw	240
   609  00FBC0  168C               	andwf	3980,f,c	;volatile
   610                           
   611                           ;hw.c: 21: LATB &= 0XF0;
   612  00FBC2  0EF0               	movlw	240
   613  00FBC4  168A               	andwf	3978,f,c	;volatile
   614                           
   615                           ;hw.c: 22: LATD |=(c & 0x0F);
   616  00FBC6  500F               	movf	port@c,w,c
   617  00FBC8  0B0F               	andlw	15
   618  00FBCA  128C               	iorwf	3980,f,c	;volatile
   619                           
   620                           ;hw.c: 23: LATB |=(c>>4);
   621  00FBCC  380F               	swapf	port@c,w,c
   622  00FBCE  0B0F               	andlw	15
   623  00FBD0  128A               	iorwf	3978,f,c	;volatile
   624  00FBD2  0012               	return		;funcret
   625  00FBD4                     __end_of_port:
   626                           	opt stack 0
   627                           tblptru	equ	0xFF8
   628                           tblptrh	equ	0xFF7
   629                           tblptrl	equ	0xFF6
   630                           tablat	equ	0xFF5
   631                           postinc0	equ	0xFEE
   632                           postdec1	equ	0xFE5
   633                           fsr1l	equ	0xFE1
   634                           status	equ	0xFD8
   635                           
   636 ;; *************** function _flag_timer_1 *****************
   637 ;; Defined at:
   638 ;;		line 20 in file "timer.c"
   639 ;; Parameters:    Size  Location     Type
   640 ;;		None
   641 ;; Auto vars:     Size  Location     Type
   642 ;;		None
   643 ;; Return value:  Size  Location     Type
   644 ;;                  2    2[COMRAM] int 
   645 ;; Registers used:
   646 ;;		wreg, status,2, cstack
   647 ;; Tracked objects:
   648 ;;		On entry : 0/0
   649 ;;		On exit  : 0/0
   650 ;;		Unchanged: 0/0
   651 ;; Data sizes:     COMRAM   BANK0   BANK1   BANK2   BANK3   BANK4   BANK5   BANK6   BANK7   BANK8   BANK9  BANK10  BANK1
      +1  BANK12  BANK13  BANK14  BANK15
   652 ;;      Params:         2       0       0       0       0       0       0       0       0       0       0       0       
      +0       0       0       0       0
   653 ;;      Locals:         0       0       0       0       0       0       0       0       0       0       0       0       
      +0       0       0       0       0
   654 ;;      Temps:          0       0       0       0       0       0       0       0       0       0       0       0       
      +0       0       0       0       0
   655 ;;      Totals:         2       0       0       0       0       0       0       0       0       0       0       0       
      +0       0       0       0       0
   656 ;;Total ram usage:        2 bytes
   657 ;; Hardware stack levels used:    1
   658 ;; Hardware stack levels required when called:    1
   659 ;; This function calls:
   660 ;;		_timer_1_set
   661 ;;		_timer_1_star
   662 ;; This function is called by:
   663 ;;		_main
   664 ;; This function uses a non-reentrant model
   665 ;;
   666                           
   667                           	psect	text5
   668  00FBF0                     __ptext5:
   669                           	opt stack 0
   670  00FBF0                     _flag_timer_1:
   671                           	opt stack 29
   672                           
   673                           ;timer.c: 21: if(PIR1bits.TMR1IF){
   674                           
   675                           ;incstack = 0
   676  00FBF0  A09E               	btfss	3998,0,c	;volatile
   677  00FBF2  D00D               	goto	l991
   678                           
   679                           ;timer.c: 22: PIR1bits.TMR1IF=0;
   680  00FBF4  909E               	bcf	3998,0,c	;volatile
   681                           
   682                           ;timer.c: 23: timer_1_set(0x8C,0xAA);
   683  00FBF6  0EAA               	movlw	170
   684  00FBF8  6E0F               	movwf	timer_1_set@high,c
   685  00FBFA  0E8C               	movlw	140
   686  00FBFC  EC9F  F07D         	call	_timer_1_set
   687                           
   688                           ;timer.c: 24: timer_1_star();
   689  00FC00  EC98  F07D         	call	_timer_1_star	;wreg free
   690                           
   691                           ;timer.c: 25: return 1;
   692  00FC04  0E00               	movlw	0
   693  00FC06  6E12               	movwf	?_flag_timer_1+1,c
   694  00FC08  0E01               	movlw	1
   695  00FC0A  6E11               	movwf	?_flag_timer_1,c
   696                           
   697                           ;timer.c: 26: }
   698  00FC0C  0012               	return	
   699  00FC0E                     l991:
   700                           
   701                           ;timer.c: 27: else
   702                           ;timer.c: 28: return 0;
   703  00FC0E  0E00               	movlw	0
   704  00FC10  6E12               	movwf	?_flag_timer_1+1,c
   705  00FC12  0E00               	movlw	0
   706  00FC14  6E11               	movwf	?_flag_timer_1,c
   707  00FC16  0012               	return	
   708  00FC18                     __end_of_flag_timer_1:
   709                           	opt stack 0
   710                           tblptru	equ	0xFF8
   711                           tblptrh	equ	0xFF7
   712                           tblptrl	equ	0xFF6
   713                           tablat	equ	0xFF5
   714                           postinc0	equ	0xFEE
   715                           postdec1	equ	0xFE5
   716                           fsr1l	equ	0xFE1
   717                           status	equ	0xFD8
   718                           
   719 ;; *************** function _configg *****************
   720 ;; Defined at:
   721 ;;		line 22 in file "main.c"
   722 ;; Parameters:    Size  Location     Type
   723 ;;		None
   724 ;; Auto vars:     Size  Location     Type
   725 ;;		None
   726 ;; Return value:  Size  Location     Type
   727 ;;		None               void
   728 ;; Registers used:
   729 ;;		wreg, status,2, cstack
   730 ;; Tracked objects:
   731 ;;		On entry : 0/0
   732 ;;		On exit  : 0/0
   733 ;;		Unchanged: 0/0
   734 ;; Data sizes:     COMRAM   BANK0   BANK1   BANK2   BANK3   BANK4   BANK5   BANK6   BANK7   BANK8   BANK9  BANK10  BANK1
      +1  BANK12  BANK13  BANK14  BANK15
   735 ;;      Params:         0       0       0       0       0       0       0       0       0       0       0       0       
      +0       0       0       0       0
   736 ;;      Locals:         0       0       0       0       0       0       0       0       0       0       0       0       
      +0       0       0       0       0
   737 ;;      Temps:          0       0       0       0       0       0       0       0       0       0       0       0       
      +0       0       0       0       0
   738 ;;      Totals:         0       0       0       0       0       0       0       0       0       0       0       0       
      +0       0       0       0       0
   739 ;;Total ram usage:        0 bytes
   740 ;; Hardware stack levels used:    1
   741 ;; Hardware stack levels required when called:    1
   742 ;; This function calls:
   743 ;;		_activacion_rx
   744 ;;		_activacion_tx
   745 ;;		_config_tx_aurt
   746 ;;		_set_clk
   747 ;;		_set_leds
   748 ;;		_timer_1_conf
   749 ;;		_timer_1_set
   750 ;;		_timer_1_star
   751 ;; This function is called by:
   752 ;;		_main
   753 ;; This function uses a non-reentrant model
   754 ;;
   755                           
   756                           	psect	text6
   757  00FC18                     __ptext6:
   758                           	opt stack 0
   759  00FC18                     _configg:
   760                           	opt stack 29
   761                           
   762                           ;main.c: 23: set_clk();
   763                           
   764                           ;incstack = 0
   765  00FC18  EC9A  F07D         	call	_set_clk	;wreg free
   766                           
   767                           ;main.c: 24: config_tx_aurt();
   768  00FC1C  ECD2  F07D         	call	_config_tx_aurt	;wreg free
   769                           
   770                           ;main.c: 25: set_leds();
   771  00FC20  ECEA  F07D         	call	_set_leds	;wreg free
   772                           
   773                           ;main.c: 26: activacion_tx(1);
   774  00FC24  0E01               	movlw	1
   775  00FC26  ECB2  F07D         	call	_activacion_tx
   776                           
   777                           ;main.c: 27: timer_1_conf();
   778  00FC2A  ECB9  F07D         	call	_timer_1_conf	;wreg free
   779                           
   780                           ;main.c: 28: timer_1_set(0x8C,0xAA);
   781  00FC2E  0EAA               	movlw	170
   782  00FC30  6E0F               	movwf	timer_1_set@high,c
   783  00FC32  0E8C               	movlw	140
   784  00FC34  EC9F  F07D         	call	_timer_1_set
   785                           
   786                           ;main.c: 29: timer_1_star();
   787  00FC38  EC98  F07D         	call	_timer_1_star	;wreg free
   788                           
   789                           ;main.c: 30: activacion_rx(1);
   790  00FC3C  0E01               	movlw	1
   791  00FC3E  ECAB  F07D         	call	_activacion_rx
   792  00FC42  0012               	return		;funcret
   793  00FC44                     __end_of_configg:
   794                           	opt stack 0
   795                           tblptru	equ	0xFF8
   796                           tblptrh	equ	0xFF7
   797                           tblptrl	equ	0xFF6
   798                           tablat	equ	0xFF5
   799                           postinc0	equ	0xFEE
   800                           postdec1	equ	0xFE5
   801                           fsr1l	equ	0xFE1
   802                           status	equ	0xFD8
   803                           
   804 ;; *************** function _timer_1_star *****************
   805 ;; Defined at:
   806 ;;		line 16 in file "timer.c"
   807 ;; Parameters:    Size  Location     Type
   808 ;;		None
   809 ;; Auto vars:     Size  Location     Type
   810 ;;		None
   811 ;; Return value:  Size  Location     Type
   812 ;;		None               void
   813 ;; Registers used:
   814 ;;		None
   815 ;; Tracked objects:
   816 ;;		On entry : 0/0
   817 ;;		On exit  : 0/0
   818 ;;		Unchanged: 0/0
   819 ;; Data sizes:     COMRAM   BANK0   BANK1   BANK2   BANK3   BANK4   BANK5   BANK6   BANK7   BANK8   BANK9  BANK10  BANK1
      +1  BANK12  BANK13  BANK14  BANK15
   820 ;;      Params:         0       0       0       0       0       0       0       0       0       0       0       0       
      +0       0       0       0       0
   821 ;;      Locals:         0       0       0       0       0       0       0       0       0       0       0       0       
      +0       0       0       0       0
   822 ;;      Temps:          0       0       0       0       0       0       0       0       0       0       0       0       
      +0       0       0       0       0
   823 ;;      Totals:         0       0       0       0       0       0       0       0       0       0       0       0       
      +0       0       0       0       0
   824 ;;Total ram usage:        0 bytes
   825 ;; Hardware stack levels used:    1
   826 ;; This function calls:
   827 ;;		Nothing
   828 ;; This function is called by:
   829 ;;		_configg
   830 ;;		_flag_timer_1
   831 ;; This function uses a non-reentrant model
   832 ;;
   833                           
   834                           	psect	text7
   835  00FB30                     __ptext7:
   836                           	opt stack 0
   837  00FB30                     _timer_1_star:
   838                           	opt stack 29
   839                           
   840                           ;timer.c: 17: T1CONbits.TMR1ON=1;
   841                           
   842                           ;incstack = 0
   843  00FB30  80CD               	bsf	4045,0,c	;volatile
   844  00FB32  0012               	return		;funcret
   845  00FB34                     __end_of_timer_1_star:
   846                           	opt stack 0
   847                           tblptru	equ	0xFF8
   848                           tblptrh	equ	0xFF7
   849                           tblptrl	equ	0xFF6
   850                           tablat	equ	0xFF5
   851                           postinc0	equ	0xFEE
   852                           postdec1	equ	0xFE5
   853                           fsr1l	equ	0xFE1
   854                           status	equ	0xFD8
   855                           
   856 ;; *************** function _timer_1_set *****************
   857 ;; Defined at:
   858 ;;		line 12 in file "timer.c"
   859 ;; Parameters:    Size  Location     Type
   860 ;;  low             1    wreg     unsigned char 
   861 ;;  high            1    0[COMRAM] unsigned char 
   862 ;; Auto vars:     Size  Location     Type
   863 ;;  low             1    1[COMRAM] unsigned char 
   864 ;; Return value:  Size  Location     Type
   865 ;;		None               void
   866 ;; Registers used:
   867 ;;		wreg
   868 ;; Tracked objects:
   869 ;;		On entry : 0/0
   870 ;;		On exit  : 0/0
   871 ;;		Unchanged: 0/0
   872 ;; Data sizes:     COMRAM   BANK0   BANK1   BANK2   BANK3   BANK4   BANK5   BANK6   BANK7   BANK8   BANK9  BANK10  BANK1
      +1  BANK12  BANK13  BANK14  BANK15
   873 ;;      Params:         1       0       0       0       0       0       0       0       0       0       0       0       
      +0       0       0       0       0
   874 ;;      Locals:         1       0       0       0       0       0       0       0       0       0       0       0       
      +0       0       0       0       0
   875 ;;      Temps:          0       0       0       0       0       0       0       0       0       0       0       0       
      +0       0       0       0       0
   876 ;;      Totals:         2       0       0       0       0       0       0       0       0       0       0       0       
      +0       0       0       0       0
   877 ;;Total ram usage:        2 bytes
   878 ;; Hardware stack levels used:    1
   879 ;; This function calls:
   880 ;;		Nothing
   881 ;; This function is called by:
   882 ;;		_configg
   883 ;;		_flag_timer_1
   884 ;; This function uses a non-reentrant model
   885 ;;
   886                           
   887                           	psect	text8
   888  00FB3E                     __ptext8:
   889                           	opt stack 0
   890  00FB3E                     _timer_1_set:
   891                           	opt stack 29
   892                           
   893                           ;incstack = 0
   894                           ;timer_1_set@low stored from wreg
   895  00FB3E  6E10               	movwf	timer_1_set@low,c
   896                           
   897                           ;timer.c: 13: TMR1H=high;
   898  00FB40  C00F  FFCF         	movff	timer_1_set@high,4047	;volatile
   899                           
   900                           ;timer.c: 14: TMR1L=low;
   901  00FB44  C010  FFCE         	movff	timer_1_set@low,4046	;volatile
   902  00FB48  0012               	return		;funcret
   903  00FB4A                     __end_of_timer_1_set:
   904                           	opt stack 0
   905                           tblptru	equ	0xFF8
   906                           tblptrh	equ	0xFF7
   907                           tblptrl	equ	0xFF6
   908                           tablat	equ	0xFF5
   909                           postinc0	equ	0xFEE
   910                           postdec1	equ	0xFE5
   911                           fsr1l	equ	0xFE1
   912                           status	equ	0xFD8
   913                           
   914 ;; *************** function _timer_1_conf *****************
   915 ;; Defined at:
   916 ;;		line 3 in file "timer.c"
   917 ;; Parameters:    Size  Location     Type
   918 ;;		None
   919 ;; Auto vars:     Size  Location     Type
   920 ;;		None
   921 ;; Return value:  Size  Location     Type
   922 ;;		None               void
   923 ;; Registers used:
   924 ;;		wreg, status,2
   925 ;; Tracked objects:
   926 ;;		On entry : 0/0
   927 ;;		On exit  : 0/0
   928 ;;		Unchanged: 0/0
   929 ;; Data sizes:     COMRAM   BANK0   BANK1   BANK2   BANK3   BANK4   BANK5   BANK6   BANK7   BANK8   BANK9  BANK10  BANK1
      +1  BANK12  BANK13  BANK14  BANK15
   930 ;;      Params:         0       0       0       0       0       0       0       0       0       0       0       0       
      +0       0       0       0       0
   931 ;;      Locals:         0       0       0       0       0       0       0       0       0       0       0       0       
      +0       0       0       0       0
   932 ;;      Temps:          0       0       0       0       0       0       0       0       0       0       0       0       
      +0       0       0       0       0
   933 ;;      Totals:         0       0       0       0       0       0       0       0       0       0       0       0       
      +0       0       0       0       0
   934 ;;Total ram usage:        0 bytes
   935 ;; Hardware stack levels used:    1
   936 ;; This function calls:
   937 ;;		Nothing
   938 ;; This function is called by:
   939 ;;		_configg
   940 ;; This function uses a non-reentrant model
   941 ;;
   942                           
   943                           	psect	text9
   944  00FB72                     __ptext9:
   945                           	opt stack 0
   946  00FB72                     _timer_1_conf:
   947                           	opt stack 29
   948                           
   949                           ;timer.c: 4: T1CONbits.RD16=1;
   950                           
   951                           ;incstack = 0
   952  00FB72  8ECD               	bsf	4045,7,c	;volatile
   953                           
   954                           ;timer.c: 5: T1CONbits.T1RUN=0;
   955  00FB74  9CCD               	bcf	4045,6,c	;volatile
   956                           
   957                           ;timer.c: 6: T1CONbits.T1CKPS=11;
   958  00FB76  0E30               	movlw	48
   959  00FB78  12CD               	iorwf	4045,f,c	;volatile
   960                           
   961                           ;timer.c: 7: T1CONbits.T1SYNC=0;
   962  00FB7A  94CD               	bcf	4045,2,c	;volatile
   963                           
   964                           ;timer.c: 8: T1CONbits.TMR1CS=0;
   965  00FB7C  92CD               	bcf	4045,1,c	;volatile
   966  00FB7E  0012               	return		;funcret
   967  00FB80                     __end_of_timer_1_conf:
   968                           	opt stack 0
   969                           tblptru	equ	0xFF8
   970                           tblptrh	equ	0xFF7
   971                           tblptrl	equ	0xFF6
   972                           tablat	equ	0xFF5
   973                           postinc0	equ	0xFEE
   974                           postdec1	equ	0xFE5
   975                           fsr1l	equ	0xFE1
   976                           status	equ	0xFD8
   977                           
   978 ;; *************** function _set_leds *****************
   979 ;; Defined at:
   980 ;;		line 9 in file "hw.c"
   981 ;; Parameters:    Size  Location     Type
   982 ;;		None
   983 ;; Auto vars:     Size  Location     Type
   984 ;;		None
   985 ;; Return value:  Size  Location     Type
   986 ;;		None               void
   987 ;; Registers used:
   988 ;;		wreg, status,2
   989 ;; Tracked objects:
   990 ;;		On entry : 0/0
   991 ;;		On exit  : 0/0
   992 ;;		Unchanged: 0/0
   993 ;; Data sizes:     COMRAM   BANK0   BANK1   BANK2   BANK3   BANK4   BANK5   BANK6   BANK7   BANK8   BANK9  BANK10  BANK1
      +1  BANK12  BANK13  BANK14  BANK15
   994 ;;      Params:         0       0       0       0       0       0       0       0       0       0       0       0       
      +0       0       0       0       0
   995 ;;      Locals:         0       0       0       0       0       0       0       0       0       0       0       0       
      +0       0       0       0       0
   996 ;;      Temps:          0       0       0       0       0       0       0       0       0       0       0       0       
      +0       0       0       0       0
   997 ;;      Totals:         0       0       0       0       0       0       0       0       0       0       0       0       
      +0       0       0       0       0
   998 ;;Total ram usage:        0 bytes
   999 ;; Hardware stack levels used:    1
  1000 ;; This function calls:
  1001 ;;		Nothing
  1002 ;; This function is called by:
  1003 ;;		_configg
  1004 ;; This function uses a non-reentrant model
  1005 ;;
  1006                           
  1007                           	psect	text10
  1008  00FBD4                     __ptext10:
  1009                           	opt stack 0
  1010  00FBD4                     _set_leds:
  1011                           	opt stack 29
  1012                           
  1013                           ;hw.c: 10: PORTD=0;
  1014                           
  1015                           ;incstack = 0
  1016  00FBD4  0E00               	movlw	0
  1017  00FBD6  6E83               	movwf	3971,c	;volatile
  1018                           
  1019                           ;hw.c: 11: LATD=0;
  1020  00FBD8  0E00               	movlw	0
  1021  00FBDA  6E8C               	movwf	3980,c	;volatile
  1022                           
  1023                           ;hw.c: 12: PORTB=0;
  1024  00FBDC  0E00               	movlw	0
  1025  00FBDE  6E81               	movwf	3969,c	;volatile
  1026                           
  1027                           ;hw.c: 13: TRISB=0;
  1028  00FBE0  0E00               	movlw	0
  1029  00FBE2  6E93               	movwf	3987,c	;volatile
  1030                           
  1031                           ;hw.c: 14: TRISD=0;
  1032  00FBE4  0E00               	movlw	0
  1033  00FBE6  6E95               	movwf	3989,c	;volatile
  1034                           
  1035                           ;hw.c: 15: ANSEL=0XE0;
  1036  00FBE8  0EE0               	movlw	224
  1037  00FBEA  6E7E               	movwf	3966,c	;volatile
  1038                           
  1039                           ;hw.c: 16: TRISA=0XFF;
  1040  00FBEC  6892               	setf	3986,c	;volatile
  1041  00FBEE  0012               	return		;funcret
  1042  00FBF0                     __end_of_set_leds:
  1043                           	opt stack 0
  1044                           tblptru	equ	0xFF8
  1045                           tblptrh	equ	0xFF7
  1046                           tblptrl	equ	0xFF6
  1047                           tablat	equ	0xFF5
  1048                           postinc0	equ	0xFEE
  1049                           postdec1	equ	0xFE5
  1050                           fsr1l	equ	0xFE1
  1051                           status	equ	0xFD8
  1052                           
  1053 ;; *************** function _set_clk *****************
  1054 ;; Defined at:
  1055 ;;		line 3 in file "hw.c"
  1056 ;; Parameters:    Size  Location     Type
  1057 ;;		None
  1058 ;; Auto vars:     Size  Location     Type
  1059 ;;		None
  1060 ;; Return value:  Size  Location     Type
  1061 ;;                  2    2[None  ] int 
  1062 ;; Registers used:
  1063 ;;		wreg, status,2
  1064 ;; Tracked objects:
  1065 ;;		On entry : 0/0
  1066 ;;		On exit  : 0/0
  1067 ;;		Unchanged: 0/0
  1068 ;; Data sizes:     COMRAM   BANK0   BANK1   BANK2   BANK3   BANK4   BANK5   BANK6   BANK7   BANK8   BANK9  BANK10  BANK1
      +1  BANK12  BANK13  BANK14  BANK15
  1069 ;;      Params:         0       0       0       0       0       0       0       0       0       0       0       0       
      +0       0       0       0       0
  1070 ;;      Locals:         0       0       0       0       0       0       0       0       0       0       0       0       
      +0       0       0       0       0
  1071 ;;      Temps:          0       0       0       0       0       0       0       0       0       0       0       0       
      +0       0       0       0       0
  1072 ;;      Totals:         0       0       0       0       0       0       0       0       0       0       0       0       
      +0       0       0       0       0
  1073 ;;Total ram usage:        0 bytes
  1074 ;; Hardware stack levels used:    1
  1075 ;; This function calls:
  1076 ;;		Nothing
  1077 ;; This function is called by:
  1078 ;;		_configg
  1079 ;; This function uses a non-reentrant model
  1080 ;;
  1081                           
  1082                           	psect	text11
  1083  00FB34                     __ptext11:
  1084                           	opt stack 0
  1085  00FB34                     _set_clk:
  1086                           	opt stack 29
  1087                           
  1088                           ;hw.c: 5: OSCCONbits.OSTS=1;
  1089                           
  1090                           ;incstack = 0
  1091  00FB34  86D3               	bsf	4051,3,c	;volatile
  1092                           
  1093                           ;hw.c: 6: OSCCONbits.IOFS=1;
  1094  00FB36  84D3               	bsf	4051,2,c	;volatile
  1095                           
  1096                           ;hw.c: 7: OSCCONbits.SCS=00;
  1097  00FB38  0EFC               	movlw	-4
  1098  00FB3A  16D3               	andwf	4051,f,c	;volatile
  1099  00FB3C  0012               	return		;funcret
  1100  00FB3E                     __end_of_set_clk:
  1101                           	opt stack 0
  1102                           tblptru	equ	0xFF8
  1103                           tblptrh	equ	0xFF7
  1104                           tblptrl	equ	0xFF6
  1105                           tablat	equ	0xFF5
  1106                           postinc0	equ	0xFEE
  1107                           postdec1	equ	0xFE5
  1108                           fsr1l	equ	0xFE1
  1109                           status	equ	0xFD8
  1110                           
  1111 ;; *************** function _config_tx_aurt *****************
  1112 ;; Defined at:
  1113 ;;		line 3 in file "m_uart.c"
  1114 ;; Parameters:    Size  Location     Type
  1115 ;;		None
  1116 ;; Auto vars:     Size  Location     Type
  1117 ;;		None
  1118 ;; Return value:  Size  Location     Type
  1119 ;;		None               void
  1120 ;; Registers used:
  1121 ;;		wreg, status,2
  1122 ;; Tracked objects:
  1123 ;;		On entry : 0/0
  1124 ;;		On exit  : 0/0
  1125 ;;		Unchanged: 0/0
  1126 ;; Data sizes:     COMRAM   BANK0   BANK1   BANK2   BANK3   BANK4   BANK5   BANK6   BANK7   BANK8   BANK9  BANK10  BANK1
      +1  BANK12  BANK13  BANK14  BANK15
  1127 ;;      Params:         0       0       0       0       0       0       0       0       0       0       0       0       
      +0       0       0       0       0
  1128 ;;      Locals:         0       0       0       0       0       0       0       0       0       0       0       0       
      +0       0       0       0       0
  1129 ;;      Temps:          0       0       0       0       0       0       0       0       0       0       0       0       
      +0       0       0       0       0
  1130 ;;      Totals:         0       0       0       0       0       0       0       0       0       0       0       0       
      +0       0       0       0       0
  1131 ;;Total ram usage:        0 bytes
  1132 ;; Hardware stack levels used:    1
  1133 ;; This function calls:
  1134 ;;		Nothing
  1135 ;; This function is called by:
  1136 ;;		_configg
  1137 ;; This function uses a non-reentrant model
  1138 ;;
  1139                           
  1140                           	psect	text12
  1141  00FBA4                     __ptext12:
  1142                           	opt stack 0
  1143  00FBA4                     _config_tx_aurt:
  1144                           	opt stack 29
  1145                           
  1146                           ;m_uart.c: 4: SPBRGH=0x00;
  1147                           
  1148                           ;incstack = 0
  1149  00FBA4  0E00               	movlw	0
  1150  00FBA6  6EB0               	movwf	4016,c	;volatile
  1151                           
  1152                           ;m_uart.c: 5: SPBRG=0X19;
  1153  00FBA8  0E19               	movlw	25
  1154  00FBAA  6EAF               	movwf	4015,c	;volatile
  1155                           
  1156                           ;m_uart.c: 6: TXSTAbits.SYNC=0;
  1157  00FBAC  98AC               	bcf	4012,4,c	;volatile
  1158                           
  1159                           ;m_uart.c: 7: TXSTAbits.BRGH=1;
  1160  00FBAE  84AC               	bsf	4012,2,c	;volatile
  1161                           
  1162                           ;m_uart.c: 8: BAUDCONbits.BRG16=1;
  1163  00FBB0  86B8               	bsf	4024,3,c	;volatile
  1164                           
  1165                           ;m_uart.c: 9: TRISCbits.RC7=1;
  1166  00FBB2  8E94               	bsf	3988,7,c	;volatile
  1167                           
  1168                           ;m_uart.c: 10: TRISCbits.RC6=1;
  1169  00FBB4  8C94               	bsf	3988,6,c	;volatile
  1170                           
  1171                           ;m_uart.c: 11: RCSTAbits.SPEN=1;
  1172  00FBB6  8EAB               	bsf	4011,7,c	;volatile
  1173                           
  1174                           ;m_uart.c: 12: RCSTAbits.RX9=0;
  1175  00FBB8  9CAB               	bcf	4011,6,c	;volatile
  1176  00FBBA  0012               	return		;funcret
  1177  00FBBC                     __end_of_config_tx_aurt:
  1178                           	opt stack 0
  1179                           tblptru	equ	0xFF8
  1180                           tblptrh	equ	0xFF7
  1181                           tblptrl	equ	0xFF6
  1182                           tablat	equ	0xFF5
  1183                           postinc0	equ	0xFEE
  1184                           postdec1	equ	0xFE5
  1185                           fsr1l	equ	0xFE1
  1186                           status	equ	0xFD8
  1187                           
  1188 ;; *************** function _activacion_tx *****************
  1189 ;; Defined at:
  1190 ;;		line 18 in file "m_uart.c"
  1191 ;; Parameters:    Size  Location     Type
  1192 ;;  x               1    wreg     unsigned char 
  1193 ;; Auto vars:     Size  Location     Type
  1194 ;;  x               1    0[COMRAM] unsigned char 
  1195 ;; Return value:  Size  Location     Type
  1196 ;;		None               void
  1197 ;; Registers used:
  1198 ;;		wreg
  1199 ;; Tracked objects:
  1200 ;;		On entry : 0/0
  1201 ;;		On exit  : 0/0
  1202 ;;		Unchanged: 0/0
  1203 ;; Data sizes:     COMRAM   BANK0   BANK1   BANK2   BANK3   BANK4   BANK5   BANK6   BANK7   BANK8   BANK9  BANK10  BANK1
      +1  BANK12  BANK13  BANK14  BANK15
  1204 ;;      Params:         0       0       0       0       0       0       0       0       0       0       0       0       
      +0       0       0       0       0
  1205 ;;      Locals:         1       0       0       0       0       0       0       0       0       0       0       0       
      +0       0       0       0       0
  1206 ;;      Temps:          0       0       0       0       0       0       0       0       0       0       0       0       
      +0       0       0       0       0
  1207 ;;      Totals:         1       0       0       0       0       0       0       0       0       0       0       0       
      +0       0       0       0       0
  1208 ;;Total ram usage:        1 bytes
  1209 ;; Hardware stack levels used:    1
  1210 ;; This function calls:
  1211 ;;		Nothing
  1212 ;; This function is called by:
  1213 ;;		_configg
  1214 ;; This function uses a non-reentrant model
  1215 ;;
  1216                           
  1217                           	psect	text13
  1218  00FB64                     __ptext13:
  1219                           	opt stack 0
  1220  00FB64                     _activacion_tx:
  1221                           	opt stack 29
  1222                           
  1223                           ;incstack = 0
  1224                           ;activacion_tx@x stored from wreg
  1225  00FB64  6E0F               	movwf	activacion_tx@x,c
  1226                           
  1227                           ;m_uart.c: 19: TXSTAbits.TXEN=x;
  1228  00FB66  B00F               	btfsc	activacion_tx@x,0,c
  1229  00FB68  D002               	bra	u15
  1230  00FB6A  9AAC               	bcf	4012,5,c	;volatile
  1231  00FB6C  D001               	bra	u16
  1232  00FB6E                     u15:
  1233  00FB6E  8AAC               	bsf	4012,5,c	;volatile
  1234  00FB70                     u16:
  1235  00FB70  0012               	return		;funcret
  1236  00FB72                     __end_of_activacion_tx:
  1237                           	opt stack 0
  1238                           tblptru	equ	0xFF8
  1239                           tblptrh	equ	0xFF7
  1240                           tblptrl	equ	0xFF6
  1241                           tablat	equ	0xFF5
  1242                           postinc0	equ	0xFEE
  1243                           postdec1	equ	0xFE5
  1244                           fsr1l	equ	0xFE1
  1245                           status	equ	0xFD8
  1246                           
  1247 ;; *************** function _activacion_rx *****************
  1248 ;; Defined at:
  1249 ;;		line 22 in file "m_uart.c"
  1250 ;; Parameters:    Size  Location     Type
  1251 ;;  x               1    wreg     unsigned char 
  1252 ;; Auto vars:     Size  Location     Type
  1253 ;;  x               1    0[COMRAM] unsigned char 
  1254 ;; Return value:  Size  Location     Type
  1255 ;;		None               void
  1256 ;; Registers used:
  1257 ;;		wreg
  1258 ;; Tracked objects:
  1259 ;;		On entry : 0/0
  1260 ;;		On exit  : 0/0
  1261 ;;		Unchanged: 0/0
  1262 ;; Data sizes:     COMRAM   BANK0   BANK1   BANK2   BANK3   BANK4   BANK5   BANK6   BANK7   BANK8   BANK9  BANK10  BANK1
      +1  BANK12  BANK13  BANK14  BANK15
  1263 ;;      Params:         0       0       0       0       0       0       0       0       0       0       0       0       
      +0       0       0       0       0
  1264 ;;      Locals:         1       0       0       0       0       0       0       0       0       0       0       0       
      +0       0       0       0       0
  1265 ;;      Temps:          0       0       0       0       0       0       0       0       0       0       0       0       
      +0       0       0       0       0
  1266 ;;      Totals:         1       0       0       0       0       0       0       0       0       0       0       0       
      +0       0       0       0       0
  1267 ;;Total ram usage:        1 bytes
  1268 ;; Hardware stack levels used:    1
  1269 ;; This function calls:
  1270 ;;		Nothing
  1271 ;; This function is called by:
  1272 ;;		_configg
  1273 ;; This function uses a non-reentrant model
  1274 ;;
  1275                           
  1276                           	psect	text14
  1277  00FB56                     __ptext14:
  1278                           	opt stack 0
  1279  00FB56                     _activacion_rx:
  1280                           	opt stack 29
  1281                           
  1282                           ;incstack = 0
  1283                           ;activacion_rx@x stored from wreg
  1284  00FB56  6E0F               	movwf	activacion_rx@x,c
  1285                           
  1286                           ;m_uart.c: 23: RCSTAbits.CREN=x;
  1287  00FB58  B00F               	btfsc	activacion_rx@x,0,c
  1288  00FB5A  D002               	bra	u25
  1289  00FB5C  98AB               	bcf	4011,4,c	;volatile
  1290  00FB5E  D001               	bra	u26
  1291  00FB60                     u25:
  1292  00FB60  88AB               	bsf	4011,4,c	;volatile
  1293  00FB62                     u26:
  1294  00FB62  0012               	return		;funcret
  1295  00FB64                     __end_of_activacion_rx:
  1296                           	opt stack 0
  1297  0000                     tblptru	equ	0xFF8
  1298                           tblptrh	equ	0xFF7
  1299                           tblptrl	equ	0xFF6
  1300                           tablat	equ	0xFF5
  1301                           postinc0	equ	0xFEE
  1302                           postdec1	equ	0xFE5
  1303                           fsr1l	equ	0xFE1
  1304                           status	equ	0xFD8
  1305                           tblptru	equ	0xFF8
  1306                           tblptrh	equ	0xFF7
  1307                           tblptrl	equ	0xFF6
  1308                           tablat	equ	0xFF5
  1309                           postinc0	equ	0xFEE
  1310                           postdec1	equ	0xFE5
  1311                           fsr1l	equ	0xFE1
  1312                           status	equ	0xFD8
  1313                           
  1314                           	psect	rparam
  1315  0000                     tblptru	equ	0xFF8
  1316                           tblptrh	equ	0xFF7
  1317                           tblptrl	equ	0xFF6
  1318                           tablat	equ	0xFF5
  1319                           postinc0	equ	0xFEE
  1320                           postdec1	equ	0xFE5
  1321                           fsr1l	equ	0xFE1
  1322                           status	equ	0xFD8


Data Sizes:
    Strings     0
    Constant    0
    Data        14
    BSS         2
    Persistent  0
    Stack       0

Auto Spaces:
    Space          Size  Autos    Used
    COMRAM           95     10      26
    BANK0           160      0       0
    BANK1           256      0       0
    BANK2           256      0       0
    BANK3           256      0       0
    BANK4           256      0       0
    BANK5           256      0       0
    BANK6           256      0       0
    BANK7           256      0       0
    BANK8           256      0       0
    BANK9           256      0       0
    BANK10          256      0       0
    BANK11          256      0       0
    BANK12          256      0       0
    BANK13          256      0       0
    BANK14          239      0       0
    BANK15           96      0       0

Pointer List with Targets:

    None.

Critical Paths under _main in COMRAM

    _main->_flag_timer_1
    _send_leter->_trans_dato
    _flag_timer_1->_timer_1_set
    _configg->_timer_1_set

Critical Paths under _main in BANK0

    None.

Critical Paths under _main in BANK1

    None.

Critical Paths under _main in BANK2

    None.

Critical Paths under _main in BANK3

    None.

Critical Paths under _main in BANK4

    None.

Critical Paths under _main in BANK5

    None.

Critical Paths under _main in BANK6

    None.

Critical Paths under _main in BANK7

    None.

Critical Paths under _main in BANK8

    None.

Critical Paths under _main in BANK9

    None.

Critical Paths under _main in BANK10

    None.

Critical Paths under _main in BANK11

    None.

Critical Paths under _main in BANK12

    None.

Critical Paths under _main in BANK13

    None.

Critical Paths under _main in BANK14

    None.

Critical Paths under _main in BANK15

    None.

Call Graph Tables:

 ---------------------------------------------------------------------------------
 (Depth) Function   	        Calls       Base Space   Used Autos Params    Refs
 ---------------------------------------------------------------------------------
 (0) _main                                                 6     1      5     440
                                              4 COMRAM     6     1      5
                            _configg
                       _flag_timer_1
                               _port
                             _read_d
                         _send_leter
 ---------------------------------------------------------------------------------
 (1) _send_leter                                           1     1      0      30
                                              1 COMRAM     1     1      0
                         _trans_dato
 ---------------------------------------------------------------------------------
 (2) _trans_dato                                           1     1      0      15
                                              0 COMRAM     1     1      0
 ---------------------------------------------------------------------------------
 (1) _read_d                                               2     0      2       0
                                              0 COMRAM     2     0      2
 ---------------------------------------------------------------------------------
 (1) _port                                                 1     1      0      30
                                              0 COMRAM     1     1      0
 ---------------------------------------------------------------------------------
 (1) _flag_timer_1                                         2     0      2     130
                                              2 COMRAM     2     0      2
                        _timer_1_set
                       _timer_1_star
 ---------------------------------------------------------------------------------
 (1) _configg                                              0     0      0     160
                      _activacion_rx
                      _activacion_tx
                     _config_tx_aurt
                            _set_clk
                           _set_leds
                       _timer_1_conf
                        _timer_1_set
                       _timer_1_star
 ---------------------------------------------------------------------------------
 (2) _timer_1_star                                         0     0      0       0
 ---------------------------------------------------------------------------------
 (2) _timer_1_set                                          2     1      1     130
                                              0 COMRAM     2     1      1
 ---------------------------------------------------------------------------------
 (2) _timer_1_conf                                         0     0      0       0
 ---------------------------------------------------------------------------------
 (2) _set_leds                                             0     0      0       0
 ---------------------------------------------------------------------------------
 (2) _set_clk                                              0     0      0       0
 ---------------------------------------------------------------------------------
 (2) _config_tx_aurt                                       0     0      0       0
 ---------------------------------------------------------------------------------
 (2) _activacion_tx                                        1     1      0      15
                                              0 COMRAM     1     1      0
 ---------------------------------------------------------------------------------
 (2) _activacion_rx                                        1     1      0      15
                                              0 COMRAM     1     1      0
 ---------------------------------------------------------------------------------
 Estimated maximum stack depth 2
 ---------------------------------------------------------------------------------

 Call Graph Graphs:

 _main (ROOT)
   _configg
     _activacion_rx
     _activacion_tx
     _config_tx_aurt
     _set_clk
     _set_leds
     _timer_1_conf
     _timer_1_set
     _timer_1_star
   _flag_timer_1
     _timer_1_set
     _timer_1_star
   _port
   _read_d
   _send_leter
     _trans_dato

 Address spaces:
Name               Size   Autos  Total    Cost      Usage
BIGRAM             EEE      0       0      38        0.0%
EEDATA             400      0       0       0        0.0%
BITBANK13          100      0       0      31        0.0%
BANK13             100      0       0      32        0.0%
BITBANK12          100      0       0      29        0.0%
BANK12             100      0       0      30        0.0%
BITBANK11          100      0       0      27        0.0%
BANK11             100      0       0      28        0.0%
BITBANK10          100      0       0      25        0.0%
BANK10             100      0       0      26        0.0%
BITBANK9           100      0       0      23        0.0%
BANK9              100      0       0      24        0.0%
BITBANK8           100      0       0      21        0.0%
BANK8              100      0       0      22        0.0%
BITBANK7           100      0       0      19        0.0%
BANK7              100      0       0      20        0.0%
BITBANK6           100      0       0      17        0.0%
BANK6              100      0       0      18        0.0%
BITBANK5           100      0       0      15        0.0%
BANK5              100      0       0      16        0.0%
BITBANK4           100      0       0      13        0.0%
BANK4              100      0       0      14        0.0%
BITBANK3           100      0       0      11        0.0%
BANK3              100      0       0      12        0.0%
BITBANK2           100      0       0       9        0.0%
BANK2              100      0       0      10        0.0%
BITBANK1           100      0       0       7        0.0%
BANK1              100      0       0       8        0.0%
BITBANK14           EF      0       0      33        0.0%
BANK14              EF      0       0      34        0.0%
BITBANK0            A0      0       0       4        0.0%
BANK0               A0      0       0       5        0.0%
BITBANK15           60      0       0      35        0.0%
BANK15              60      0       0      36        0.0%
BIGRAM_1            60      0       0      37        0.0%
BITCOMRAM           5F      0       0       0        0.0%
COMRAM              5F      A      1A       1       27.4%
BITSFR_5             0      0       0      40        0.0%
SFR_5                0      0       0      40        0.0%
BITSFR_4             0      0       0      40        0.0%
SFR_4                0      0       0      40        0.0%
BITSFR_3             0      0       0      40        0.0%
SFR_3                0      0       0      40        0.0%
BITSFR_2             0      0       0      40        0.0%
SFR_2                0      0       0      40        0.0%
BITSFR_1             0      0       0      40        0.0%
SFR_1                0      0       0      40        0.0%
BITSFR               0      0       0      40        0.0%
SFR                  0      0       0      40        0.0%
STACK                0      0       0       2        0.0%
NULL                 0      0       0       0        0.0%
ABS                  0      0      1A       6        0.0%
DATA                 0      0      1A       3        0.0%
CODE                 0      0       0       0        0.0%


Microchip Technology PIC18 Macro Assembler V1.35 build -356382666 
Symbol Table                                                                                   Sat Nov 26 14:45:01 2016

                      _B 000D                        _a 0019                        _b 000E  
                      _d 001A                       u15 FB6E                       u16 FB70  
                     u25 FB60                       u26 FB62             __CFG_CP0$OFF 000000  
           __CFG_CP1$OFF 000000             __CFG_CP2$OFF 000000             __CFG_CP3$OFF 000000  
                    l164 FB4C                      l841 FCBC                      l855 FCEA  
                    l847 FCD0                      l849 FCD6                      l859 FCF0  
                    l991 FC0E                      l975 FB9A                      l999 FC7A  
           __CFG_CPB$OFF 000000             __CFG_CPD$OFF 000000                      _msm 0001  
           __CFG_BORV$18 000000             __CFG_IESO$ON 000000             __CFG_LVP$OFF 000000  
                   l1011 FC9E                     l1013 FCA4                     _LATB 000F8A  
                   _LATD 000F8C             __CFG_PWRT$ON 000000                     _main FC72  
                   _port FBBC                     fsr1l 000FE1                     start 0002  
          __CFG_MCLRE$ON 000000             ___param_bank 000010                    ?_main 0013  
                  ?_port 000F                    _ANSEL 000F7E    __end_of_activacion_rx FB64  
  __end_of_activacion_tx FB72                    _RCREG 000FAE                    _TMR0H 000FD7  
                  _TMR1H 000FCF                    _TMR0L 000FD6                    _TMR1L 000FCE  
                  _SPBRG 000FAF                    _PORTB 000F81                    _PORTD 000F83  
                  _TRISA 000F92                    _TRISB 000F93                    _TRISD 000F95  
                  _TXREG 000FAD            __CFG_WRT0$OFF 000000            __CFG_WRT1$OFF 000000  
          __CFG_WRT2$OFF 000000            __CFG_WRT3$OFF 000000           __CFG_EBTR0$OFF 000000  
         __CFG_FCMEN$OFF 000000           __CFG_EBTR1$OFF 000000           __CFG_EBTR2$OFF 000000  
         __CFG_EBTR3$OFF 000000          __end_of_configg FC44            __CFG_WRTB$OFF 000000  
          __CFG_WRTC$OFF 000000            __CFG_WRTD$OFF 000000           __CFG_EBTRB$OFF 000000  
                  main@m 0018           __CFG_BOREN$OFF 000000          __end_of_set_clk FB3E  
                  tablat 000FF5                    port@c 000F                    status 000FD8  
        __initialization FC44             __end_of_main FCB8             __end_of_port FBD4  
                 ??_main 0018                   ??_port 000F            __activetblptr 000002  
   __end_of_flag_timer_1 FC18           __CFG_WDTEN$OFF 000000                   _SPBRGH 000FB0  
         __CFG_XINST$OFF 000000                   _read_d FB8E             ?_timer_1_set 000F  
              ??_configg 0011             __pdataCOMRAM 0001         __end_of_set_leds FBF0  
              ??_set_clk 000F                   tblptrh 000FF7                   tblptrl 000FF6  
                 tblptru 000FF8          __CFG_HFOFST$OFF 000000         ??_config_tx_aurt 000F  
             __accesstop 0060  __end_of__initialization FC68          __CFG_PBADEN$OFF 000000  
          ___rparam_used 000001           __pcstackCOMRAM 000F                  ?_read_d 000F  
  __size_of_flag_timer_1 0028              send_leter@a 0010                  __Hparam 0000  
                __Lparam 0000                ?_set_leds 000F             _flag_timer_1 FBF0  
        __CFG_STVREN$OFF 000000                  __pcinit FC44          __size_of_read_d 0016  
                __ramtop 1000                  __ptext0 FC72                  __ptext1 FCB8  
                __ptext2 FB4A                  __ptext3 FB8E                  __ptext4 FBBC  
                __ptext5 FBF0                  __ptext6 FC18                  __ptext7 FB30  
                __ptext8 FB3E                  __ptext9 FB72                  _configg FC18  
              _T0CONbits 000FD5                _T1CONbits 000FCD     __size_of_timer_1_set 000C  
                _set_clk FB34            ?_timer_1_conf 000F            ?_timer_1_star 000F  
   end_of_initialization FC68            __Lmediumconst 0000               _send_leter FCB8  
 __size_of_activacion_rx 000E   __size_of_activacion_tx 000E               ??_set_leds 000F  
              _RCSTAbits 000FAB                  postdec1 000FE5                  postinc0 000FEE  
              _TRISCbits 000F94           ??_timer_1_conf 000F           ??_timer_1_star 000F  
             _trans_dato FB4A                _TXSTAbits 000FAC              _BAUDCONbits 000FB8  
          __pidataCOMRAM FB80           __end_of_read_d FBA4            _activacion_rx FB56  
          _activacion_tx FB64      start_initialization FC44              ?_send_leter 000F  
            trans_dato@x 000F         __CFG_LPT1OSC$OFF 000000                 ??_read_d 0011  
        timer_1_set@high 000F           ?_activacion_rx 000F           ?_activacion_tx 000F  
            __pbssCOMRAM 0019              ?_trans_dato 000F        __CFG_CCP2MX$PORTC 000000  
__size_of_config_tx_aurt 0018     __end_of_timer_1_conf FB80     __end_of_timer_1_star FB34  
      __size_of_set_leds 001C                 ?_configg 000F      __size_of_send_leter 0048  
               ?_set_clk 000F                 _PIR1bits 000F9E         __CFG_WDTPS$32768 000000  
    __size_of_trans_dato 000C          ??_activacion_rx 000F          ??_activacion_tx 000F  
          ??_timer_1_set 0010                copy_data0 FC5C           activacion_rx@x 000F  
         activacion_tx@x 000F                 __Hrparam 0000                 __Lrparam 0000  
         timer_1_set@low 0010         __size_of_configg 002C      __end_of_timer_1_set FB4A  
               __ptext10 FBD4                 __ptext11 FB34                 __ptext12 FBA4  
               __ptext13 FB64                 __ptext14 FB56         __size_of_set_clk 000A  
           ??_send_leter 0010            __size_of_main 0046            __size_of_port 0018  
  __size_of_timer_1_conf 000E    __size_of_timer_1_star 0004                 _set_leds FBD4  
         _config_tx_aurt FBA4                 main@argc 0013                 main@argv 0015  
             _INTCONbits 000FF2       __end_of_send_leter FD00             ??_trans_dato 000F  
           _timer_1_conf FB72             _timer_1_star FB30   __end_of_config_tx_aurt FBBC  
             _OSCCONbits 000FD3            ?_flag_timer_1 0011       __end_of_trans_dato FB56  
            _timer_1_set FB3E        __CFG_FOSC$INTIO67 000000          ?_config_tx_aurt 000F  
         ??_flag_timer_1 0013  
