

Microchip Technology PIC18 LITE Macro Assembler V1.35 build -356382666 
                                                                                               Wed Nov 30 17:49:51 2016

Microchip Technology Omniscient Code Generator v1.35 (Free mode) build 201507080246
     1                           	processor	18F46K20
     2                           	fnconf	rparam,??,?,0
     3                           	opt	pw 120
     4                           	opt	lm
     5                           	psect	idataCOMRAM,global,class=CODE,delta=1
     6                           	psect	nvCOMRAM,global,class=COMRAM,space=1,delta=1
     7                           	psect	cinit,global,reloc=2,class=CODE,delta=1
     8                           	psect	bssCOMRAM,global,class=COMRAM,space=1,delta=1
     9                           	psect	dataCOMRAM,global,class=COMRAM,space=1,delta=1
    10                           	psect	cstackCOMRAM,global,class=COMRAM,space=1,delta=1
    11                           	psect	text0,global,reloc=2,class=CODE,delta=1
    12                           	psect	text1,global,reloc=2,class=CODE,delta=1
    13                           	psect	text2,global,reloc=2,class=CODE,delta=1
    14                           	psect	text3,global,reloc=2,class=CODE,delta=1
    15                           	psect	text4,global,reloc=2,class=CODE,delta=1
    16                           	psect	text5,global,reloc=2,class=CODE,delta=1
    17                           	psect	text6,global,reloc=2,class=CODE,delta=1
    18                           	psect	text7,global,reloc=2,class=CODE,delta=1
    19                           	psect	text8,global,reloc=2,class=CODE,delta=1
    20                           	psect	text9,global,reloc=2,class=CODE,delta=1
    21                           	psect	text10,global,reloc=2,class=CODE,delta=1
    22                           	psect	text11,global,reloc=2,class=CODE,delta=1
    23                           	psect	intsave_regs,global,class=BIGRAM,space=1,delta=1
    24                           	psect	rparam,global,class=COMRAM,space=1,delta=1
    25  0000                     
    26                           	psect	idataCOMRAM
    27  00FDFB                     __pidataCOMRAM:
    28                           	opt stack 0
    29                           
    30                           ;initializer for _a
    31  00FDFB  FF                 	db	255
    32                           
    33                           	psect	nvCOMRAM
    34  00000E                     __pnvCOMRAM:
    35                           	opt stack 0
    36  00000E                     _d:
    37                           	opt stack 0
    38  00000E                     	ds	1
    39  0000                     _ANSEL	set	3966
    40  0000                     _INTCONbits	set	4082
    41  0000                     _LATB	set	3978
    42  0000                     _LATD	set	3980
    43  0000                     _PORTB	set	3969
    44  0000                     _PORTD	set	3971
    45  0000                     _T0CONbits	set	4053
    46  0000                     _TMR0H	set	4055
    47  0000                     _TMR0L	set	4054
    48  0000                     _TRISA	set	3986
    49  0000                     _TRISB	set	3987
    50  0000                     _TRISD	set	3989
    51                           
    52                           ; #config settings
    53  0000                     
    54                           	psect	cinit
    55  00FE66                     __pcinit:
    56                           	opt stack 0
    57  00FE66                     start_initialization:
    58                           	opt stack 0
    59  00FE66                     __initialization:
    60                           	opt stack 0
    61                           
    62                           ; Clear objects allocated to COMRAM (2 bytes)
    63  00FE66  6A0D               	clrf	(__pbssCOMRAM+1)& (0+255),c
    64  00FE68  6A0C               	clrf	__pbssCOMRAM& (0+255),c
    65                           
    66                           ; Initialize objects allocated to COMRAM (1 bytes)
    67                           ; load TBLPTR registers with __pidataCOMRAM
    68  00FE6A  0EFB               	movlw	low __pidataCOMRAM
    69  00FE6C  6EF6               	movwf	tblptrl,c
    70  00FE6E  0EFD               	movlw	high __pidataCOMRAM
    71  00FE70  6EF7               	movwf	tblptrh,c
    72  00FE72  0E00               	movlw	low (__pidataCOMRAM shr (0+16))
    73  00FE74  6EF8               	movwf	tblptru,c
    74  00FE76  0009               	tblrd		*+	;fetch initializer
    75  00FE78  CFF5 F00F          	movff	tablat,__pdataCOMRAM
    76  00FE7C                     end_of_initialization:
    77                           	opt stack 0
    78  00FE7C                     __end_of__initialization:
    79                           	opt stack 0
    80  00FE7C  0E00               	movlw	low (__Lmediumconst shr (0+16))
    81  00FE7E  6EF8               	movwf	tblptru,c
    82  00FE80  0100               	movlb	0
    83  00FE82  EF43  F07F         	goto	_main	;jump to C main() function
    84                           tblptru	equ	0xFF8
    85                           tblptrh	equ	0xFF7
    86                           tblptrl	equ	0xFF6
    87                           tablat	equ	0xFF5
    88                           
    89                           	psect	bssCOMRAM
    90  00000C                     __pbssCOMRAM:
    91                           	opt stack 0
    92  00000C                     _m:
    93                           	opt stack 0
    94  00000C                     	ds	1
    95  00000D                     _ope:
    96                           	opt stack 0
    97  00000D                     	ds	1
    98                           tblptru	equ	0xFF8
    99                           tblptrh	equ	0xFF7
   100                           tblptrl	equ	0xFF6
   101                           tablat	equ	0xFF5
   102                           
   103                           	psect	dataCOMRAM
   104  00000F                     __pdataCOMRAM:
   105                           	opt stack 0
   106  00000F                     _a:
   107                           	opt stack 0
   108  00000F                     	ds	1
   109                           tblptru	equ	0xFF8
   110                           tblptrh	equ	0xFF7
   111                           tblptrl	equ	0xFF6
   112                           tablat	equ	0xFF5
   113                           
   114                           	psect	cstackCOMRAM
   115  000001                     __pcstackCOMRAM:
   116                           	opt stack 0
   117  000001                     timer_0_set@high:
   118                           	opt stack 0
   119  000001                     port@c:
   120                           	opt stack 0
   121                           
   122                           ; 1 bytes @ 0x0
   123  000001                     	ds	1
   124  000002                     signal@p:
   125                           	opt stack 0
   126  000002                     timer_0_set@low:
   127                           	opt stack 0
   128                           
   129                           ; 1 bytes @ 0x1
   130  000002                     	ds	1
   131  000003                     ?_flag_timer_0:
   132                           	opt stack 0
   133  000003                     signal@x:
   134                           	opt stack 0
   135                           
   136                           ; 1 bytes @ 0x2
   137  000003                     	ds	1
   138  000004                     sw2@b:
   139                           	opt stack 0
   140                           
   141                           ; 1 bytes @ 0x3
   142  000004                     	ds	1
   143  000005                     sw2@a:
   144                           	opt stack 0
   145                           
   146                           ; 1 bytes @ 0x4
   147  000005                     	ds	1
   148  000006                     sw@d:
   149                           	opt stack 0
   150                           
   151                           ; 1 bytes @ 0x5
   152  000006                     	ds	1
   153  000007                     
   154                           ; 2 bytes @ 0x6
   155  000007                     	ds	2
   156  000009                     
   157                           ; 3 bytes @ 0x8
   158  000009                     	ds	3
   159  00000C                     tblptru	equ	0xFF8
   160                           tblptrh	equ	0xFF7
   161                           tblptrl	equ	0xFF6
   162                           tablat	equ	0xFF5
   163                           
   164                           ; 0 bytes @ 0xB
   165 ;;
   166 ;;Main: autosize = 0, tempsize = 0, incstack = 0, save=0
   167 ;;
   168 ;; *************** function _main *****************
   169 ;; Defined at:
   170 ;;		line 116 in file "main.c"
   171 ;; Parameters:    Size  Location     Type
   172 ;;  argc            2    6[COMRAM] int 
   173 ;;  argv            3    8[COMRAM] PTR PTR unsigned char 
   174 ;; Auto vars:     Size  Location     Type
   175 ;;		None
   176 ;; Return value:  Size  Location     Type
   177 ;;                  2    6[COMRAM] int 
   178 ;; Registers used:
   179 ;;		wreg, status,2, status,0, cstack
   180 ;; Tracked objects:
   181 ;;		On entry : 0/0
   182 ;;		On exit  : 0/0
   183 ;;		Unchanged: 0/0
   184 ;; Data sizes:     COMRAM   BANK0   BANK1   BANK2   BANK3   BANK4   BANK5   BANK6   BANK7   BANK8   BANK9  BANK10  BANK1
      +1  BANK12  BANK13  BANK14  BANK15
   185 ;;      Params:         5       0       0       0       0       0       0       0       0       0       0       0       
      +0       0       0       0       0
   186 ;;      Locals:         0       0       0       0       0       0       0       0       0       0       0       0       
      +0       0       0       0       0
   187 ;;      Temps:          0       0       0       0       0       0       0       0       0       0       0       0       
      +0       0       0       0       0
   188 ;;      Totals:         5       0       0       0       0       0       0       0       0       0       0       0       
      +0       0       0       0       0
   189 ;;Total ram usage:        5 bytes
   190 ;; Hardware stack levels required when called:    4
   191 ;; This function calls:
   192 ;;		_flag_timer_0
   193 ;;		_set_ph
   194 ;;		_sw
   195 ;; This function is called by:
   196 ;;		Startup code after reset
   197 ;; This function uses a non-reentrant model
   198 ;;
   199                           
   200                           	psect	text0
   201  00FE86                     __ptext0:
   202                           	opt stack 0
   203  00FE86                     _main:
   204                           	opt stack 27
   205                           
   206                           ;main.c: 117: set_ph();
   207                           
   208                           ;incstack = 0
   209  00FE86  EC0D  F07F         	call	_set_ph	;wreg free
   210  00FE8A                     l918:
   211                           
   212                           ;main.c: 119: d=(PORTD & 0x70)>>4;
   213  00FE8A  3883               	swapf	3971,w,c	;volatile
   214  00FE8C  0B0F               	andlw	15
   215  00FE8E  0B07               	andlw	7
   216  00FE90  6E0E               	movwf	_d,c
   217                           
   218                           ;main.c: 120: if (flag_timer_0()){
   219  00FE92  EC54  F07F         	call	_flag_timer_0	;wreg free
   220  00FE96  5003               	movf	?_flag_timer_0,w,c
   221  00FE98  1004               	iorwf	?_flag_timer_0+1,w,c
   222  00FE9A  B4D8               	btfsc	status,2,c
   223  00FE9C  D7F6               	goto	l918
   224                           
   225                           ;main.c: 121: sw(d);
   226  00FE9E  500E               	movf	_d,w,c
   227  00FEA0  ECBF  F07F         	call	_sw
   228                           
   229                           ;main.c: 122: a=~a;
   230  00FEA4  1E0F               	comf	_a,f,c
   231  00FEA6  D7F1               	goto	l918
   232  00FEA8                     __end_of_main:
   233                           	opt stack 0
   234                           tblptru	equ	0xFF8
   235                           tblptrh	equ	0xFF7
   236                           tblptrl	equ	0xFF6
   237                           tablat	equ	0xFF5
   238                           status	equ	0xFD8
   239                           
   240 ;; *************** function _sw *****************
   241 ;; Defined at:
   242 ;;		line 77 in file "main.c"
   243 ;; Parameters:    Size  Location     Type
   244 ;;  d               1    wreg     unsigned char 
   245 ;; Auto vars:     Size  Location     Type
   246 ;;  d               1    5[COMRAM] unsigned char 
   247 ;; Return value:  Size  Location     Type
   248 ;;		None               void
   249 ;; Registers used:
   250 ;;		wreg, status,2, status,0, cstack
   251 ;; Tracked objects:
   252 ;;		On entry : 0/0
   253 ;;		On exit  : 0/0
   254 ;;		Unchanged: 0/0
   255 ;; Data sizes:     COMRAM   BANK0   BANK1   BANK2   BANK3   BANK4   BANK5   BANK6   BANK7   BANK8   BANK9  BANK10  BANK1
      +1  BANK12  BANK13  BANK14  BANK15
   256 ;;      Params:         0       0       0       0       0       0       0       0       0       0       0       0       
      +0       0       0       0       0
   257 ;;      Locals:         1       0       0       0       0       0       0       0       0       0       0       0       
      +0       0       0       0       0
   258 ;;      Temps:          0       0       0       0       0       0       0       0       0       0       0       0       
      +0       0       0       0       0
   259 ;;      Totals:         1       0       0       0       0       0       0       0       0       0       0       0       
      +0       0       0       0       0
   260 ;;Total ram usage:        1 bytes
   261 ;; Hardware stack levels used:    1
   262 ;; Hardware stack levels required when called:    3
   263 ;; This function calls:
   264 ;;		_port
   265 ;;		_sw2
   266 ;;		_sw3
   267 ;; This function is called by:
   268 ;;		_main
   269 ;; This function uses a non-reentrant model
   270 ;;
   271                           
   272                           	psect	text1
   273  00FF7E                     __ptext1:
   274                           	opt stack 0
   275  00FF7E                     _sw:
   276                           	opt stack 27
   277                           
   278                           ;incstack = 0
   279                           ;sw@d stored from wreg
   280  00FF7E  6E06               	movwf	sw@d,c
   281                           
   282                           ;main.c: 79: switch (d){
   283  00FF80  D028               	goto	l892
   284  00FF82                     l874:
   285                           
   286                           ;main.c: 81: port(0x81 & a);
   287  00FF82  500F               	movf	_a,w,c
   288  00FF84  0B81               	andlw	129
   289  00FF86  EC19  F07F         	call	_port
   290                           
   291                           ;main.c: 82: break;
   292  00FF8A  0012               	return	
   293  00FF8C                     l876:
   294                           
   295                           ;main.c: 84: port(0x42 & a);
   296  00FF8C  500F               	movf	_a,w,c
   297  00FF8E  0B42               	andlw	66
   298  00FF90  EC19  F07F         	call	_port
   299                           
   300                           ;main.c: 85: break;
   301  00FF94  0012               	return	
   302  00FF96                     l878:
   303                           
   304                           ;main.c: 87: sw2(0x81,0x42);
   305  00FF96  0E42               	movlw	66
   306  00FF98  6E04               	movwf	sw2@b,c
   307  00FF9A  0E81               	movlw	129
   308  00FF9C  EC68  F07F         	call	_sw2
   309                           
   310                           ;main.c: 88: break;
   311  00FFA0  0012               	return	
   312  00FFA2                     l880:
   313                           
   314                           ;main.c: 90: port(0x24 & a);
   315  00FFA2  500F               	movf	_a,w,c
   316  00FFA4  0B24               	andlw	36
   317  00FFA6  EC19  F07F         	call	_port
   318                           
   319                           ;main.c: 91: break;
   320  00FFAA  0012               	return	
   321  00FFAC                     l882:
   322                           
   323                           ;main.c: 93: sw2(0x24,0x81);
   324  00FFAC  0E81               	movlw	129
   325  00FFAE  6E04               	movwf	sw2@b,c
   326  00FFB0  0E24               	movlw	36
   327  00FFB2  EC68  F07F         	call	_sw2
   328                           
   329                           ;main.c: 94: break;
   330  00FFB6  0012               	return	
   331  00FFB8                     l884:
   332                           
   333                           ;main.c: 96: sw2(0x24,0x42);
   334  00FFB8  0E42               	movlw	66
   335  00FFBA  6E04               	movwf	sw2@b,c
   336  00FFBC  0E24               	movlw	36
   337  00FFBE  EC68  F07F         	call	_sw2
   338                           
   339                           ;main.c: 97: break;
   340  00FFC2  0012               	return	
   341  00FFC4                     l886:
   342                           
   343                           ;main.c: 99: sw3();
   344  00FFC4  EC9E  F07F         	call	_sw3	;wreg free
   345                           
   346                           ;main.c: 100: break;
   347  00FFC8  0012               	return	
   348  00FFCA                     l888:
   349                           
   350                           ;main.c: 102: port(0XFF & a);
   351  00FFCA  500F               	movf	_a,w,c
   352  00FFCC  EC19  F07F         	call	_port
   353                           
   354                           ;main.c: 104: }
   355                           
   356                           ;main.c: 103: break;
   357  00FFD0  0012               	return	
   358  00FFD2                     l892:
   359  00FFD2  5006               	movf	sw@d,w,c
   360                           
   361                           ; Switch size 1, requested type "space"
   362                           ; Number of cases is 7, Range of values is 1 to 7
   363                           ; switch strategies available:
   364                           ; Name         Instructions Cycles
   365                           ; simple_byte           22    12 (average)
   366                           ;	Chosen strategy is simple_byte
   367  00FFD4  0A01               	xorlw	1	; case 1
   368  00FFD6  B4D8               	btfsc	status,2,c
   369  00FFD8  D7D4               	goto	l874
   370  00FFDA  0A03               	xorlw	3	; case 2
   371  00FFDC  B4D8               	btfsc	status,2,c
   372  00FFDE  D7D6               	goto	l876
   373  00FFE0  0A01               	xorlw	1	; case 3
   374  00FFE2  B4D8               	btfsc	status,2,c
   375  00FFE4  D7D8               	goto	l878
   376  00FFE6  0A07               	xorlw	7	; case 4
   377  00FFE8  B4D8               	btfsc	status,2,c
   378  00FFEA  D7DB               	goto	l880
   379  00FFEC  0A01               	xorlw	1	; case 5
   380  00FFEE  B4D8               	btfsc	status,2,c
   381  00FFF0  D7DD               	goto	l882
   382  00FFF2  0A03               	xorlw	3	; case 6
   383  00FFF4  B4D8               	btfsc	status,2,c
   384  00FFF6  D7E0               	goto	l884
   385  00FFF8  0A01               	xorlw	1	; case 7
   386  00FFFA  B4D8               	btfsc	status,2,c
   387  00FFFC  D7E3               	goto	l886
   388  00FFFE  D7E5               	goto	l888
   389  010000                     __end_of_sw:
   390                           	opt stack 0
   391                           tblptru	equ	0xFF8
   392                           tblptrh	equ	0xFF7
   393                           tblptrl	equ	0xFF6
   394                           tablat	equ	0xFF5
   395                           status	equ	0xFD8
   396                           
   397 ;; *************** function _sw3 *****************
   398 ;; Defined at:
   399 ;;		line 60 in file "main.c"
   400 ;; Parameters:    Size  Location     Type
   401 ;;		None
   402 ;; Auto vars:     Size  Location     Type
   403 ;;		None
   404 ;; Return value:  Size  Location     Type
   405 ;;		None               void
   406 ;; Registers used:
   407 ;;		wreg, status,2, status,0, cstack
   408 ;; Tracked objects:
   409 ;;		On entry : 0/0
   410 ;;		On exit  : 0/0
   411 ;;		Unchanged: 0/0
   412 ;; Data sizes:     COMRAM   BANK0   BANK1   BANK2   BANK3   BANK4   BANK5   BANK6   BANK7   BANK8   BANK9  BANK10  BANK1
      +1  BANK12  BANK13  BANK14  BANK15
   413 ;;      Params:         0       0       0       0       0       0       0       0       0       0       0       0       
      +0       0       0       0       0
   414 ;;      Locals:         0       0       0       0       0       0       0       0       0       0       0       0       
      +0       0       0       0       0
   415 ;;      Temps:          0       0       0       0       0       0       0       0       0       0       0       0       
      +0       0       0       0       0
   416 ;;      Totals:         0       0       0       0       0       0       0       0       0       0       0       0       
      +0       0       0       0       0
   417 ;;Total ram usage:        0 bytes
   418 ;; Hardware stack levels used:    1
   419 ;; Hardware stack levels required when called:    2
   420 ;; This function calls:
   421 ;;		_signal
   422 ;; This function is called by:
   423 ;;		_sw
   424 ;; This function uses a non-reentrant model
   425 ;;
   426                           
   427                           	psect	text2
   428  00FF3C                     __ptext2:
   429                           	opt stack 0
   430  00FF3C                     _sw3:
   431                           	opt stack 27
   432                           
   433                           ;main.c: 62: switch (ope){
   434                           
   435                           ;incstack = 0
   436  00FF3C  D015               	goto	l866
   437  00FF3E                     l856:
   438                           
   439                           ;main.c: 64: signal(0x81,1);
   440  00FF3E  0E01               	movlw	1
   441  00FF40  6E02               	movwf	signal@p,c
   442  00FF42  0E81               	movlw	129
   443  00FF44  EC81  F07F         	call	_signal
   444                           
   445                           ;main.c: 65: break;
   446  00FF48  0012               	return	
   447  00FF4A                     l858:
   448                           
   449                           ;main.c: 67: signal(0x42,2);
   450  00FF4A  0E02               	movlw	2
   451  00FF4C  6E02               	movwf	signal@p,c
   452  00FF4E  0E42               	movlw	66
   453  00FF50  EC81  F07F         	call	_signal
   454                           
   455                           ;main.c: 68: break;
   456  00FF54  0012               	return	
   457  00FF56                     l860:
   458                           
   459                           ;main.c: 70: signal(0x24,0);
   460  00FF56  0E00               	movlw	0
   461  00FF58  6E02               	movwf	signal@p,c
   462  00FF5A  0E24               	movlw	36
   463  00FF5C  EC81  F07F         	call	_signal
   464                           
   465                           ;main.c: 71: break;
   466  00FF60  0012               	return	
   467  00FF62                     l862:
   468                           
   469                           ;main.c: 73: ope=0;
   470  00FF62  0E00               	movlw	0
   471  00FF64  6E0D               	movwf	_ope,c
   472                           
   473                           ;main.c: 75: }
   474                           
   475                           ;main.c: 74: break;
   476  00FF66  0012               	return	
   477  00FF68                     l866:
   478  00FF68  500D               	movf	_ope,w,c
   479                           
   480                           ; Switch size 1, requested type "space"
   481                           ; Number of cases is 3, Range of values is 0 to 2
   482                           ; switch strategies available:
   483                           ; Name         Instructions Cycles
   484                           ; simple_byte           10     6 (average)
   485                           ;	Chosen strategy is simple_byte
   486  00FF6A  0A00               	xorlw	0	; case 0
   487  00FF6C  B4D8               	btfsc	status,2,c
   488  00FF6E  D7E7               	goto	l856
   489  00FF70  0A01               	xorlw	1	; case 1
   490  00FF72  B4D8               	btfsc	status,2,c
   491  00FF74  D7EA               	goto	l858
   492  00FF76  0A03               	xorlw	3	; case 2
   493  00FF78  B4D8               	btfsc	status,2,c
   494  00FF7A  D7ED               	goto	l860
   495  00FF7C  D7F2               	goto	l862
   496  00FF7E                     __end_of_sw3:
   497                           	opt stack 0
   498                           tblptru	equ	0xFF8
   499                           tblptrh	equ	0xFF7
   500                           tblptrl	equ	0xFF6
   501                           tablat	equ	0xFF5
   502                           status	equ	0xFD8
   503                           
   504 ;; *************** function _sw2 *****************
   505 ;; Defined at:
   506 ;;		line 44 in file "main.c"
   507 ;; Parameters:    Size  Location     Type
   508 ;;  a               1    wreg     unsigned char 
   509 ;;  b               1    3[COMRAM] unsigned char 
   510 ;; Auto vars:     Size  Location     Type
   511 ;;  a               1    4[COMRAM] unsigned char 
   512 ;; Return value:  Size  Location     Type
   513 ;;		None               void
   514 ;; Registers used:
   515 ;;		wreg, status,2, status,0, cstack
   516 ;; Tracked objects:
   517 ;;		On entry : 0/0
   518 ;;		On exit  : 0/0
   519 ;;		Unchanged: 0/0
   520 ;; Data sizes:     COMRAM   BANK0   BANK1   BANK2   BANK3   BANK4   BANK5   BANK6   BANK7   BANK8   BANK9  BANK10  BANK1
      +1  BANK12  BANK13  BANK14  BANK15
   521 ;;      Params:         1       0       0       0       0       0       0       0       0       0       0       0       
      +0       0       0       0       0
   522 ;;      Locals:         1       0       0       0       0       0       0       0       0       0       0       0       
      +0       0       0       0       0
   523 ;;      Temps:          0       0       0       0       0       0       0       0       0       0       0       0       
      +0       0       0       0       0
   524 ;;      Totals:         2       0       0       0       0       0       0       0       0       0       0       0       
      +0       0       0       0       0
   525 ;;Total ram usage:        2 bytes
   526 ;; Hardware stack levels used:    1
   527 ;; Hardware stack levels required when called:    2
   528 ;; This function calls:
   529 ;;		_signal
   530 ;; This function is called by:
   531 ;;		_sw
   532 ;; This function uses a non-reentrant model
   533 ;;
   534                           
   535                           	psect	text3
   536  00FED0                     __ptext3:
   537                           	opt stack 0
   538  00FED0                     _sw2:
   539                           	opt stack 27
   540                           
   541                           ;incstack = 0
   542                           ;sw2@a stored from wreg
   543  00FED0  6E05               	movwf	sw2@a,c
   544                           
   545                           ;main.c: 46: switch (ope){
   546  00FED2  D00F               	goto	l852
   547  00FED4                     l844:
   548                           
   549                           ;main.c: 48: signal(a,1);
   550  00FED4  0E01               	movlw	1
   551  00FED6  6E02               	movwf	signal@p,c
   552  00FED8  5005               	movf	sw2@a,w,c
   553  00FEDA  EC81  F07F         	call	_signal
   554                           
   555                           ;main.c: 49: break;
   556  00FEDE  0012               	return	
   557  00FEE0                     l846:
   558                           
   559                           ;main.c: 51: signal(b,0);
   560  00FEE0  0E00               	movlw	0
   561  00FEE2  6E02               	movwf	signal@p,c
   562  00FEE4  5004               	movf	sw2@b,w,c
   563  00FEE6  EC81  F07F         	call	_signal
   564                           
   565                           ;main.c: 52: break;
   566  00FEEA  0012               	return	
   567  00FEEC                     l848:
   568                           
   569                           ;main.c: 54: ope=0;
   570  00FEEC  0E00               	movlw	0
   571  00FEEE  6E0D               	movwf	_ope,c
   572                           
   573                           ;main.c: 56: }
   574                           
   575                           ;main.c: 55: break;
   576  00FEF0  0012               	return	
   577  00FEF2                     l852:
   578  00FEF2  500D               	movf	_ope,w,c
   579                           
   580                           ; Switch size 1, requested type "space"
   581                           ; Number of cases is 2, Range of values is 0 to 1
   582                           ; switch strategies available:
   583                           ; Name         Instructions Cycles
   584                           ; simple_byte            7     4 (average)
   585                           ;	Chosen strategy is simple_byte
   586  00FEF4  0A00               	xorlw	0	; case 0
   587  00FEF6  B4D8               	btfsc	status,2,c
   588  00FEF8  D7ED               	goto	l844
   589  00FEFA  0A01               	xorlw	1	; case 1
   590  00FEFC  B4D8               	btfsc	status,2,c
   591  00FEFE  D7F0               	goto	l846
   592  00FF00  D7F5               	goto	l848
   593  00FF02                     __end_of_sw2:
   594                           	opt stack 0
   595                           tblptru	equ	0xFF8
   596                           tblptrh	equ	0xFF7
   597                           tblptrl	equ	0xFF6
   598                           tablat	equ	0xFF5
   599                           status	equ	0xFD8
   600                           
   601 ;; *************** function _signal *****************
   602 ;; Defined at:
   603 ;;		line 26 in file "main.c"
   604 ;; Parameters:    Size  Location     Type
   605 ;;  x               1    wreg     unsigned char 
   606 ;;  p               1    1[COMRAM] unsigned char 
   607 ;; Auto vars:     Size  Location     Type
   608 ;;  x               1    2[COMRAM] unsigned char 
   609 ;; Return value:  Size  Location     Type
   610 ;;		None               void
   611 ;; Registers used:
   612 ;;		wreg, status,2, status,0, cstack
   613 ;; Tracked objects:
   614 ;;		On entry : 0/0
   615 ;;		On exit  : 0/0
   616 ;;		Unchanged: 0/0
   617 ;; Data sizes:     COMRAM   BANK0   BANK1   BANK2   BANK3   BANK4   BANK5   BANK6   BANK7   BANK8   BANK9  BANK10  BANK1
      +1  BANK12  BANK13  BANK14  BANK15
   618 ;;      Params:         1       0       0       0       0       0       0       0       0       0       0       0       
      +0       0       0       0       0
   619 ;;      Locals:         1       0       0       0       0       0       0       0       0       0       0       0       
      +0       0       0       0       0
   620 ;;      Temps:          0       0       0       0       0       0       0       0       0       0       0       0       
      +0       0       0       0       0
   621 ;;      Totals:         2       0       0       0       0       0       0       0       0       0       0       0       
      +0       0       0       0       0
   622 ;;Total ram usage:        2 bytes
   623 ;; Hardware stack levels used:    1
   624 ;; Hardware stack levels required when called:    1
   625 ;; This function calls:
   626 ;;		_port
   627 ;; This function is called by:
   628 ;;		_sw2
   629 ;;		_sw3
   630 ;; This function uses a non-reentrant model
   631 ;;
   632                           
   633                           	psect	text4
   634  00FF02                     __ptext4:
   635                           	opt stack 0
   636  00FF02                     _signal:
   637                           	opt stack 27
   638                           
   639                           ;incstack = 0
   640                           ;signal@x stored from wreg
   641  00FF02  6E03               	movwf	signal@x,c
   642                           
   643                           ;main.c: 27: switch (m){
   644  00FF04  D013               	goto	l840
   645  00FF06                     l826:
   646                           
   647                           ;main.c: 29: port(x & a);
   648  00FF06  5003               	movf	signal@x,w,c
   649  00FF08  140F               	andwf	_a,w,c
   650  00FF0A  EC19  F07F         	call	_port
   651                           
   652                           ;main.c: 30: m=1;
   653  00FF0E  0E01               	movlw	1
   654  00FF10  6E0C               	movwf	_m,c
   655                           
   656                           ;main.c: 31: break;
   657  00FF12  0012               	return	
   658  00FF14                     l830:
   659                           
   660                           ;main.c: 33: port(x & a);
   661  00FF14  5003               	movf	signal@x,w,c
   662  00FF16  140F               	andwf	_a,w,c
   663  00FF18  EC19  F07F         	call	_port
   664                           
   665                           ;main.c: 34: m=0;
   666  00FF1C  0E00               	movlw	0
   667  00FF1E  6E0C               	movwf	_m,c
   668                           
   669                           ;main.c: 35: ope=p;
   670  00FF20  C002  F00D         	movff	signal@p,_ope
   671                           
   672                           ;main.c: 36: break;
   673  00FF24  0012               	return	
   674  00FF26                     l836:
   675                           
   676                           ;main.c: 38: ope=0;
   677  00FF26  0E00               	movlw	0
   678  00FF28  6E0D               	movwf	_ope,c
   679                           
   680                           ;main.c: 41: }
   681                           
   682                           ;main.c: 39: break;
   683  00FF2A  0012               	return	
   684  00FF2C                     l840:
   685  00FF2C  500C               	movf	_m,w,c
   686                           
   687                           ; Switch size 1, requested type "space"
   688                           ; Number of cases is 2, Range of values is 0 to 1
   689                           ; switch strategies available:
   690                           ; Name         Instructions Cycles
   691                           ; simple_byte            7     4 (average)
   692                           ;	Chosen strategy is simple_byte
   693  00FF2E  0A00               	xorlw	0	; case 0
   694  00FF30  B4D8               	btfsc	status,2,c
   695  00FF32  D7E9               	goto	l826
   696  00FF34  0A01               	xorlw	1	; case 1
   697  00FF36  B4D8               	btfsc	status,2,c
   698  00FF38  D7ED               	goto	l830
   699  00FF3A  D7F5               	goto	l836
   700  00FF3C                     __end_of_signal:
   701                           	opt stack 0
   702                           tblptru	equ	0xFF8
   703                           tblptrh	equ	0xFF7
   704                           tblptrl	equ	0xFF6
   705                           tablat	equ	0xFF5
   706                           status	equ	0xFD8
   707                           
   708 ;; *************** function _port *****************
   709 ;; Defined at:
   710 ;;		line 14 in file "hw.c"
   711 ;; Parameters:    Size  Location     Type
   712 ;;  c               1    wreg     unsigned char 
   713 ;; Auto vars:     Size  Location     Type
   714 ;;  c               1    0[COMRAM] unsigned char 
   715 ;; Return value:  Size  Location     Type
   716 ;;		None               void
   717 ;; Registers used:
   718 ;;		wreg, status,2, status,0
   719 ;; Tracked objects:
   720 ;;		On entry : 0/0
   721 ;;		On exit  : 0/0
   722 ;;		Unchanged: 0/0
   723 ;; Data sizes:     COMRAM   BANK0   BANK1   BANK2   BANK3   BANK4   BANK5   BANK6   BANK7   BANK8   BANK9  BANK10  BANK1
      +1  BANK12  BANK13  BANK14  BANK15
   724 ;;      Params:         0       0       0       0       0       0       0       0       0       0       0       0       
      +0       0       0       0       0
   725 ;;      Locals:         1       0       0       0       0       0       0       0       0       0       0       0       
      +0       0       0       0       0
   726 ;;      Temps:          0       0       0       0       0       0       0       0       0       0       0       0       
      +0       0       0       0       0
   727 ;;      Totals:         1       0       0       0       0       0       0       0       0       0       0       0       
      +0       0       0       0       0
   728 ;;Total ram usage:        1 bytes
   729 ;; Hardware stack levels used:    1
   730 ;; This function calls:
   731 ;;		Nothing
   732 ;; This function is called by:
   733 ;;		_signal
   734 ;;		_sw
   735 ;; This function uses a non-reentrant model
   736 ;;
   737                           
   738                           	psect	text5
   739  00FE32                     __ptext5:
   740                           	opt stack 0
   741  00FE32                     _port:
   742                           	opt stack 27
   743                           
   744                           ;incstack = 0
   745                           ;port@c stored from wreg
   746  00FE32  6E01               	movwf	port@c,c
   747                           
   748                           ;hw.c: 15: LATD &=0XF0;
   749  00FE34  0EF0               	movlw	240
   750  00FE36  168C               	andwf	3980,f,c	;volatile
   751                           
   752                           ;hw.c: 16: LATB &= 0XF0;
   753  00FE38  0EF0               	movlw	240
   754  00FE3A  168A               	andwf	3978,f,c	;volatile
   755                           
   756                           ;hw.c: 17: LATD |=(c & 0x0F);
   757  00FE3C  5001               	movf	port@c,w,c
   758  00FE3E  0B0F               	andlw	15
   759  00FE40  128C               	iorwf	3980,f,c	;volatile
   760                           
   761                           ;hw.c: 18: LATB |=(c>>4);
   762  00FE42  3801               	swapf	port@c,w,c
   763  00FE44  0B0F               	andlw	15
   764  00FE46  128A               	iorwf	3978,f,c	;volatile
   765  00FE48  0012               	return		;funcret
   766  00FE4A                     __end_of_port:
   767                           	opt stack 0
   768                           tblptru	equ	0xFF8
   769                           tblptrh	equ	0xFF7
   770                           tblptrl	equ	0xFF6
   771                           tablat	equ	0xFF5
   772                           status	equ	0xFD8
   773                           
   774 ;; *************** function _set_ph *****************
   775 ;; Defined at:
   776 ;;		line 108 in file "main.c"
   777 ;; Parameters:    Size  Location     Type
   778 ;;		None
   779 ;; Auto vars:     Size  Location     Type
   780 ;;		None
   781 ;; Return value:  Size  Location     Type
   782 ;;		None               void
   783 ;; Registers used:
   784 ;;		wreg, status,2, cstack
   785 ;; Tracked objects:
   786 ;;		On entry : 0/0
   787 ;;		On exit  : 0/0
   788 ;;		Unchanged: 0/0
   789 ;; Data sizes:     COMRAM   BANK0   BANK1   BANK2   BANK3   BANK4   BANK5   BANK6   BANK7   BANK8   BANK9  BANK10  BANK1
      +1  BANK12  BANK13  BANK14  BANK15
   790 ;;      Params:         0       0       0       0       0       0       0       0       0       0       0       0       
      +0       0       0       0       0
   791 ;;      Locals:         0       0       0       0       0       0       0       0       0       0       0       0       
      +0       0       0       0       0
   792 ;;      Temps:          0       0       0       0       0       0       0       0       0       0       0       0       
      +0       0       0       0       0
   793 ;;      Totals:         0       0       0       0       0       0       0       0       0       0       0       0       
      +0       0       0       0       0
   794 ;;Total ram usage:        0 bytes
   795 ;; Hardware stack levels used:    1
   796 ;; Hardware stack levels required when called:    1
   797 ;; This function calls:
   798 ;;		_set_leds
   799 ;;		_timer_0_conf
   800 ;;		_timer_0_set
   801 ;;		_timer_0_star
   802 ;; This function is called by:
   803 ;;		_main
   804 ;; This function uses a non-reentrant model
   805 ;;
   806                           
   807                           	psect	text6
   808  00FE1A                     __ptext6:
   809                           	opt stack 0
   810  00FE1A                     _set_ph:
   811                           	opt stack 29
   812                           
   813                           ;main.c: 110: set_leds();
   814                           
   815                           ;incstack = 0
   816  00FE1A  EC25  F07F         	call	_set_leds	;wreg free
   817                           
   818                           ;main.c: 111: timer_0_conf();
   819  00FE1E  EC06  F07F         	call	_timer_0_conf	;wreg free
   820                           
   821                           ;main.c: 112: timer_0_set(0x6F,0xC3);
   822  00FE22  0EC3               	movlw	195
   823  00FE24  6E01               	movwf	timer_0_set@high,c
   824  00FE26  0E6F               	movlw	111
   825  00FE28  EC00  F07F         	call	_timer_0_set
   826                           
   827                           ;main.c: 113: timer_0_star();
   828  00FE2C  ECFE  F07E         	call	_timer_0_star	;wreg free
   829  00FE30  0012               	return		;funcret
   830  00FE32                     __end_of_set_ph:
   831                           	opt stack 0
   832                           tblptru	equ	0xFF8
   833                           tblptrh	equ	0xFF7
   834                           tblptrl	equ	0xFF6
   835                           tablat	equ	0xFF5
   836                           status	equ	0xFD8
   837                           
   838 ;; *************** function _timer_0_conf *****************
   839 ;; Defined at:
   840 ;;		line 5 in file "timer.c"
   841 ;; Parameters:    Size  Location     Type
   842 ;;		None
   843 ;; Auto vars:     Size  Location     Type
   844 ;;		None
   845 ;; Return value:  Size  Location     Type
   846 ;;		None               void
   847 ;; Registers used:
   848 ;;		None
   849 ;; Tracked objects:
   850 ;;		On entry : 0/0
   851 ;;		On exit  : 0/0
   852 ;;		Unchanged: 0/0
   853 ;; Data sizes:     COMRAM   BANK0   BANK1   BANK2   BANK3   BANK4   BANK5   BANK6   BANK7   BANK8   BANK9  BANK10  BANK1
      +1  BANK12  BANK13  BANK14  BANK15
   854 ;;      Params:         0       0       0       0       0       0       0       0       0       0       0       0       
      +0       0       0       0       0
   855 ;;      Locals:         0       0       0       0       0       0       0       0       0       0       0       0       
      +0       0       0       0       0
   856 ;;      Temps:          0       0       0       0       0       0       0       0       0       0       0       0       
      +0       0       0       0       0
   857 ;;      Totals:         0       0       0       0       0       0       0       0       0       0       0       0       
      +0       0       0       0       0
   858 ;;Total ram usage:        0 bytes
   859 ;; Hardware stack levels used:    1
   860 ;; This function calls:
   861 ;;		Nothing
   862 ;; This function is called by:
   863 ;;		_set_ph
   864 ;; This function uses a non-reentrant model
   865 ;;
   866                           
   867                           	psect	text7
   868  00FE0C                     __ptext7:
   869                           	opt stack 0
   870  00FE0C                     _timer_0_conf:
   871                           	opt stack 29
   872                           
   873                           ;timer.c: 6: T0CONbits.T0PS=7;
   874                           
   875                           ;incstack = 0
   876  00FE0C  80D5               	bsf	4053,0,c	;volatile
   877  00FE0E  82D5               	bsf	4053,1,c	;volatile
   878  00FE10  84D5               	bsf	4053,2,c	;volatile
   879                           
   880                           ;timer.c: 7: T0CONbits.T08BIT=0;
   881  00FE12  9CD5               	bcf	4053,6,c	;volatile
   882                           
   883                           ;timer.c: 8: T0CONbits.PSA=0;
   884  00FE14  96D5               	bcf	4053,3,c	;volatile
   885                           
   886                           ;timer.c: 9: T0CONbits.T0CS=0;
   887  00FE16  9AD5               	bcf	4053,5,c	;volatile
   888  00FE18  0012               	return		;funcret
   889  00FE1A                     __end_of_timer_0_conf:
   890                           	opt stack 0
   891                           tblptru	equ	0xFF8
   892                           tblptrh	equ	0xFF7
   893                           tblptrl	equ	0xFF6
   894                           tablat	equ	0xFF5
   895                           status	equ	0xFD8
   896                           
   897 ;; *************** function _set_leds *****************
   898 ;; Defined at:
   899 ;;		line 4 in file "hw.c"
   900 ;; Parameters:    Size  Location     Type
   901 ;;		None
   902 ;; Auto vars:     Size  Location     Type
   903 ;;		None
   904 ;; Return value:  Size  Location     Type
   905 ;;		None               void
   906 ;; Registers used:
   907 ;;		wreg, status,2
   908 ;; Tracked objects:
   909 ;;		On entry : 0/0
   910 ;;		On exit  : 0/0
   911 ;;		Unchanged: 0/0
   912 ;; Data sizes:     COMRAM   BANK0   BANK1   BANK2   BANK3   BANK4   BANK5   BANK6   BANK7   BANK8   BANK9  BANK10  BANK1
      +1  BANK12  BANK13  BANK14  BANK15
   913 ;;      Params:         0       0       0       0       0       0       0       0       0       0       0       0       
      +0       0       0       0       0
   914 ;;      Locals:         0       0       0       0       0       0       0       0       0       0       0       0       
      +0       0       0       0       0
   915 ;;      Temps:          0       0       0       0       0       0       0       0       0       0       0       0       
      +0       0       0       0       0
   916 ;;      Totals:         0       0       0       0       0       0       0       0       0       0       0       0       
      +0       0       0       0       0
   917 ;;Total ram usage:        0 bytes
   918 ;; Hardware stack levels used:    1
   919 ;; This function calls:
   920 ;;		Nothing
   921 ;; This function is called by:
   922 ;;		_set_ph
   923 ;; This function uses a non-reentrant model
   924 ;;
   925                           
   926                           	psect	text8
   927  00FE4A                     __ptext8:
   928                           	opt stack 0
   929  00FE4A                     _set_leds:
   930                           	opt stack 29
   931                           
   932                           ;hw.c: 5: PORTD=0;
   933                           
   934                           ;incstack = 0
   935  00FE4A  0E00               	movlw	0
   936  00FE4C  6E83               	movwf	3971,c	;volatile
   937                           
   938                           ;hw.c: 6: LATD=0;
   939  00FE4E  0E00               	movlw	0
   940  00FE50  6E8C               	movwf	3980,c	;volatile
   941                           
   942                           ;hw.c: 7: PORTB=0;
   943  00FE52  0E00               	movlw	0
   944  00FE54  6E81               	movwf	3969,c	;volatile
   945                           
   946                           ;hw.c: 8: TRISB=0;
   947  00FE56  0E00               	movlw	0
   948  00FE58  6E93               	movwf	3987,c	;volatile
   949                           
   950                           ;hw.c: 9: TRISD=0xF0;
   951  00FE5A  0EF0               	movlw	240
   952  00FE5C  6E95               	movwf	3989,c	;volatile
   953                           
   954                           ;hw.c: 10: ANSEL=0XE0;
   955  00FE5E  0EE0               	movlw	224
   956  00FE60  6E7E               	movwf	3966,c	;volatile
   957                           
   958                           ;hw.c: 11: TRISA=0XFF;
   959  00FE62  6892               	setf	3986,c	;volatile
   960  00FE64  0012               	return		;funcret
   961  00FE66                     __end_of_set_leds:
   962                           	opt stack 0
   963                           tblptru	equ	0xFF8
   964                           tblptrh	equ	0xFF7
   965                           tblptrl	equ	0xFF6
   966                           tablat	equ	0xFF5
   967                           status	equ	0xFD8
   968                           
   969 ;; *************** function _flag_timer_0 *****************
   970 ;; Defined at:
   971 ;;		line 21 in file "timer.c"
   972 ;; Parameters:    Size  Location     Type
   973 ;;		None
   974 ;; Auto vars:     Size  Location     Type
   975 ;;		None
   976 ;; Return value:  Size  Location     Type
   977 ;;                  2    2[COMRAM] int 
   978 ;; Registers used:
   979 ;;		wreg, status,2, cstack
   980 ;; Tracked objects:
   981 ;;		On entry : 0/0
   982 ;;		On exit  : 0/0
   983 ;;		Unchanged: 0/0
   984 ;; Data sizes:     COMRAM   BANK0   BANK1   BANK2   BANK3   BANK4   BANK5   BANK6   BANK7   BANK8   BANK9  BANK10  BANK1
      +1  BANK12  BANK13  BANK14  BANK15
   985 ;;      Params:         2       0       0       0       0       0       0       0       0       0       0       0       
      +0       0       0       0       0
   986 ;;      Locals:         0       0       0       0       0       0       0       0       0       0       0       0       
      +0       0       0       0       0
   987 ;;      Temps:          0       0       0       0       0       0       0       0       0       0       0       0       
      +0       0       0       0       0
   988 ;;      Totals:         2       0       0       0       0       0       0       0       0       0       0       0       
      +0       0       0       0       0
   989 ;;Total ram usage:        2 bytes
   990 ;; Hardware stack levels used:    1
   991 ;; Hardware stack levels required when called:    1
   992 ;; This function calls:
   993 ;;		_timer_0_set
   994 ;;		_timer_0_star
   995 ;; This function is called by:
   996 ;;		_main
   997 ;; This function uses a non-reentrant model
   998 ;;
   999                           
  1000                           	psect	text9
  1001  00FEA8                     __ptext9:
  1002                           	opt stack 0
  1003  00FEA8                     _flag_timer_0:
  1004                           	opt stack 29
  1005                           
  1006                           ;timer.c: 22: if(INTCONbits.T0IF){
  1007                           
  1008                           ;incstack = 0
  1009  00FEA8  A4F2               	btfss	intcon,2,c	;volatile
  1010  00FEAA  D00D               	goto	l912
  1011                           
  1012                           ;timer.c: 23: INTCONbits.T0IF=0;
  1013  00FEAC  94F2               	bcf	intcon,2,c	;volatile
  1014                           
  1015                           ;timer.c: 24: timer_0_set(0x6F,0xC3);
  1016  00FEAE  0EC3               	movlw	195
  1017  00FEB0  6E01               	movwf	timer_0_set@high,c
  1018  00FEB2  0E6F               	movlw	111
  1019  00FEB4  EC00  F07F         	call	_timer_0_set
  1020                           
  1021                           ;timer.c: 25: timer_0_star();
  1022  00FEB8  ECFE  F07E         	call	_timer_0_star	;wreg free
  1023                           
  1024                           ;timer.c: 26: return 1;
  1025  00FEBC  0E00               	movlw	0
  1026  00FEBE  6E04               	movwf	?_flag_timer_0+1,c
  1027  00FEC0  0E01               	movlw	1
  1028  00FEC2  6E03               	movwf	?_flag_timer_0,c
  1029                           
  1030                           ;timer.c: 27: }
  1031  00FEC4  0012               	return	
  1032  00FEC6                     l912:
  1033                           
  1034                           ;timer.c: 28: else
  1035                           ;timer.c: 29: return 0;
  1036  00FEC6  0E00               	movlw	0
  1037  00FEC8  6E04               	movwf	?_flag_timer_0+1,c
  1038  00FECA  0E00               	movlw	0
  1039  00FECC  6E03               	movwf	?_flag_timer_0,c
  1040  00FECE  0012               	return	
  1041  00FED0                     __end_of_flag_timer_0:
  1042                           	opt stack 0
  1043                           tblptru	equ	0xFF8
  1044                           tblptrh	equ	0xFF7
  1045                           tblptrl	equ	0xFF6
  1046                           tablat	equ	0xFF5
  1047                           intcon	equ	0xFF2
  1048                           status	equ	0xFD8
  1049                           
  1050 ;; *************** function _timer_0_star *****************
  1051 ;; Defined at:
  1052 ;;		line 17 in file "timer.c"
  1053 ;; Parameters:    Size  Location     Type
  1054 ;;		None
  1055 ;; Auto vars:     Size  Location     Type
  1056 ;;		None
  1057 ;; Return value:  Size  Location     Type
  1058 ;;		None               void
  1059 ;; Registers used:
  1060 ;;		None
  1061 ;; Tracked objects:
  1062 ;;		On entry : 0/0
  1063 ;;		On exit  : 0/0
  1064 ;;		Unchanged: 0/0
  1065 ;; Data sizes:     COMRAM   BANK0   BANK1   BANK2   BANK3   BANK4   BANK5   BANK6   BANK7   BANK8   BANK9  BANK10  BANK1
      +1  BANK12  BANK13  BANK14  BANK15
  1066 ;;      Params:         0       0       0       0       0       0       0       0       0       0       0       0       
      +0       0       0       0       0
  1067 ;;      Locals:         0       0       0       0       0       0       0       0       0       0       0       0       
      +0       0       0       0       0
  1068 ;;      Temps:          0       0       0       0       0       0       0       0       0       0       0       0       
      +0       0       0       0       0
  1069 ;;      Totals:         0       0       0       0       0       0       0       0       0       0       0       0       
      +0       0       0       0       0
  1070 ;;Total ram usage:        0 bytes
  1071 ;; Hardware stack levels used:    1
  1072 ;; This function calls:
  1073 ;;		Nothing
  1074 ;; This function is called by:
  1075 ;;		_set_ph
  1076 ;;		_flag_timer_0
  1077 ;; This function uses a non-reentrant model
  1078 ;;
  1079                           
  1080                           	psect	text10
  1081  00FDFC                     __ptext10:
  1082                           	opt stack 0
  1083  00FDFC                     _timer_0_star:
  1084                           	opt stack 29
  1085                           
  1086                           ;timer.c: 18: T0CONbits.TMR0ON=1;
  1087                           
  1088                           ;incstack = 0
  1089  00FDFC  8ED5               	bsf	4053,7,c	;volatile
  1090  00FDFE  0012               	return		;funcret
  1091  00FE00                     __end_of_timer_0_star:
  1092                           	opt stack 0
  1093                           tblptru	equ	0xFF8
  1094                           tblptrh	equ	0xFF7
  1095                           tblptrl	equ	0xFF6
  1096                           tablat	equ	0xFF5
  1097                           intcon	equ	0xFF2
  1098                           status	equ	0xFD8
  1099                           
  1100 ;; *************** function _timer_0_set *****************
  1101 ;; Defined at:
  1102 ;;		line 12 in file "timer.c"
  1103 ;; Parameters:    Size  Location     Type
  1104 ;;  low             1    wreg     unsigned char 
  1105 ;;  high            1    0[COMRAM] unsigned char 
  1106 ;; Auto vars:     Size  Location     Type
  1107 ;;  low             1    1[COMRAM] unsigned char 
  1108 ;; Return value:  Size  Location     Type
  1109 ;;		None               void
  1110 ;; Registers used:
  1111 ;;		wreg
  1112 ;; Tracked objects:
  1113 ;;		On entry : 0/0
  1114 ;;		On exit  : 0/0
  1115 ;;		Unchanged: 0/0
  1116 ;; Data sizes:     COMRAM   BANK0   BANK1   BANK2   BANK3   BANK4   BANK5   BANK6   BANK7   BANK8   BANK9  BANK10  BANK1
      +1  BANK12  BANK13  BANK14  BANK15
  1117 ;;      Params:         1       0       0       0       0       0       0       0       0       0       0       0       
      +0       0       0       0       0
  1118 ;;      Locals:         1       0       0       0       0       0       0       0       0       0       0       0       
      +0       0       0       0       0
  1119 ;;      Temps:          0       0       0       0       0       0       0       0       0       0       0       0       
      +0       0       0       0       0
  1120 ;;      Totals:         2       0       0       0       0       0       0       0       0       0       0       0       
      +0       0       0       0       0
  1121 ;;Total ram usage:        2 bytes
  1122 ;; Hardware stack levels used:    1
  1123 ;; This function calls:
  1124 ;;		Nothing
  1125 ;; This function is called by:
  1126 ;;		_set_ph
  1127 ;;		_flag_timer_0
  1128 ;; This function uses a non-reentrant model
  1129 ;;
  1130                           
  1131                           	psect	text11
  1132  00FE00                     __ptext11:
  1133                           	opt stack 0
  1134  00FE00                     _timer_0_set:
  1135                           	opt stack 29
  1136                           
  1137                           ;incstack = 0
  1138                           ;timer_0_set@low stored from wreg
  1139  00FE00  6E02               	movwf	timer_0_set@low,c
  1140                           
  1141                           ;timer.c: 13: TMR0H=high;
  1142  00FE02  C001  FFD7         	movff	timer_0_set@high,4055	;volatile
  1143                           
  1144                           ;timer.c: 14: TMR0L=low;
  1145  00FE06  C002  FFD6         	movff	timer_0_set@low,4054	;volatile
  1146  00FE0A  0012               	return		;funcret
  1147  00FE0C                     __end_of_timer_0_set:
  1148                           	opt stack 0
  1149  0000                     tblptru	equ	0xFF8
  1150                           tblptrh	equ	0xFF7
  1151                           tblptrl	equ	0xFF6
  1152                           tablat	equ	0xFF5
  1153                           intcon	equ	0xFF2
  1154                           status	equ	0xFD8
  1155                           tblptru	equ	0xFF8
  1156                           tblptrh	equ	0xFF7
  1157                           tblptrl	equ	0xFF6
  1158                           tablat	equ	0xFF5
  1159                           intcon	equ	0xFF2
  1160                           status	equ	0xFD8
  1161                           
  1162                           	psect	rparam
  1163  0000                     tblptru	equ	0xFF8
  1164                           tblptrh	equ	0xFF7
  1165                           tblptrl	equ	0xFF6
  1166                           tablat	equ	0xFF5
  1167                           intcon	equ	0xFF2
  1168                           status	equ	0xFD8


Data Sizes:
    Strings     0
    Constant    0
    Data        1
    BSS         2
    Persistent  1
    Stack       0

Auto Spaces:
    Space          Size  Autos    Used
    COMRAM           95     11      15
    BANK0           160      0       0
    BANK1           256      0       0
    BANK2           256      0       0
    BANK3           256      0       0
    BANK4           256      0       0
    BANK5           256      0       0
    BANK6           256      0       0
    BANK7           256      0       0
    BANK8           256      0       0
    BANK9           256      0       0
    BANK10          256      0       0
    BANK11          256      0       0
    BANK12          256      0       0
    BANK13          256      0       0
    BANK14          256      0       0
    BANK15           96      0       0

Pointer List with Targets:

    None.

Critical Paths under _main in COMRAM

    _main->_sw
    _sw->_sw2
    _sw3->_signal
    _sw2->_signal
    _signal->_port
    _set_ph->_timer_0_set
    _flag_timer_0->_timer_0_set

Critical Paths under _main in BANK0

    None.

Critical Paths under _main in BANK1

    None.

Critical Paths under _main in BANK2

    None.

Critical Paths under _main in BANK3

    None.

Critical Paths under _main in BANK4

    None.

Critical Paths under _main in BANK5

    None.

Critical Paths under _main in BANK6

    None.

Critical Paths under _main in BANK7

    None.

Critical Paths under _main in BANK8

    None.

Critical Paths under _main in BANK9

    None.

Critical Paths under _main in BANK10

    None.

Critical Paths under _main in BANK11

    None.

Critical Paths under _main in BANK12

    None.

Critical Paths under _main in BANK13

    None.

Critical Paths under _main in BANK14

    None.

Critical Paths under _main in BANK15

    None.

Call Graph Tables:

 ---------------------------------------------------------------------------------
 (Depth) Function   	        Calls       Base Space   Used Autos Params    Refs
 ---------------------------------------------------------------------------------
 (0) _main                                                 5     0      5    1107
                                              6 COMRAM     5     0      5
                       _flag_timer_0
                             _set_ph
                                 _sw
 ---------------------------------------------------------------------------------
 (1) _sw                                                   1     1      0     847
                                              5 COMRAM     1     1      0
                               _port
                                _sw2
                                _sw3
 ---------------------------------------------------------------------------------
 (2) _sw3                                                  0     0      0     311
                             _signal
 ---------------------------------------------------------------------------------
 (2) _sw2                                                  2     1      1     484
                                              3 COMRAM     2     1      1
                             _signal
 ---------------------------------------------------------------------------------
 (3) _signal                                               2     1      1     311
                                              1 COMRAM     2     1      1
                               _port
 ---------------------------------------------------------------------------------
 (4) _port                                                 1     1      0      30
                                              0 COMRAM     1     1      0
 ---------------------------------------------------------------------------------
 (1) _set_ph                                               0     0      0     130
                           _set_leds
                       _timer_0_conf
                        _timer_0_set
                       _timer_0_star
 ---------------------------------------------------------------------------------
 (2) _timer_0_conf                                         0     0      0       0
 ---------------------------------------------------------------------------------
 (2) _set_leds                                             0     0      0       0
 ---------------------------------------------------------------------------------
 (1) _flag_timer_0                                         2     0      2     130
                                              2 COMRAM     2     0      2
                        _timer_0_set
                       _timer_0_star
 ---------------------------------------------------------------------------------
 (2) _timer_0_star                                         0     0      0       0
 ---------------------------------------------------------------------------------
 (2) _timer_0_set                                          2     1      1     130
                                              0 COMRAM     2     1      1
 ---------------------------------------------------------------------------------
 Estimated maximum stack depth 4
 ---------------------------------------------------------------------------------

 Call Graph Graphs:

 _main (ROOT)
   _flag_timer_0
     _timer_0_set
     _timer_0_star
   _set_ph
     _set_leds
     _timer_0_conf
     _timer_0_set
     _timer_0_star
   _sw
     _port
     _sw2
       _signal
         _port
     _sw3
       _signal
         _port

 Address spaces:
Name               Size   Autos  Total    Cost      Usage
BIGRAM             F5F      0       0      37        0.0%
EEDATA             400      0       0       0        0.0%
BITBANK14          100      0       0      33        0.0%
BANK14             100      0       0      34        0.0%
BITBANK13          100      0       0      30        0.0%
BANK13             100      0       0      31        0.0%
BITBANK12          100      0       0      28        0.0%
BANK12             100      0       0      29        0.0%
BITBANK11          100      0       0      26        0.0%
BANK11             100      0       0      27        0.0%
BITBANK10          100      0       0      24        0.0%
BANK10             100      0       0      25        0.0%
BITBANK9           100      0       0      22        0.0%
BANK9              100      0       0      23        0.0%
BITBANK8           100      0       0      20        0.0%
BANK8              100      0       0      21        0.0%
BITBANK7           100      0       0      18        0.0%
BANK7              100      0       0      19        0.0%
BITBANK6           100      0       0      16        0.0%
BANK6              100      0       0      17        0.0%
BITBANK5           100      0       0      14        0.0%
BANK5              100      0       0      15        0.0%
BITBANK4           100      0       0      12        0.0%
BANK4              100      0       0      13        0.0%
BITBANK3           100      0       0      10        0.0%
BANK3              100      0       0      11        0.0%
BITBANK2           100      0       0       8        0.0%
BANK2              100      0       0       9        0.0%
BITBANK1           100      0       0       6        0.0%
BANK1              100      0       0       7        0.0%
BITBANK0            A0      0       0       4        0.0%
BANK0               A0      0       0       5        0.0%
BITBANK15           60      0       0      35        0.0%
BANK15              60      0       0      36        0.0%
BITCOMRAM           5F      0       0       0        0.0%
COMRAM              5F      B       F       1       15.8%
BITSFR               0      0       0      40        0.0%
SFR                  0      0       0      40        0.0%
STACK                0      0       0       2        0.0%
NULL                 0      0       0       0        0.0%
ABS                  0      0       F      32        0.0%
DATA                 0      0       F       3        0.0%
CODE                 0      0       0       0        0.0%


Microchip Technology PIC18 Macro Assembler V1.35 build -356382666 
Symbol Table                                                                                   Wed Nov 30 17:49:51 2016

                      _a 000F                        _d 000E                        _m 000C  
                     _sw FF7E             __CFG_CP0$OFF 000000             __CFG_CP1$OFF 000000  
           __CFG_CP2$OFF 000000             __CFG_CP3$OFF 000000                      ?_sw 0001  
                    l830 FF14                      l912 FEC6                      l840 FF2C  
                    l826 FF06                      l836 FF26                      l844 FED4  
                    l852 FEF2                      l860 FF56                      l846 FEE0  
                    l862 FF62                      l918 FE8A                      l848 FEEC  
                    l856 FF3E                      l880 FFA2                      l858 FF4A  
                    l866 FF68                      l882 FFAC                      l874 FF82  
                    l884 FFB8                      l876 FF8C                      l892 FFD2  
                    l886 FFC4                      l878 FF96                      l888 FFCA  
           __CFG_CPB$OFF 000000             __CFG_CPD$OFF 000000                      _sw2 FED0  
                    _sw3 FF3C                      _ope 000D             __CFG_BORV$18 000000  
                    sw@d 0006                     ??_sw 0006             __CFG_LVP$OFF 000000  
                   ?_sw2 0004                     ?_sw3 0001                     _LATB 000F8A  
                   _LATD 000F8C             __CFG_PWRT$ON 000000                     _main FE86  
                   _port FE32                     sw2@a 0005                     sw2@b 0004  
                   start 0000            __CFG_IESO$OFF 000000            __CFG_MCLRE$ON 000000  
           ___param_bank 000010                    ??_sw2 0005                    ??_sw3 0004  
                  ?_main 0007                    ?_port 0001                    _ANSEL 000F7E  
                  _TMR0H 000FD7                    _TMR0L 000FD6                    _PORTB 000F81  
                  _PORTD 000F83                    _TRISA 000F92                    _TRISB 000F93  
                  _TRISD 000F95            __CFG_WRT0$OFF 000000            __CFG_WRT1$OFF 000000  
          __CFG_WRT2$OFF 000000            __CFG_WRT3$OFF 000000           __CFG_EBTR0$OFF 000000  
         __CFG_FCMEN$OFF 000000           __CFG_EBTR1$OFF 000000           __CFG_EBTR2$OFF 000000  
         __CFG_EBTR3$OFF 000000            __CFG_WRTB$OFF 000000            __CFG_WRTC$OFF 000000  
          __CFG_WRTD$OFF 000000           __CFG_EBTRB$OFF 000000           __CFG_BOREN$OFF 000000  
                  tablat 000FF5                    port@c 0001                    status 000FD8  
        __initialization FE66             __end_of_main FEA8             __end_of_port FE4A  
                 ??_main 000C                   ??_port 0001            __activetblptr 000002  
   __end_of_flag_timer_0 FED0           __CFG_WDTEN$OFF 000000           __CFG_XINST$OFF 000000  
                 _signal FF02                   _set_ph FE1A             ?_timer_0_set 0001  
           __pdataCOMRAM 000F         __end_of_set_leds FE66                   tblptrh 000FF7  
                 tblptrl 000FF6                   tblptru 000FF8          __CFG_HFOFST$OFF 000000  
        __CFG_FOSC$HSPLL 000000               __accesstop 0060  __end_of__initialization FE7C  
        __CFG_PBADEN$OFF 000000            ___rparam_used 000001           __pcstackCOMRAM 0001  
             __end_of_sw 0000               __pnvCOMRAM 000E                  ?_signal 0002  
                ?_set_ph 0001    __size_of_flag_timer_0 0028                  __Hparam 0000  
                __Lparam 0000                ?_set_leds 0001             _flag_timer_0 FEA8  
        __CFG_STVREN$OFF 000000                  __pcinit FE66                  __ramtop 1000  
        __size_of_signal 003A                  __ptext0 FE86                  __ptext1 FF7E  
                __ptext2 FF3C                  __ptext3 FED0                  __ptext4 FF02  
        __size_of_set_ph 0018                  __ptext5 FE32                  __ptext6 FE1A  
                __ptext7 FE0C                  __ptext8 FE4A                  __ptext9 FEA8  
              _T0CONbits 000FD5             __size_of_sw2 0032             __size_of_sw3 0042  
   __size_of_timer_0_set 000C            ?_timer_0_conf 0001            ?_timer_0_star 0001  
   end_of_initialization FE7C            __Lmediumconst 0000                  signal@p 0002  
                signal@x 0003               ??_set_leds 0001           ??_timer_0_conf 0001  
         ??_timer_0_star 0001            __pidataCOMRAM FDFB           __end_of_signal FF3C  
         __end_of_set_ph FE32      start_initialization FE66              __end_of_sw2 FF02  
            __end_of_sw3 FF7E          timer_0_set@high 0001         __CFG_LPT1OSC$OFF 000000  
               ??_signal 0003                 ??_set_ph 0003              __pbssCOMRAM 000C  
      __CFG_CCP2MX$PORTC 000000     __end_of_timer_0_conf FE1A     __end_of_timer_0_star FE00  
      __size_of_set_leds 001C              __size_of_sw 0082         __CFG_WDTPS$32768 000000  
          ??_timer_0_set 0002                 __Hrparam 0000                 __Lrparam 0000  
         timer_0_set@low 0002      __end_of_timer_0_set FE0C                 __ptext10 FDFC  
               __ptext11 FE00            __size_of_main 0022            __size_of_port 0018  
  __size_of_timer_0_conf 000E    __size_of_timer_0_star 0004                 _set_leds FE4A  
               main@argc 0007                 main@argv 0009               _INTCONbits 000FF2  
           _timer_0_conf FE0C             _timer_0_star FDFC            ?_flag_timer_0 0003  
            _timer_0_set FE00           ??_flag_timer_0 0005  
