

Microchip Technology PIC18 LITE Macro Assembler V1.35 build -356382666 
                                                                                               Thu Nov 17 21:25:36 2016

Microchip Technology Omniscient Code Generator v1.35 (Free mode) build 201507080246
     1                           	processor	18F46K20
     2                           	fnconf	rparam,??,?,0
     3                           	opt	pw 120
     4                           	opt	lm
     5                           	psect	idataCOMRAM,global,class=CODE,delta=1
     6                           	psect	cinit,global,reloc=2,class=CODE,delta=1
     7                           	psect	bssCOMRAM,global,class=COMRAM,space=1,delta=1
     8                           	psect	dataCOMRAM,global,class=COMRAM,space=1,delta=1
     9                           	psect	cstackCOMRAM,global,class=COMRAM,space=1,delta=1
    10                           	psect	text0,global,reloc=2,class=CODE,delta=1
    11                           	psect	text1,global,reloc=2,class=CODE,delta=1
    12                           	psect	text2,global,reloc=2,class=CODE,delta=1
    13                           	psect	text3,global,reloc=2,class=CODE,delta=1
    14                           	psect	text4,global,reloc=2,class=CODE,delta=1
    15                           	psect	text5,global,reloc=2,class=CODE,delta=1
    16                           	psect	text6,global,reloc=2,class=CODE,delta=1
    17                           	psect	text7,global,reloc=2,class=CODE,delta=1
    18                           	psect	text8,global,reloc=2,class=CODE,delta=1
    19                           	psect	text9,global,reloc=2,class=CODE,delta=1
    20                           	psect	text10,global,reloc=2,class=CODE,delta=1
    21                           	psect	text11,global,reloc=2,class=CODE,delta=1
    22                           	psect	text12,global,reloc=2,class=CODE,delta=1
    23                           	psect	intsave_regs,global,class=BIGRAM,space=1,delta=1
    24                           	psect	rparam,global,class=COMRAM,space=1,delta=1
    25  0000                     
    26                           	psect	idataCOMRAM
    27  00FE03                     __pidataCOMRAM:
    28                           	opt stack 0
    29                           
    30                           ;initializer for _a
    31  00FE03  01                 	db	1
    32  0000                     _ANSEL	set	3966
    33  0000                     _INTCONbits	set	4082
    34  0000                     _LATB	set	3978
    35  0000                     _LATD	set	3980
    36  0000                     _PORTAbits	set	3968
    37  0000                     _PORTB	set	3969
    38  0000                     _PORTD	set	3971
    39  0000                     _T0CONbits	set	4053
    40  0000                     _TMR0H	set	4055
    41  0000                     _TMR0L	set	4054
    42  0000                     _TRISA	set	3986
    43  0000                     _TRISB	set	3987
    44  0000                     _TRISD	set	3989
    45                           
    46                           ; #config settings
    47  0000                     
    48                           	psect	cinit
    49  00FEC8                     __pcinit:
    50                           	opt stack 0
    51  00FEC8                     start_initialization:
    52                           	opt stack 0
    53  00FEC8                     __initialization:
    54                           	opt stack 0
    55                           
    56                           ; Clear objects allocated to COMRAM (3 bytes)
    57  00FEC8  6A0D               	clrf	(__pbssCOMRAM+2)& (0+255),c
    58  00FECA  6A0C               	clrf	(__pbssCOMRAM+1)& (0+255),c
    59  00FECC  6A0B               	clrf	__pbssCOMRAM& (0+255),c
    60                           
    61                           ; Initialize objects allocated to COMRAM (1 bytes)
    62                           ; load TBLPTR registers with __pidataCOMRAM
    63  00FECE  0E03               	movlw	low __pidataCOMRAM
    64  00FED0  6EF6               	movwf	tblptrl,c
    65  00FED2  0EFE               	movlw	high __pidataCOMRAM
    66  00FED4  6EF7               	movwf	tblptrh,c
    67  00FED6  0E00               	movlw	low (__pidataCOMRAM shr (0+16))
    68  00FED8  6EF8               	movwf	tblptru,c
    69  00FEDA  0009               	tblrd		*+	;fetch initializer
    70  00FEDC  CFF5 F00E          	movff	tablat,__pdataCOMRAM
    71  00FEE0                     end_of_initialization:
    72                           	opt stack 0
    73  00FEE0                     __end_of__initialization:
    74                           	opt stack 0
    75  00FEE0  0E00               	movlw	low (__Lmediumconst shr (0+16))
    76  00FEE2  6EF8               	movwf	tblptru,c
    77  00FEE4  0100               	movlb	0
    78  00FEE6  EFD0  F07F         	goto	_main	;jump to C main() function
    79                           tblptru	equ	0xFF8
    80                           tblptrh	equ	0xFF7
    81                           tblptrl	equ	0xFF6
    82                           tablat	equ	0xFF5
    83                           
    84                           	psect	bssCOMRAM
    85  00000B                     __pbssCOMRAM:
    86                           	opt stack 0
    87  00000B                     _d:
    88                           	opt stack 0
    89  00000B                     	ds	2
    90  00000D                     _ope:
    91                           	opt stack 0
    92  00000D                     	ds	1
    93                           tblptru	equ	0xFF8
    94                           tblptrh	equ	0xFF7
    95                           tblptrl	equ	0xFF6
    96                           tablat	equ	0xFF5
    97                           
    98                           	psect	dataCOMRAM
    99  00000E                     __pdataCOMRAM:
   100                           	opt stack 0
   101  00000E                     _a:
   102                           	opt stack 0
   103  00000E                     	ds	1
   104                           tblptru	equ	0xFF8
   105                           tblptrh	equ	0xFF7
   106                           tblptrl	equ	0xFF6
   107                           tablat	equ	0xFF5
   108                           
   109                           	psect	cstackCOMRAM
   110  000001                     __pcstackCOMRAM:
   111                           	opt stack 0
   112  000001                     timer_0_set@high:
   113                           	opt stack 0
   114  000001                     port@c:
   115                           	opt stack 0
   116                           
   117                           ; 1 bytes @ 0x0
   118  000001                     	ds	1
   119  000002                     timer_0_set@low:
   120                           	opt stack 0
   121  000002                     sel_ope@ope:
   122                           	opt stack 0
   123                           
   124                           ; 2 bytes @ 0x1
   125  000002                     	ds	1
   126  000003                     ?_flag_timer_0:
   127                           	opt stack 0
   128                           
   129                           ; 2 bytes @ 0x2
   130  000003                     	ds	1
   131  000004                     ??_sel_ope:
   132                           
   133                           ; 0 bytes @ 0x3
   134  000004                     	ds	1
   135  000005                     
   136                           ; 0 bytes @ 0x4
   137  000005                     	ds	1
   138  000006                     
   139                           ; 2 bytes @ 0x5
   140  000006                     	ds	2
   141  000008                     
   142                           ; 3 bytes @ 0x7
   143  000008                     	ds	3
   144  00000B                     tblptru	equ	0xFF8
   145                           tblptrh	equ	0xFF7
   146                           tblptrl	equ	0xFF6
   147                           tablat	equ	0xFF5
   148                           
   149                           ; 0 bytes @ 0xA
   150 ;;
   151 ;;Main: autosize = 0, tempsize = 0, incstack = 0, save=0
   152 ;;
   153 ;; *************** function _main *****************
   154 ;; Defined at:
   155 ;;		line 90 in file "main.c"
   156 ;; Parameters:    Size  Location     Type
   157 ;;  argc            2    5[COMRAM] int 
   158 ;;  argv            3    7[COMRAM] PTR PTR unsigned char 
   159 ;; Auto vars:     Size  Location     Type
   160 ;;		None
   161 ;; Return value:  Size  Location     Type
   162 ;;                  2    5[COMRAM] int 
   163 ;; Registers used:
   164 ;;		wreg, status,2, status,0, cstack
   165 ;; Tracked objects:
   166 ;;		On entry : 0/0
   167 ;;		On exit  : 0/0
   168 ;;		Unchanged: 0/0
   169 ;; Data sizes:     COMRAM   BANK0   BANK1   BANK2   BANK3   BANK4   BANK5   BANK6   BANK7   BANK8   BANK9  BANK10  BANK1
      +1  BANK12  BANK13  BANK14  BANK15
   170 ;;      Params:         5       0       0       0       0       0       0       0       0       0       0       0       
      +0       0       0       0       0
   171 ;;      Locals:         0       0       0       0       0       0       0       0       0       0       0       0       
      +0       0       0       0       0
   172 ;;      Temps:          0       0       0       0       0       0       0       0       0       0       0       0       
      +0       0       0       0       0
   173 ;;      Totals:         5       0       0       0       0       0       0       0       0       0       0       0       
      +0       0       0       0       0
   174 ;;Total ram usage:        5 bytes
   175 ;; Hardware stack levels required when called:    3
   176 ;; This function calls:
   177 ;;		_flag_timer_0
   178 ;;		_sel_ope
   179 ;;		_set_leds
   180 ;;		_timer_0_conf
   181 ;;		_timer_0_set
   182 ;;		_timer_0_star
   183 ;; This function is called by:
   184 ;;		Startup code after reset
   185 ;; This function uses a non-reentrant model
   186 ;;
   187                           
   188                           	psect	text0
   189  00FFA0                     __ptext0:
   190                           	opt stack 0
   191  00FFA0                     _main:
   192                           	opt stack 28
   193                           
   194                           ;main.c: 91: set_leds();
   195                           
   196                           ;incstack = 0
   197  00FFA0  EC47  F07F         	call	_set_leds	;wreg free
   198                           
   199                           ;main.c: 92: timer_0_conf();
   200  00FFA4  EC0A  F07F         	call	_timer_0_conf	;wreg free
   201                           
   202                           ;main.c: 93: timer_0_set(0x2D,0x48);
   203  00FFA8  0E48               	movlw	72
   204  00FFAA  6E01               	movwf	timer_0_set@high,c
   205  00FFAC  0E2D               	movlw	45
   206  00FFAE  EC04  F07F         	call	_timer_0_set
   207                           
   208                           ;main.c: 94: timer_0_star();
   209  00FFB2  EC02  F07F         	call	_timer_0_star	;wreg free
   210  00FFB6                     l881:
   211                           
   212                           ;main.c: 96: if (flag_timer_0())
   213  00FFB6  EC75  F07F         	call	_flag_timer_0	;wreg free
   214  00FFBA  5003               	movf	?_flag_timer_0,w,c
   215  00FFBC  1004               	iorwf	?_flag_timer_0+1,w,c
   216  00FFBE  B4D8               	btfsc	status,2,c
   217  00FFC0  D006               	goto	l61
   218                           
   219                           ;main.c: 97: sel_ope(ope);
   220  00FFC2  C00D  F002         	movff	_ope,sel_ope@ope
   221  00FFC6  6A03               	clrf	sel_ope@ope+1,c
   222  00FFC8  ECA7  F07F         	call	_sel_ope	;wreg free
   223  00FFCC  D7F4               	goto	l881
   224  00FFCE                     l61:
   225                           
   226                           ;main.c: 98: else{
   227                           ;main.c: 99: if (PORTAbits.RA5==0){
   228  00FFCE  AA80               	btfss	3968,5,c	;volatile
   229  00FFD0  D00C               	goto	l891
   230  00FFD2  D7F1               	goto	l881
   231  00FFD4                     l887:
   232                           
   233                           ;main.c: 101: if(flag_timer_0())
   234  00FFD4  EC75  F07F         	call	_flag_timer_0	;wreg free
   235  00FFD8  5003               	movf	?_flag_timer_0,w,c
   236  00FFDA  1004               	iorwf	?_flag_timer_0+1,w,c
   237  00FFDC  B4D8               	btfsc	status,2,c
   238  00FFDE  D005               	goto	l891
   239                           
   240                           ;main.c: 102: sel_ope(ope);
   241  00FFE0  C00D  F002         	movff	_ope,sel_ope@ope
   242  00FFE4  6A03               	clrf	sel_ope@ope+1,c
   243  00FFE6  ECA7  F07F         	call	_sel_ope	;wreg free
   244  00FFEA                     l891:
   245  00FFEA  AA80               	btfss	3968,5,c	;volatile
   246  00FFEC  D7F3               	goto	l887
   247                           
   248                           ;main.c: 104: ope=ope+1;
   249  00FFEE  280D               	incf	_ope,w,c
   250  00FFF0  6E0D               	movwf	_ope,c
   251                           
   252                           ;main.c: 105: if (ope==6)
   253  00FFF2  0E06               	movlw	6
   254  00FFF4  180D               	xorwf	_ope,w,c
   255  00FFF6  A4D8               	btfss	status,2,c
   256  00FFF8  D7DE               	goto	l881
   257                           
   258                           ;main.c: 106: ope=1;
   259  00FFFA  0E01               	movlw	1
   260  00FFFC  6E0D               	movwf	_ope,c
   261  00FFFE  D7DB               	goto	l881
   262  010000                     __end_of_main:
   263                           	opt stack 0
   264                           tblptru	equ	0xFF8
   265                           tblptrh	equ	0xFF7
   266                           tblptrl	equ	0xFF6
   267                           tablat	equ	0xFF5
   268                           status	equ	0xFD8
   269                           
   270 ;; *************** function _timer_0_conf *****************
   271 ;; Defined at:
   272 ;;		line 5 in file "timer.c"
   273 ;; Parameters:    Size  Location     Type
   274 ;;		None
   275 ;; Auto vars:     Size  Location     Type
   276 ;;		None
   277 ;; Return value:  Size  Location     Type
   278 ;;		None               void
   279 ;; Registers used:
   280 ;;		wreg, status,2
   281 ;; Tracked objects:
   282 ;;		On entry : 0/0
   283 ;;		On exit  : 0/0
   284 ;;		Unchanged: 0/0
   285 ;; Data sizes:     COMRAM   BANK0   BANK1   BANK2   BANK3   BANK4   BANK5   BANK6   BANK7   BANK8   BANK9  BANK10  BANK1
      +1  BANK12  BANK13  BANK14  BANK15
   286 ;;      Params:         0       0       0       0       0       0       0       0       0       0       0       0       
      +0       0       0       0       0
   287 ;;      Locals:         0       0       0       0       0       0       0       0       0       0       0       0       
      +0       0       0       0       0
   288 ;;      Temps:          0       0       0       0       0       0       0       0       0       0       0       0       
      +0       0       0       0       0
   289 ;;      Totals:         0       0       0       0       0       0       0       0       0       0       0       0       
      +0       0       0       0       0
   290 ;;Total ram usage:        0 bytes
   291 ;; Hardware stack levels used:    1
   292 ;; This function calls:
   293 ;;		Nothing
   294 ;; This function is called by:
   295 ;;		_main
   296 ;; This function uses a non-reentrant model
   297 ;;
   298                           
   299                           	psect	text1
   300  00FE14                     __ptext1:
   301                           	opt stack 0
   302  00FE14                     _timer_0_conf:
   303                           	opt stack 30
   304                           
   305                           ;timer.c: 6: T0CONbits.T0PS=4;
   306                           
   307                           ;incstack = 0
   308  00FE14  50D5               	movf	4053,w,c	;volatile
   309  00FE16  0BF8               	andlw	-8
   310  00FE18  0904               	iorlw	4
   311  00FE1A  6ED5               	movwf	4053,c	;volatile
   312                           
   313                           ;timer.c: 7: T0CONbits.T08BIT=0;
   314  00FE1C  9CD5               	bcf	4053,6,c	;volatile
   315                           
   316                           ;timer.c: 8: T0CONbits.PSA=0;
   317  00FE1E  96D5               	bcf	4053,3,c	;volatile
   318                           
   319                           ;timer.c: 9: T0CONbits.T0CS=0;
   320  00FE20  9AD5               	bcf	4053,5,c	;volatile
   321  00FE22  0012               	return		;funcret
   322  00FE24                     __end_of_timer_0_conf:
   323                           	opt stack 0
   324                           tblptru	equ	0xFF8
   325                           tblptrh	equ	0xFF7
   326                           tblptrl	equ	0xFF6
   327                           tablat	equ	0xFF5
   328                           status	equ	0xFD8
   329                           
   330 ;; *************** function _set_leds *****************
   331 ;; Defined at:
   332 ;;		line 4 in file "hw.c"
   333 ;; Parameters:    Size  Location     Type
   334 ;;		None
   335 ;; Auto vars:     Size  Location     Type
   336 ;;		None
   337 ;; Return value:  Size  Location     Type
   338 ;;		None               void
   339 ;; Registers used:
   340 ;;		wreg, status,2
   341 ;; Tracked objects:
   342 ;;		On entry : 0/0
   343 ;;		On exit  : 0/0
   344 ;;		Unchanged: 0/0
   345 ;; Data sizes:     COMRAM   BANK0   BANK1   BANK2   BANK3   BANK4   BANK5   BANK6   BANK7   BANK8   BANK9  BANK10  BANK1
      +1  BANK12  BANK13  BANK14  BANK15
   346 ;;      Params:         0       0       0       0       0       0       0       0       0       0       0       0       
      +0       0       0       0       0
   347 ;;      Locals:         0       0       0       0       0       0       0       0       0       0       0       0       
      +0       0       0       0       0
   348 ;;      Temps:          0       0       0       0       0       0       0       0       0       0       0       0       
      +0       0       0       0       0
   349 ;;      Totals:         0       0       0       0       0       0       0       0       0       0       0       0       
      +0       0       0       0       0
   350 ;;Total ram usage:        0 bytes
   351 ;; Hardware stack levels used:    1
   352 ;; This function calls:
   353 ;;		Nothing
   354 ;; This function is called by:
   355 ;;		_main
   356 ;; This function uses a non-reentrant model
   357 ;;
   358                           
   359                           	psect	text2
   360  00FE8E                     __ptext2:
   361                           	opt stack 0
   362  00FE8E                     _set_leds:
   363                           	opt stack 30
   364                           
   365                           ;hw.c: 5: PORTD=0;
   366                           
   367                           ;incstack = 0
   368  00FE8E  0E00               	movlw	0
   369  00FE90  6E83               	movwf	3971,c	;volatile
   370                           
   371                           ;hw.c: 6: LATD=0;
   372  00FE92  0E00               	movlw	0
   373  00FE94  6E8C               	movwf	3980,c	;volatile
   374                           
   375                           ;hw.c: 7: PORTB=0;
   376  00FE96  0E00               	movlw	0
   377  00FE98  6E81               	movwf	3969,c	;volatile
   378                           
   379                           ;hw.c: 8: TRISB=0;
   380  00FE9A  0E00               	movlw	0
   381  00FE9C  6E93               	movwf	3987,c	;volatile
   382                           
   383                           ;hw.c: 9: TRISD=0;
   384  00FE9E  0E00               	movlw	0
   385  00FEA0  6E95               	movwf	3989,c	;volatile
   386                           
   387                           ;hw.c: 10: ANSEL=0XE0;
   388  00FEA2  0EE0               	movlw	224
   389  00FEA4  6E7E               	movwf	3966,c	;volatile
   390                           
   391                           ;hw.c: 11: TRISA=0XFF;
   392  00FEA6  6892               	setf	3986,c	;volatile
   393  00FEA8  0012               	return		;funcret
   394  00FEAA                     __end_of_set_leds:
   395                           	opt stack 0
   396                           tblptru	equ	0xFF8
   397                           tblptrh	equ	0xFF7
   398                           tblptrl	equ	0xFF6
   399                           tablat	equ	0xFF5
   400                           status	equ	0xFD8
   401                           
   402 ;; *************** function _sel_ope *****************
   403 ;; Defined at:
   404 ;;		line 70 in file "main.c"
   405 ;; Parameters:    Size  Location     Type
   406 ;;  ope             2    1[COMRAM] int 
   407 ;; Auto vars:     Size  Location     Type
   408 ;;		None
   409 ;; Return value:  Size  Location     Type
   410 ;;		None               void
   411 ;; Registers used:
   412 ;;		wreg, status,2, status,0, cstack
   413 ;; Tracked objects:
   414 ;;		On entry : 0/0
   415 ;;		On exit  : 0/0
   416 ;;		Unchanged: 0/0
   417 ;; Data sizes:     COMRAM   BANK0   BANK1   BANK2   BANK3   BANK4   BANK5   BANK6   BANK7   BANK8   BANK9  BANK10  BANK1
      +1  BANK12  BANK13  BANK14  BANK15
   418 ;;      Params:         2       0       0       0       0       0       0       0       0       0       0       0       
      +0       0       0       0       0
   419 ;;      Locals:         0       0       0       0       0       0       0       0       0       0       0       0       
      +0       0       0       0       0
   420 ;;      Temps:          2       0       0       0       0       0       0       0       0       0       0       0       
      +0       0       0       0       0
   421 ;;      Totals:         4       0       0       0       0       0       0       0       0       0       0       0       
      +0       0       0       0       0
   422 ;;Total ram usage:        4 bytes
   423 ;; Hardware stack levels used:    1
   424 ;; Hardware stack levels required when called:    2
   425 ;; This function calls:
   426 ;;		_rotar
   427 ;;		_rotar_derecha
   428 ;;		_rotar_derecha_0
   429 ;;		_rotar_izquierda
   430 ;;		_rotar_izquierda_0
   431 ;; This function is called by:
   432 ;;		_main
   433 ;; This function uses a non-reentrant model
   434 ;;
   435                           
   436                           	psect	text3
   437  00FF4E                     __ptext3:
   438                           	opt stack 0
   439  00FF4E                     _sel_ope:
   440                           	opt stack 28
   441                           
   442                           ;main.c: 71: switch (ope){
   443                           
   444                           ;incstack = 0
   445  00FF4E  D00F               	goto	l855
   446  00FF50                     l843:
   447                           
   448                           ;main.c: 73: rotar();
   449  00FF50  EC89  F07F         	call	_rotar	;wreg free
   450                           
   451                           ;main.c: 74: break;
   452  00FF54  0012               	return	
   453  00FF56                     l845:
   454                           
   455                           ;main.c: 76: rotar_derecha();
   456  00FF56  EC2B  F07F         	call	_rotar_derecha	;wreg free
   457                           
   458                           ;main.c: 77: break;
   459  00FF5A  0012               	return	
   460  00FF5C                     l847:
   461                           
   462                           ;main.c: 79: rotar_izquierda();
   463  00FF5C  EC1E  F07F         	call	_rotar_izquierda	;wreg free
   464                           
   465                           ;main.c: 80: break;
   466  00FF60  0012               	return	
   467  00FF62                     l849:
   468                           
   469                           ;main.c: 82: rotar_derecha_0();
   470  00FF62  EC55  F07F         	call	_rotar_derecha_0	;wreg free
   471                           
   472                           ;main.c: 83: break;
   473  00FF66  0012               	return	
   474  00FF68                     l851:
   475                           
   476                           ;main.c: 85: rotar_izquierda_0();
   477  00FF68  EC39  F07F         	call	_rotar_izquierda_0	;wreg free
   478                           
   479                           ;main.c: 87: }
   480                           
   481                           ;main.c: 86: break;
   482  00FF6C  0012               	return	
   483  00FF6E                     l855:
   484  00FF6E  C002  F004         	movff	sel_ope@ope,??_sel_ope
   485  00FF72  C003  F005         	movff	sel_ope@ope+1,??_sel_ope+1
   486                           
   487                           ; Switch on 2 bytes has been partitioned into a top level switch of size 1, and 1 sub-sw
      +                          itches
   488                           ; Switch size 1, requested type "space"
   489                           ; Number of cases is 1, Range of values is 0 to 0
   490                           ; switch strategies available:
   491                           ; Name         Instructions Cycles
   492                           ; simple_byte            4     3 (average)
   493                           ;	Chosen strategy is simple_byte
   494  00FF76  5005               	movf	??_sel_ope+1,w,c
   495  00FF78  0A00               	xorlw	0	; case 0
   496  00FF7A  A4D8               	btfss	status,2,c
   497  00FF7C  0012               	return	
   498                           
   499                           ; Switch size 1, requested type "space"
   500                           ; Number of cases is 5, Range of values is 1 to 5
   501                           ; switch strategies available:
   502                           ; Name         Instructions Cycles
   503                           ; simple_byte           16     9 (average)
   504                           ;	Chosen strategy is simple_byte
   505  00FF7E  5004               	movf	??_sel_ope,w,c
   506  00FF80  0A01               	xorlw	1	; case 1
   507  00FF82  B4D8               	btfsc	status,2,c
   508  00FF84  D7E5               	goto	l843
   509  00FF86  0A03               	xorlw	3	; case 2
   510  00FF88  B4D8               	btfsc	status,2,c
   511  00FF8A  D7E5               	goto	l845
   512  00FF8C  0A01               	xorlw	1	; case 3
   513  00FF8E  B4D8               	btfsc	status,2,c
   514  00FF90  D7E5               	goto	l847
   515  00FF92  0A07               	xorlw	7	; case 4
   516  00FF94  B4D8               	btfsc	status,2,c
   517  00FF96  D7E5               	goto	l849
   518  00FF98  0A01               	xorlw	1	; case 5
   519  00FF9A  A4D8               	btfss	status,2,c
   520  00FF9C  0012               	return	
   521  00FF9E  D7E4               	goto	l851
   522  00FFA0                     __end_of_sel_ope:
   523                           	opt stack 0
   524                           tblptru	equ	0xFF8
   525                           tblptrh	equ	0xFF7
   526                           tblptrl	equ	0xFF6
   527                           tablat	equ	0xFF5
   528                           status	equ	0xFD8
   529                           
   530 ;; *************** function _rotar_izquierda_0 *****************
   531 ;; Defined at:
   532 ;;		line 29 in file "main.c"
   533 ;; Parameters:    Size  Location     Type
   534 ;;		None
   535 ;; Auto vars:     Size  Location     Type
   536 ;;  c               1    0        unsigned char 
   537 ;; Return value:  Size  Location     Type
   538 ;;		None               void
   539 ;; Registers used:
   540 ;;		wreg, status,2, status,0, cstack
   541 ;; Tracked objects:
   542 ;;		On entry : 0/0
   543 ;;		On exit  : 0/0
   544 ;;		Unchanged: 0/0
   545 ;; Data sizes:     COMRAM   BANK0   BANK1   BANK2   BANK3   BANK4   BANK5   BANK6   BANK7   BANK8   BANK9  BANK10  BANK1
      +1  BANK12  BANK13  BANK14  BANK15
   546 ;;      Params:         0       0       0       0       0       0       0       0       0       0       0       0       
      +0       0       0       0       0
   547 ;;      Locals:         0       0       0       0       0       0       0       0       0       0       0       0       
      +0       0       0       0       0
   548 ;;      Temps:          0       0       0       0       0       0       0       0       0       0       0       0       
      +0       0       0       0       0
   549 ;;      Totals:         0       0       0       0       0       0       0       0       0       0       0       0       
      +0       0       0       0       0
   550 ;;Total ram usage:        0 bytes
   551 ;; Hardware stack levels used:    1
   552 ;; Hardware stack levels required when called:    1
   553 ;; This function calls:
   554 ;;		_port
   555 ;; This function is called by:
   556 ;;		_sel_ope
   557 ;; This function uses a non-reentrant model
   558 ;;
   559                           
   560                           	psect	text4
   561  00FE72                     __ptext4:
   562                           	opt stack 0
   563  00FE72                     _rotar_izquierda_0:
   564                           	opt stack 28
   565                           
   566                           ;main.c: 30: unsigned char c;
   567                           ;main.c: 31: port(0xFF & ~a);
   568                           
   569                           ;incstack = 0
   570  00FE72  500E               	movf	_a,w,c
   571  00FE74  0AFF               	xorlw	255
   572  00FE76  EC12  F07F         	call	_port
   573                           
   574                           ;main.c: 33: if (a==1)
   575  00FE7A  040E               	decf	_a,w,c
   576  00FE7C  A4D8               	btfss	status,2,c
   577  00FE7E  D003               	goto	l729
   578                           
   579                           ;main.c: 34: a=128;
   580  00FE80  0E80               	movlw	128
   581  00FE82  6E0E               	movwf	_a,c
   582  00FE84  0012               	return	
   583  00FE86                     l729:
   584                           
   585                           ;main.c: 35: else
   586                           ;main.c: 36: a=a>>1;
   587  00FE86  90D8               	bcf	status,0,c
   588  00FE88  300E               	rrcf	_a,w,c
   589  00FE8A  6E0E               	movwf	_a,c
   590  00FE8C  0012               	return	
   591  00FE8E                     __end_of_rotar_izquierda_0:
   592                           	opt stack 0
   593                           tblptru	equ	0xFF8
   594                           tblptrh	equ	0xFF7
   595                           tblptrl	equ	0xFF6
   596                           tablat	equ	0xFF5
   597                           status	equ	0xFD8
   598                           
   599 ;; *************** function _rotar_izquierda *****************
   600 ;; Defined at:
   601 ;;		line 48 in file "main.c"
   602 ;; Parameters:    Size  Location     Type
   603 ;;		None
   604 ;; Auto vars:     Size  Location     Type
   605 ;;		None
   606 ;; Return value:  Size  Location     Type
   607 ;;		None               void
   608 ;; Registers used:
   609 ;;		wreg, status,2, status,0, cstack
   610 ;; Tracked objects:
   611 ;;		On entry : 0/0
   612 ;;		On exit  : 0/0
   613 ;;		Unchanged: 0/0
   614 ;; Data sizes:     COMRAM   BANK0   BANK1   BANK2   BANK3   BANK4   BANK5   BANK6   BANK7   BANK8   BANK9  BANK10  BANK1
      +1  BANK12  BANK13  BANK14  BANK15
   615 ;;      Params:         0       0       0       0       0       0       0       0       0       0       0       0       
      +0       0       0       0       0
   616 ;;      Locals:         0       0       0       0       0       0       0       0       0       0       0       0       
      +0       0       0       0       0
   617 ;;      Temps:          0       0       0       0       0       0       0       0       0       0       0       0       
      +0       0       0       0       0
   618 ;;      Totals:         0       0       0       0       0       0       0       0       0       0       0       0       
      +0       0       0       0       0
   619 ;;Total ram usage:        0 bytes
   620 ;; Hardware stack levels used:    1
   621 ;; Hardware stack levels required when called:    1
   622 ;; This function calls:
   623 ;;		_port
   624 ;; This function is called by:
   625 ;;		_sel_ope
   626 ;; This function uses a non-reentrant model
   627 ;;
   628                           
   629                           	psect	text5
   630  00FE3C                     __ptext5:
   631                           	opt stack 0
   632  00FE3C                     _rotar_izquierda:
   633                           	opt stack 28
   634                           
   635                           ;main.c: 49: port(a);
   636                           
   637                           ;incstack = 0
   638  00FE3C  500E               	movf	_a,w,c
   639  00FE3E  EC12  F07F         	call	_port
   640                           
   641                           ;main.c: 50: if (a==1)
   642  00FE42  040E               	decf	_a,w,c
   643  00FE44  A4D8               	btfss	status,2,c
   644  00FE46  D003               	goto	l745
   645                           
   646                           ;main.c: 51: a=128;
   647  00FE48  0E80               	movlw	128
   648  00FE4A  6E0E               	movwf	_a,c
   649  00FE4C  0012               	return	
   650  00FE4E                     l745:
   651                           
   652                           ;main.c: 52: else
   653                           ;main.c: 53: a=a>>1;
   654  00FE4E  90D8               	bcf	status,0,c
   655  00FE50  300E               	rrcf	_a,w,c
   656  00FE52  6E0E               	movwf	_a,c
   657  00FE54  0012               	return	
   658  00FE56                     __end_of_rotar_izquierda:
   659                           	opt stack 0
   660                           tblptru	equ	0xFF8
   661                           tblptrh	equ	0xFF7
   662                           tblptrl	equ	0xFF6
   663                           tablat	equ	0xFF5
   664                           status	equ	0xFD8
   665                           
   666 ;; *************** function _rotar_derecha_0 *****************
   667 ;; Defined at:
   668 ;;		line 19 in file "main.c"
   669 ;; Parameters:    Size  Location     Type
   670 ;;		None
   671 ;; Auto vars:     Size  Location     Type
   672 ;;  c               1    0        unsigned char 
   673 ;; Return value:  Size  Location     Type
   674 ;;		None               void
   675 ;; Registers used:
   676 ;;		wreg, status,2, status,0, cstack
   677 ;; Tracked objects:
   678 ;;		On entry : 0/0
   679 ;;		On exit  : 0/0
   680 ;;		Unchanged: 0/0
   681 ;; Data sizes:     COMRAM   BANK0   BANK1   BANK2   BANK3   BANK4   BANK5   BANK6   BANK7   BANK8   BANK9  BANK10  BANK1
      +1  BANK12  BANK13  BANK14  BANK15
   682 ;;      Params:         0       0       0       0       0       0       0       0       0       0       0       0       
      +0       0       0       0       0
   683 ;;      Locals:         0       0       0       0       0       0       0       0       0       0       0       0       
      +0       0       0       0       0
   684 ;;      Temps:          0       0       0       0       0       0       0       0       0       0       0       0       
      +0       0       0       0       0
   685 ;;      Totals:         0       0       0       0       0       0       0       0       0       0       0       0       
      +0       0       0       0       0
   686 ;;Total ram usage:        0 bytes
   687 ;; Hardware stack levels used:    1
   688 ;; Hardware stack levels required when called:    1
   689 ;; This function calls:
   690 ;;		_port
   691 ;; This function is called by:
   692 ;;		_sel_ope
   693 ;; This function uses a non-reentrant model
   694 ;;
   695                           
   696                           	psect	text6
   697  00FEAA                     __ptext6:
   698                           	opt stack 0
   699  00FEAA                     _rotar_derecha_0:
   700                           	opt stack 28
   701                           
   702                           ;main.c: 20: unsigned char c;
   703                           ;main.c: 21: port(0xFF & ~a);
   704                           
   705                           ;incstack = 0
   706  00FEAA  500E               	movf	_a,w,c
   707  00FEAC  0AFF               	xorlw	255
   708  00FEAE  EC12  F07F         	call	_port
   709                           
   710                           ;main.c: 23: if (a==128)
   711  00FEB2  0E80               	movlw	128
   712  00FEB4  180E               	xorwf	_a,w,c
   713  00FEB6  A4D8               	btfss	status,2,c
   714  00FEB8  D003               	goto	l721
   715                           
   716                           ;main.c: 24: a=1;
   717  00FEBA  0E01               	movlw	1
   718  00FEBC  6E0E               	movwf	_a,c
   719  00FEBE  0012               	return	
   720  00FEC0                     l721:
   721                           
   722                           ;main.c: 25: else
   723                           ;main.c: 26: a=a<<1;
   724  00FEC0  500E               	movf	_a,w,c
   725  00FEC2  240E               	addwf	_a,w,c
   726  00FEC4  6E0E               	movwf	_a,c
   727  00FEC6  0012               	return	
   728  00FEC8                     __end_of_rotar_derecha_0:
   729                           	opt stack 0
   730                           tblptru	equ	0xFF8
   731                           tblptrh	equ	0xFF7
   732                           tblptrl	equ	0xFF6
   733                           tablat	equ	0xFF5
   734                           status	equ	0xFD8
   735                           
   736 ;; *************** function _rotar_derecha *****************
   737 ;; Defined at:
   738 ;;		line 40 in file "main.c"
   739 ;; Parameters:    Size  Location     Type
   740 ;;		None
   741 ;; Auto vars:     Size  Location     Type
   742 ;;		None
   743 ;; Return value:  Size  Location     Type
   744 ;;		None               void
   745 ;; Registers used:
   746 ;;		wreg, status,2, status,0, cstack
   747 ;; Tracked objects:
   748 ;;		On entry : 0/0
   749 ;;		On exit  : 0/0
   750 ;;		Unchanged: 0/0
   751 ;; Data sizes:     COMRAM   BANK0   BANK1   BANK2   BANK3   BANK4   BANK5   BANK6   BANK7   BANK8   BANK9  BANK10  BANK1
      +1  BANK12  BANK13  BANK14  BANK15
   752 ;;      Params:         0       0       0       0       0       0       0       0       0       0       0       0       
      +0       0       0       0       0
   753 ;;      Locals:         0       0       0       0       0       0       0       0       0       0       0       0       
      +0       0       0       0       0
   754 ;;      Temps:          0       0       0       0       0       0       0       0       0       0       0       0       
      +0       0       0       0       0
   755 ;;      Totals:         0       0       0       0       0       0       0       0       0       0       0       0       
      +0       0       0       0       0
   756 ;;Total ram usage:        0 bytes
   757 ;; Hardware stack levels used:    1
   758 ;; Hardware stack levels required when called:    1
   759 ;; This function calls:
   760 ;;		_port
   761 ;; This function is called by:
   762 ;;		_sel_ope
   763 ;; This function uses a non-reentrant model
   764 ;;
   765                           
   766                           	psect	text7
   767  00FE56                     __ptext7:
   768                           	opt stack 0
   769  00FE56                     _rotar_derecha:
   770                           	opt stack 28
   771                           
   772                           ;main.c: 41: port(a);
   773                           
   774                           ;incstack = 0
   775  00FE56  500E               	movf	_a,w,c
   776  00FE58  EC12  F07F         	call	_port
   777                           
   778                           ;main.c: 42: if (a==128)
   779  00FE5C  0E80               	movlw	128
   780  00FE5E  180E               	xorwf	_a,w,c
   781  00FE60  A4D8               	btfss	status,2,c
   782  00FE62  D003               	goto	l737
   783                           
   784                           ;main.c: 43: a=1;
   785  00FE64  0E01               	movlw	1
   786  00FE66  6E0E               	movwf	_a,c
   787  00FE68  0012               	return	
   788  00FE6A                     l737:
   789                           
   790                           ;main.c: 44: else
   791                           ;main.c: 45: a=a<<1;
   792  00FE6A  500E               	movf	_a,w,c
   793  00FE6C  240E               	addwf	_a,w,c
   794  00FE6E  6E0E               	movwf	_a,c
   795  00FE70  0012               	return	
   796  00FE72                     __end_of_rotar_derecha:
   797                           	opt stack 0
   798                           tblptru	equ	0xFF8
   799                           tblptrh	equ	0xFF7
   800                           tblptrl	equ	0xFF6
   801                           tablat	equ	0xFF5
   802                           status	equ	0xFD8
   803                           
   804 ;; *************** function _rotar *****************
   805 ;; Defined at:
   806 ;;		line 55 in file "main.c"
   807 ;; Parameters:    Size  Location     Type
   808 ;;		None
   809 ;; Auto vars:     Size  Location     Type
   810 ;;		None
   811 ;; Return value:  Size  Location     Type
   812 ;;		None               void
   813 ;; Registers used:
   814 ;;		wreg, status,2, status,0, cstack
   815 ;; Tracked objects:
   816 ;;		On entry : 0/0
   817 ;;		On exit  : 0/0
   818 ;;		Unchanged: 0/0
   819 ;; Data sizes:     COMRAM   BANK0   BANK1   BANK2   BANK3   BANK4   BANK5   BANK6   BANK7   BANK8   BANK9  BANK10  BANK1
      +1  BANK12  BANK13  BANK14  BANK15
   820 ;;      Params:         0       0       0       0       0       0       0       0       0       0       0       0       
      +0       0       0       0       0
   821 ;;      Locals:         0       0       0       0       0       0       0       0       0       0       0       0       
      +0       0       0       0       0
   822 ;;      Temps:          0       0       0       0       0       0       0       0       0       0       0       0       
      +0       0       0       0       0
   823 ;;      Totals:         0       0       0       0       0       0       0       0       0       0       0       0       
      +0       0       0       0       0
   824 ;;Total ram usage:        0 bytes
   825 ;; Hardware stack levels used:    1
   826 ;; Hardware stack levels required when called:    1
   827 ;; This function calls:
   828 ;;		_port
   829 ;; This function is called by:
   830 ;;		_sel_ope
   831 ;; This function uses a non-reentrant model
   832 ;;
   833                           
   834                           	psect	text8
   835  00FF12                     __ptext8:
   836                           	opt stack 0
   837  00FF12                     _rotar:
   838                           	opt stack 28
   839                           
   840                           ;main.c: 56: port(a);
   841                           
   842                           ;incstack = 0
   843  00FF12  500E               	movf	_a,w,c
   844  00FF14  EC12  F07F         	call	_port
   845                           
   846                           ;main.c: 57: if (d==0){
   847  00FF18  500B               	movf	_d,w,c
   848  00FF1A  100C               	iorwf	_d+1,w,c
   849  00FF1C  A4D8               	btfss	status,2,c
   850  00FF1E  D00C               	goto	l755
   851                           
   852                           ;main.c: 58: a=a<<1;
   853  00FF20  500E               	movf	_a,w,c
   854  00FF22  240E               	addwf	_a,w,c
   855  00FF24  6E0E               	movwf	_a,c
   856                           
   857                           ;main.c: 59: if (a==128)
   858  00FF26  0E80               	movlw	128
   859  00FF28  180E               	xorwf	_a,w,c
   860  00FF2A  A4D8               	btfss	status,2,c
   861  00FF2C  0012               	return	
   862                           
   863                           ;main.c: 60: d=1;
   864  00FF2E  0E00               	movlw	0
   865  00FF30  6E0C               	movwf	_d+1,c
   866  00FF32  0E01               	movlw	1
   867  00FF34  6E0B               	movwf	_d,c
   868                           
   869                           ;main.c: 61: }
   870  00FF36  0012               	return	
   871  00FF38                     l755:
   872                           
   873                           ;main.c: 62: else{
   874                           ;main.c: 63: a=a>>1;
   875  00FF38  90D8               	bcf	status,0,c
   876  00FF3A  300E               	rrcf	_a,w,c
   877  00FF3C  6E0E               	movwf	_a,c
   878                           
   879                           ;main.c: 64: if (a==1){
   880  00FF3E  040E               	decf	_a,w,c
   881  00FF40  A4D8               	btfss	status,2,c
   882  00FF42  0012               	return	
   883                           
   884                           ;main.c: 65: d=0;
   885  00FF44  0E00               	movlw	0
   886  00FF46  6E0C               	movwf	_d+1,c
   887  00FF48  0E00               	movlw	0
   888  00FF4A  6E0B               	movwf	_d,c
   889  00FF4C  0012               	return	
   890  00FF4E                     __end_of_rotar:
   891                           	opt stack 0
   892                           tblptru	equ	0xFF8
   893                           tblptrh	equ	0xFF7
   894                           tblptrl	equ	0xFF6
   895                           tablat	equ	0xFF5
   896                           status	equ	0xFD8
   897                           
   898 ;; *************** function _port *****************
   899 ;; Defined at:
   900 ;;		line 14 in file "hw.c"
   901 ;; Parameters:    Size  Location     Type
   902 ;;  c               1    wreg     unsigned char 
   903 ;; Auto vars:     Size  Location     Type
   904 ;;  c               1    0[COMRAM] unsigned char 
   905 ;; Return value:  Size  Location     Type
   906 ;;		None               void
   907 ;; Registers used:
   908 ;;		wreg, status,2, status,0
   909 ;; Tracked objects:
   910 ;;		On entry : 0/0
   911 ;;		On exit  : 0/0
   912 ;;		Unchanged: 0/0
   913 ;; Data sizes:     COMRAM   BANK0   BANK1   BANK2   BANK3   BANK4   BANK5   BANK6   BANK7   BANK8   BANK9  BANK10  BANK1
      +1  BANK12  BANK13  BANK14  BANK15
   914 ;;      Params:         0       0       0       0       0       0       0       0       0       0       0       0       
      +0       0       0       0       0
   915 ;;      Locals:         1       0       0       0       0       0       0       0       0       0       0       0       
      +0       0       0       0       0
   916 ;;      Temps:          0       0       0       0       0       0       0       0       0       0       0       0       
      +0       0       0       0       0
   917 ;;      Totals:         1       0       0       0       0       0       0       0       0       0       0       0       
      +0       0       0       0       0
   918 ;;Total ram usage:        1 bytes
   919 ;; Hardware stack levels used:    1
   920 ;; This function calls:
   921 ;;		Nothing
   922 ;; This function is called by:
   923 ;;		_rotar_derecha_0
   924 ;;		_rotar_izquierda_0
   925 ;;		_rotar_derecha
   926 ;;		_rotar_izquierda
   927 ;;		_rotar
   928 ;; This function uses a non-reentrant model
   929 ;;
   930                           
   931                           	psect	text9
   932  00FE24                     __ptext9:
   933                           	opt stack 0
   934  00FE24                     _port:
   935                           	opt stack 28
   936                           
   937                           ;incstack = 0
   938                           ;port@c stored from wreg
   939  00FE24  6E01               	movwf	port@c,c
   940                           
   941                           ;hw.c: 15: LATD &=0XF0;
   942  00FE26  0EF0               	movlw	240
   943  00FE28  168C               	andwf	3980,f,c	;volatile
   944                           
   945                           ;hw.c: 16: LATB &= 0XF0;
   946  00FE2A  0EF0               	movlw	240
   947  00FE2C  168A               	andwf	3978,f,c	;volatile
   948                           
   949                           ;hw.c: 17: LATD |=(c & 0x0F);
   950  00FE2E  5001               	movf	port@c,w,c
   951  00FE30  0B0F               	andlw	15
   952  00FE32  128C               	iorwf	3980,f,c	;volatile
   953                           
   954                           ;hw.c: 18: LATB |=(c>>4);
   955  00FE34  3801               	swapf	port@c,w,c
   956  00FE36  0B0F               	andlw	15
   957  00FE38  128A               	iorwf	3978,f,c	;volatile
   958  00FE3A  0012               	return		;funcret
   959  00FE3C                     __end_of_port:
   960                           	opt stack 0
   961                           tblptru	equ	0xFF8
   962                           tblptrh	equ	0xFF7
   963                           tblptrl	equ	0xFF6
   964                           tablat	equ	0xFF5
   965                           status	equ	0xFD8
   966                           
   967 ;; *************** function _flag_timer_0 *****************
   968 ;; Defined at:
   969 ;;		line 21 in file "timer.c"
   970 ;; Parameters:    Size  Location     Type
   971 ;;		None
   972 ;; Auto vars:     Size  Location     Type
   973 ;;		None
   974 ;; Return value:  Size  Location     Type
   975 ;;                  2    2[COMRAM] int 
   976 ;; Registers used:
   977 ;;		wreg, status,2, cstack
   978 ;; Tracked objects:
   979 ;;		On entry : 0/0
   980 ;;		On exit  : 0/0
   981 ;;		Unchanged: 0/0
   982 ;; Data sizes:     COMRAM   BANK0   BANK1   BANK2   BANK3   BANK4   BANK5   BANK6   BANK7   BANK8   BANK9  BANK10  BANK1
      +1  BANK12  BANK13  BANK14  BANK15
   983 ;;      Params:         2       0       0       0       0       0       0       0       0       0       0       0       
      +0       0       0       0       0
   984 ;;      Locals:         0       0       0       0       0       0       0       0       0       0       0       0       
      +0       0       0       0       0
   985 ;;      Temps:          0       0       0       0       0       0       0       0       0       0       0       0       
      +0       0       0       0       0
   986 ;;      Totals:         2       0       0       0       0       0       0       0       0       0       0       0       
      +0       0       0       0       0
   987 ;;Total ram usage:        2 bytes
   988 ;; Hardware stack levels used:    1
   989 ;; Hardware stack levels required when called:    1
   990 ;; This function calls:
   991 ;;		_timer_0_set
   992 ;;		_timer_0_star
   993 ;; This function is called by:
   994 ;;		_main
   995 ;; This function uses a non-reentrant model
   996 ;;
   997                           
   998                           	psect	text10
   999  00FEEA                     __ptext10:
  1000                           	opt stack 0
  1001  00FEEA                     _flag_timer_0:
  1002                           	opt stack 29
  1003                           
  1004                           ;timer.c: 22: if(INTCONbits.T0IF){
  1005                           
  1006                           ;incstack = 0
  1007  00FEEA  A4F2               	btfss	intcon,2,c	;volatile
  1008  00FEEC  D00D               	goto	l873
  1009                           
  1010                           ;timer.c: 23: INTCONbits.T0IF=0;
  1011  00FEEE  94F2               	bcf	intcon,2,c	;volatile
  1012                           
  1013                           ;timer.c: 24: timer_0_set(0x2D,0x48);
  1014  00FEF0  0E48               	movlw	72
  1015  00FEF2  6E01               	movwf	timer_0_set@high,c
  1016  00FEF4  0E2D               	movlw	45
  1017  00FEF6  EC04  F07F         	call	_timer_0_set
  1018                           
  1019                           ;timer.c: 25: timer_0_star();
  1020  00FEFA  EC02  F07F         	call	_timer_0_star	;wreg free
  1021                           
  1022                           ;timer.c: 26: return 1;
  1023  00FEFE  0E00               	movlw	0
  1024  00FF00  6E04               	movwf	?_flag_timer_0+1,c
  1025  00FF02  0E01               	movlw	1
  1026  00FF04  6E03               	movwf	?_flag_timer_0,c
  1027                           
  1028                           ;timer.c: 27: }
  1029  00FF06  0012               	return	
  1030  00FF08                     l873:
  1031                           
  1032                           ;timer.c: 28: else
  1033                           ;timer.c: 29: return 0;
  1034  00FF08  0E00               	movlw	0
  1035  00FF0A  6E04               	movwf	?_flag_timer_0+1,c
  1036  00FF0C  0E00               	movlw	0
  1037  00FF0E  6E03               	movwf	?_flag_timer_0,c
  1038  00FF10  0012               	return	
  1039  00FF12                     __end_of_flag_timer_0:
  1040                           	opt stack 0
  1041                           tblptru	equ	0xFF8
  1042                           tblptrh	equ	0xFF7
  1043                           tblptrl	equ	0xFF6
  1044                           tablat	equ	0xFF5
  1045                           intcon	equ	0xFF2
  1046                           status	equ	0xFD8
  1047                           
  1048 ;; *************** function _timer_0_star *****************
  1049 ;; Defined at:
  1050 ;;		line 17 in file "timer.c"
  1051 ;; Parameters:    Size  Location     Type
  1052 ;;		None
  1053 ;; Auto vars:     Size  Location     Type
  1054 ;;		None
  1055 ;; Return value:  Size  Location     Type
  1056 ;;		None               void
  1057 ;; Registers used:
  1058 ;;		None
  1059 ;; Tracked objects:
  1060 ;;		On entry : 0/0
  1061 ;;		On exit  : 0/0
  1062 ;;		Unchanged: 0/0
  1063 ;; Data sizes:     COMRAM   BANK0   BANK1   BANK2   BANK3   BANK4   BANK5   BANK6   BANK7   BANK8   BANK9  BANK10  BANK1
      +1  BANK12  BANK13  BANK14  BANK15
  1064 ;;      Params:         0       0       0       0       0       0       0       0       0       0       0       0       
      +0       0       0       0       0
  1065 ;;      Locals:         0       0       0       0       0       0       0       0       0       0       0       0       
      +0       0       0       0       0
  1066 ;;      Temps:          0       0       0       0       0       0       0       0       0       0       0       0       
      +0       0       0       0       0
  1067 ;;      Totals:         0       0       0       0       0       0       0       0       0       0       0       0       
      +0       0       0       0       0
  1068 ;;Total ram usage:        0 bytes
  1069 ;; Hardware stack levels used:    1
  1070 ;; This function calls:
  1071 ;;		Nothing
  1072 ;; This function is called by:
  1073 ;;		_main
  1074 ;;		_flag_timer_0
  1075 ;; This function uses a non-reentrant model
  1076 ;;
  1077                           
  1078                           	psect	text11
  1079  00FE04                     __ptext11:
  1080                           	opt stack 0
  1081  00FE04                     _timer_0_star:
  1082                           	opt stack 30
  1083                           
  1084                           ;timer.c: 18: T0CONbits.TMR0ON=1;
  1085                           
  1086                           ;incstack = 0
  1087  00FE04  8ED5               	bsf	4053,7,c	;volatile
  1088  00FE06  0012               	return		;funcret
  1089  00FE08                     __end_of_timer_0_star:
  1090                           	opt stack 0
  1091                           tblptru	equ	0xFF8
  1092                           tblptrh	equ	0xFF7
  1093                           tblptrl	equ	0xFF6
  1094                           tablat	equ	0xFF5
  1095                           intcon	equ	0xFF2
  1096                           status	equ	0xFD8
  1097                           
  1098 ;; *************** function _timer_0_set *****************
  1099 ;; Defined at:
  1100 ;;		line 12 in file "timer.c"
  1101 ;; Parameters:    Size  Location     Type
  1102 ;;  low             1    wreg     unsigned char 
  1103 ;;  high            1    0[COMRAM] unsigned char 
  1104 ;; Auto vars:     Size  Location     Type
  1105 ;;  low             1    1[COMRAM] unsigned char 
  1106 ;; Return value:  Size  Location     Type
  1107 ;;		None               void
  1108 ;; Registers used:
  1109 ;;		wreg
  1110 ;; Tracked objects:
  1111 ;;		On entry : 0/0
  1112 ;;		On exit  : 0/0
  1113 ;;		Unchanged: 0/0
  1114 ;; Data sizes:     COMRAM   BANK0   BANK1   BANK2   BANK3   BANK4   BANK5   BANK6   BANK7   BANK8   BANK9  BANK10  BANK1
      +1  BANK12  BANK13  BANK14  BANK15
  1115 ;;      Params:         1       0       0       0       0       0       0       0       0       0       0       0       
      +0       0       0       0       0
  1116 ;;      Locals:         1       0       0       0       0       0       0       0       0       0       0       0       
      +0       0       0       0       0
  1117 ;;      Temps:          0       0       0       0       0       0       0       0       0       0       0       0       
      +0       0       0       0       0
  1118 ;;      Totals:         2       0       0       0       0       0       0       0       0       0       0       0       
      +0       0       0       0       0
  1119 ;;Total ram usage:        2 bytes
  1120 ;; Hardware stack levels used:    1
  1121 ;; This function calls:
  1122 ;;		Nothing
  1123 ;; This function is called by:
  1124 ;;		_main
  1125 ;;		_flag_timer_0
  1126 ;; This function uses a non-reentrant model
  1127 ;;
  1128                           
  1129                           	psect	text12
  1130  00FE08                     __ptext12:
  1131                           	opt stack 0
  1132  00FE08                     _timer_0_set:
  1133                           	opt stack 30
  1134                           
  1135                           ;incstack = 0
  1136                           ;timer_0_set@low stored from wreg
  1137  00FE08  6E02               	movwf	timer_0_set@low,c
  1138                           
  1139                           ;timer.c: 13: TMR0H=high;
  1140  00FE0A  C001  FFD7         	movff	timer_0_set@high,4055	;volatile
  1141                           
  1142                           ;timer.c: 14: TMR0L=low;
  1143  00FE0E  C002  FFD6         	movff	timer_0_set@low,4054	;volatile
  1144  00FE12  0012               	return		;funcret
  1145  00FE14                     __end_of_timer_0_set:
  1146                           	opt stack 0
  1147  0000                     tblptru	equ	0xFF8
  1148                           tblptrh	equ	0xFF7
  1149                           tblptrl	equ	0xFF6
  1150                           tablat	equ	0xFF5
  1151                           intcon	equ	0xFF2
  1152                           status	equ	0xFD8
  1153                           tblptru	equ	0xFF8
  1154                           tblptrh	equ	0xFF7
  1155                           tblptrl	equ	0xFF6
  1156                           tablat	equ	0xFF5
  1157                           intcon	equ	0xFF2
  1158                           status	equ	0xFD8
  1159                           
  1160                           	psect	rparam
  1161  0000                     tblptru	equ	0xFF8
  1162                           tblptrh	equ	0xFF7
  1163                           tblptrl	equ	0xFF6
  1164                           tablat	equ	0xFF5
  1165                           intcon	equ	0xFF2
  1166                           status	equ	0xFD8


Data Sizes:
    Strings     0
    Constant    0
    Data        1
    BSS         3
    Persistent  0
    Stack       0

Auto Spaces:
    Space          Size  Autos    Used
    COMRAM           95     10      14
    BANK0           160      0       0
    BANK1           256      0       0
    BANK2           256      0       0
    BANK3           256      0       0
    BANK4           256      0       0
    BANK5           256      0       0
    BANK6           256      0       0
    BANK7           256      0       0
    BANK8           256      0       0
    BANK9           256      0       0
    BANK10          256      0       0
    BANK11          256      0       0
    BANK12          256      0       0
    BANK13          256      0       0
    BANK14          256      0       0
    BANK15           96      0       0

Pointer List with Targets:

    None.

Critical Paths under _main in COMRAM

    _main->_sel_ope
    _rotar_izquierda_0->_port
    _rotar_izquierda->_port
    _rotar_derecha_0->_port
    _rotar_derecha->_port
    _rotar->_port
    _flag_timer_0->_timer_0_set

Critical Paths under _main in BANK0

    None.

Critical Paths under _main in BANK1

    None.

Critical Paths under _main in BANK2

    None.

Critical Paths under _main in BANK3

    None.

Critical Paths under _main in BANK4

    None.

Critical Paths under _main in BANK5

    None.

Critical Paths under _main in BANK6

    None.

Critical Paths under _main in BANK7

    None.

Critical Paths under _main in BANK8

    None.

Critical Paths under _main in BANK9

    None.

Critical Paths under _main in BANK10

    None.

Critical Paths under _main in BANK11

    None.

Critical Paths under _main in BANK12

    None.

Critical Paths under _main in BANK13

    None.

Critical Paths under _main in BANK14

    None.

Critical Paths under _main in BANK15

    None.

Call Graph Tables:

 ---------------------------------------------------------------------------------
 (Depth) Function   	        Calls       Base Space   Used Autos Params    Refs
 ---------------------------------------------------------------------------------
 (0) _main                                                 5     0      5     518
                                              5 COMRAM     5     0      5
                       _flag_timer_0
                            _sel_ope
                           _set_leds
                       _timer_0_conf
                        _timer_0_set
                       _timer_0_star
 ---------------------------------------------------------------------------------
 (1) _timer_0_conf                                         0     0      0       0
 ---------------------------------------------------------------------------------
 (1) _set_leds                                             0     0      0       0
 ---------------------------------------------------------------------------------
 (1) _sel_ope                                              4     2      2     258
                                              1 COMRAM     4     2      2
                              _rotar
                      _rotar_derecha
                    _rotar_derecha_0
                    _rotar_izquierda
                  _rotar_izquierda_0
 ---------------------------------------------------------------------------------
 (2) _rotar_izquierda_0                                    1     1      0      30
                               _port
 ---------------------------------------------------------------------------------
 (2) _rotar_izquierda                                      0     0      0      30
                               _port
 ---------------------------------------------------------------------------------
 (2) _rotar_derecha_0                                      1     1      0      30
                               _port
 ---------------------------------------------------------------------------------
 (2) _rotar_derecha                                        0     0      0      30
                               _port
 ---------------------------------------------------------------------------------
 (2) _rotar                                                0     0      0      30
                               _port
 ---------------------------------------------------------------------------------
 (3) _port                                                 1     1      0      30
                                              0 COMRAM     1     1      0
 ---------------------------------------------------------------------------------
 (1) _flag_timer_0                                         2     0      2     130
                                              2 COMRAM     2     0      2
                        _timer_0_set
                       _timer_0_star
 ---------------------------------------------------------------------------------
 (1) _timer_0_star                                         0     0      0       0
 ---------------------------------------------------------------------------------
 (1) _timer_0_set                                          2     1      1     130
                                              0 COMRAM     2     1      1
 ---------------------------------------------------------------------------------
 Estimated maximum stack depth 3
 ---------------------------------------------------------------------------------

 Call Graph Graphs:

 _main (ROOT)
   _flag_timer_0
     _timer_0_set
     _timer_0_star
   _sel_ope
     _rotar
       _port
     _rotar_derecha
       _port
     _rotar_derecha_0
       _port
     _rotar_izquierda
       _port
     _rotar_izquierda_0
       _port
   _set_leds
   _timer_0_conf
   _timer_0_set
   _timer_0_star

 Address spaces:
Name               Size   Autos  Total    Cost      Usage
BIGRAM             F5F      0       0      37        0.0%
EEDATA             400      0       0       0        0.0%
BITBANK14          100      0       0      33        0.0%
BANK14             100      0       0      34        0.0%
BITBANK13          100      0       0      30        0.0%
BANK13             100      0       0      31        0.0%
BITBANK12          100      0       0      28        0.0%
BANK12             100      0       0      29        0.0%
BITBANK11          100      0       0      26        0.0%
BANK11             100      0       0      27        0.0%
BITBANK10          100      0       0      24        0.0%
BANK10             100      0       0      25        0.0%
BITBANK9           100      0       0      22        0.0%
BANK9              100      0       0      23        0.0%
BITBANK8           100      0       0      20        0.0%
BANK8              100      0       0      21        0.0%
BITBANK7           100      0       0      18        0.0%
BANK7              100      0       0      19        0.0%
BITBANK6           100      0       0      16        0.0%
BANK6              100      0       0      17        0.0%
BITBANK5           100      0       0      14        0.0%
BANK5              100      0       0      15        0.0%
BITBANK4           100      0       0      12        0.0%
BANK4              100      0       0      13        0.0%
BITBANK3           100      0       0      10        0.0%
BANK3              100      0       0      11        0.0%
BITBANK2           100      0       0       8        0.0%
BANK2              100      0       0       9        0.0%
BITBANK1           100      0       0       6        0.0%
BANK1              100      0       0       7        0.0%
BITBANK0            A0      0       0       4        0.0%
BANK0               A0      0       0       5        0.0%
BITBANK15           60      0       0      35        0.0%
BANK15              60      0       0      36        0.0%
BITCOMRAM           5F      0       0       0        0.0%
COMRAM              5F      A       E       1       14.7%
BITSFR               0      0       0      40        0.0%
SFR                  0      0       0      40        0.0%
STACK                0      0       0       2        0.0%
NULL                 0      0       0       0        0.0%
ABS                  0      0       E      32        0.0%
DATA                 0      0       E       3        0.0%
CODE                 0      0       0       0        0.0%


Microchip Technology PIC18 Macro Assembler V1.35 build -356382666 
Symbol Table                                                                                   Thu Nov 17 21:25:36 2016

                         _a 000E                           _d 000B                          l61 FFCE  
              __CFG_CP0$OFF 000000                __CFG_CP1$OFF 000000                __CFG_CP2$OFF 000000  
              __CFG_CP3$OFF 000000                         l721 FEC0                         l737 FE6A  
                       l745 FE4E                         l729 FE86                         l755 FF38  
                       l851 FF68                         l843 FF50                         l845 FF56  
                       l847 FF5C                         l855 FF6E                         l873 FF08  
                       l849 FF62                         l881 FFB6                         l891 FFEA  
                       l887 FFD4                __CFG_CPB$OFF 000000                __CFG_CPD$OFF 000000  
             _rotar_derecha FE56                         _ope 000D                __CFG_BORV$18 000000  
              __CFG_LVP$OFF 000000                        _LATB 000F8A                        _LATD 000F8C  
              __CFG_PWRT$ON 000000                        _main FFA0                        _port FE24  
                      start 0000               __CFG_IESO$OFF 000000               __CFG_MCLRE$ON 000000  
              ___param_bank 000010                       ?_main 0006                       ?_port 0001  
                     _ANSEL 000F7E              ?_rotar_derecha 0001                       _TMR0H 000FD7  
                     _TMR0L 000FD6                       _PORTB 000F81                       _PORTD 000F83  
                     _TRISA 000F92                       _TRISB 000F93                       _TRISD 000F95  
             __CFG_WRT0$OFF 000000               __CFG_WRT1$OFF 000000               __CFG_WRT2$OFF 000000  
             __CFG_WRT3$OFF 000000              __CFG_EBTR0$OFF 000000              __CFG_FCMEN$OFF 000000  
            __CFG_EBTR1$OFF 000000              __CFG_EBTR2$OFF 000000              __CFG_EBTR3$OFF 000000  
             __CFG_WRTB$OFF 000000               __CFG_WRTC$OFF 000000               __CFG_WRTD$OFF 000000  
           _rotar_derecha_0 FEAA              __CFG_EBTRB$OFF 000000                       _rotar FF12  
           __end_of_sel_ope FFA0              __CFG_BOREN$OFF 000000                       tablat 000FF5  
                     port@c 0001                       status 000FD8             __initialization FEC8  
              __end_of_main 0000                __end_of_port FE3C                      ??_main 000B  
                    ??_port 0001               __activetblptr 000002        __end_of_flag_timer_0 FF12  
                    ?_rotar 0001             _rotar_izquierda FE3C              __CFG_WDTEN$OFF 000000  
            __CFG_XINST$OFF 000000             ??_rotar_derecha 0002     __end_of_rotar_derecha_0 FEC8  
              ?_timer_0_set 0001                __pdataCOMRAM 000E            __end_of_set_leds FEAA  
                 ??_sel_ope 0004                      tblptrh 000FF7                      tblptrl 000FF6  
                    tblptru 000FF8             __CFG_HFOFST$OFF 000000             __CFG_FOSC$HSPLL 000000  
                __accesstop 0060     __end_of__initialization FEE0             __CFG_PBADEN$OFF 000000  
             ___rparam_used 000001              __pcstackCOMRAM 0001               __end_of_rotar FF4E  
   __end_of_rotar_izquierda FE56                     ??_rotar 0002            ?_rotar_derecha_0 0001  
     __size_of_flag_timer_0 0028                     __Hparam 0000                     __Lparam 0000  
                 ?_set_leds 0001                _flag_timer_0 FEEA             __CFG_STVREN$OFF 000000  
                   __pcinit FEC8                     __ramtop 1000                     __ptext0 FFA0  
                   __ptext1 FE14                     __ptext2 FE8E                     __ptext3 FF4E  
                   __ptext4 FE72                     __ptext5 FE3C                     __ptext6 FEAA  
                   __ptext7 FE56                     __ptext8 FF12                     __ptext9 FE24  
                 _T0CONbits 000FD5        __size_of_timer_0_set 000C            ?_rotar_izquierda 0001  
                   _sel_ope FF4E               ?_timer_0_conf 0001               ?_timer_0_star 0001  
      end_of_initialization FEE0               __Lmediumconst 0000                  ??_set_leds 0001  
                 _PORTAbits 000F80              ??_timer_0_conf 0001              ??_timer_0_star 0001  
             __pidataCOMRAM FE03       __end_of_rotar_derecha FE72         start_initialization FEC8  
           timer_0_set@high 0001            __CFG_LPT1OSC$OFF 000000                 __pbssCOMRAM 000B  
         __CFG_CCP2MX$PORTC 000000        __end_of_timer_0_conf FE24        __end_of_timer_0_star FE08  
         __size_of_set_leds 001C                  sel_ope@ope 0002                    ?_sel_ope 0002  
  __size_of_rotar_derecha_0 001E              __size_of_rotar 003C           _rotar_izquierda_0 FE72  
        ?_rotar_izquierda_0 0001            __CFG_WDTPS$32768 000000         ??_rotar_izquierda_0 0002  
             ??_timer_0_set 0002   __end_of_rotar_izquierda_0 FE8E    __size_of_rotar_izquierda 001A  
                  __Hrparam 0000                    __Lrparam 0000              timer_0_set@low 0002  
          __size_of_sel_ope 0052         __end_of_timer_0_set FE14                    __ptext10 FEEA  
                  __ptext11 FE04                    __ptext12 FE08               __size_of_main 0060  
             __size_of_port 0018       __size_of_timer_0_conf 0010           ??_rotar_derecha_0 0002  
     __size_of_timer_0_star 0004                    _set_leds FE8E                    main@argc 0006  
                  main@argv 0008                  _INTCONbits 000FF2  __size_of_rotar_izquierda_0 001C  
              _timer_0_conf FE14                _timer_0_star FE04      __size_of_rotar_derecha 001C  
         ??_rotar_izquierda 0002               ?_flag_timer_0 0003                 _timer_0_set FE08  
            ??_flag_timer_0 0005  
